[0.013s] Invoking command in '/home/ely/duo_ros_ws/build/rm_vision_bringup': CMAKE_PREFIX_PATH=/home/ely/duo_ros_ws/install/rm_serial_driver:/home/ely/duo_ros_ws/install/auto_aim_interfaces:/home/ely/duo_ros_ws/install/rm_vision_bringup:/home/ely/duo_ros_ws/install/rm_gimbal_description:/home/ely/duo_ros_ws/install/hik_camera:/home/ely/duo_ros_ws/install/armor_tracker:/home/ely/duo_ros_ws/install/armor_executor:/home/ely/duo_ros_ws/install/armor_detector:/opt/ros/jazzy/opt/gz_math_vendor:/opt/ros/jazzy/opt/gz_utils_vendor:/opt/ros/jazzy/opt/gz_cmake_vendor:/opt/ros/jazzy DEBUGINFOD_URLS=https://debuginfod.ubuntu.com LD_LIBRARY_PATH=/home/ely/duo_ros_ws/install/rm_serial_driver/lib:/home/ely/duo_ros_ws/install/auto_aim_interfaces/lib:/home/ely/duo_ros_ws/install/hik_camera/lib:/home/ely/duo_ros_ws/install/armor_tracker/lib:/home/ely/duo_ros_ws/install/armor_executor/lib:/home/ely/duo_ros_ws/install/armor_detector/lib:/opt/MVS/lib/64:/opt/MVS/lib/32:/opt/ros/jazzy/opt/rviz_ogre_vendor/lib:/opt/ros/jazzy/lib/x86_64-linux-gnu:/opt/ros/jazzy/opt/gz_math_vendor/lib:/opt/ros/jazzy/opt/gz_utils_vendor/lib:/opt/ros/jazzy/opt/gz_cmake_vendor/lib:/opt/ros/jazzy/lib /usr/bin/cmake --build /home/ely/duo_ros_ws/build/rm_vision_bringup -- -j12 -l12
[0.067s] Invoked command in '/home/ely/duo_ros_ws/build/rm_vision_bringup' returned '0': CMAKE_PREFIX_PATH=/home/ely/duo_ros_ws/install/rm_serial_driver:/home/ely/duo_ros_ws/install/auto_aim_interfaces:/home/ely/duo_ros_ws/install/rm_vision_bringup:/home/ely/duo_ros_ws/install/rm_gimbal_description:/home/ely/duo_ros_ws/install/hik_camera:/home/ely/duo_ros_ws/install/armor_tracker:/home/ely/duo_ros_ws/install/armor_executor:/home/ely/duo_ros_ws/install/armor_detector:/opt/ros/jazzy/opt/gz_math_vendor:/opt/ros/jazzy/opt/gz_utils_vendor:/opt/ros/jazzy/opt/gz_cmake_vendor:/opt/ros/jazzy DEBUGINFOD_URLS=https://debuginfod.ubuntu.com LD_LIBRARY_PATH=/home/ely/duo_ros_ws/install/rm_serial_driver/lib:/home/ely/duo_ros_ws/install/auto_aim_interfaces/lib:/home/ely/duo_ros_ws/install/hik_camera/lib:/home/ely/duo_ros_ws/install/armor_tracker/lib:/home/ely/duo_ros_ws/install/armor_executor/lib:/home/ely/duo_ros_ws/install/armor_detector/lib:/opt/MVS/lib/64:/opt/MVS/lib/32:/opt/ros/jazzy/opt/rviz_ogre_vendor/lib:/opt/ros/jazzy/lib/x86_64-linux-gnu:/opt/ros/jazzy/opt/gz_math_vendor/lib:/opt/ros/jazzy/opt/gz_utils_vendor/lib:/opt/ros/jazzy/opt/gz_cmake_vendor/lib:/opt/ros/jazzy/lib /usr/bin/cmake --build /home/ely/duo_ros_ws/build/rm_vision_bringup -- -j12 -l12
[0.069s] Invoking command in '/home/ely/duo_ros_ws/build/rm_vision_bringup': CMAKE_PREFIX_PATH=/home/ely/duo_ros_ws/install/rm_serial_driver:/home/ely/duo_ros_ws/install/auto_aim_interfaces:/home/ely/duo_ros_ws/install/rm_vision_bringup:/home/ely/duo_ros_ws/install/rm_gimbal_description:/home/ely/duo_ros_ws/install/hik_camera:/home/ely/duo_ros_ws/install/armor_tracker:/home/ely/duo_ros_ws/install/armor_executor:/home/ely/duo_ros_ws/install/armor_detector:/opt/ros/jazzy/opt/gz_math_vendor:/opt/ros/jazzy/opt/gz_utils_vendor:/opt/ros/jazzy/opt/gz_cmake_vendor:/opt/ros/jazzy DEBUGINFOD_URLS=https://debuginfod.ubuntu.com LD_LIBRARY_PATH=/home/ely/duo_ros_ws/install/rm_serial_driver/lib:/home/ely/duo_ros_ws/install/auto_aim_interfaces/lib:/home/ely/duo_ros_ws/install/hik_camera/lib:/home/ely/duo_ros_ws/install/armor_tracker/lib:/home/ely/duo_ros_ws/install/armor_executor/lib:/home/ely/duo_ros_ws/install/armor_detector/lib:/opt/MVS/lib/64:/opt/MVS/lib/32:/opt/ros/jazzy/opt/rviz_ogre_vendor/lib:/opt/ros/jazzy/lib/x86_64-linux-gnu:/opt/ros/jazzy/opt/gz_math_vendor/lib:/opt/ros/jazzy/opt/gz_utils_vendor/lib:/opt/ros/jazzy/opt/gz_cmake_vendor/lib:/opt/ros/jazzy/lib /usr/bin/cmake --install /home/ely/duo_ros_ws/build/rm_vision_bringup
[0.078s] -- Install configuration: "RelWithDebInfo"
[0.078s] -- Execute custom install script
[0.079s] -- Up-to-date symlink: /home/ely/duo_ros_ws/install/rm_vision_bringup/share/rm_vision_bringup/launch/common.py
[0.079s] -- Up-to-date symlink: /home/ely/duo_ros_ws/install/rm_vision_bringup/share/rm_vision_bringup/launch/no_hardware.launch.py
[0.079s] -- Up-to-date symlink: /home/ely/duo_ros_ws/install/rm_vision_bringup/share/rm_vision_bringup/launch/vision_bringup.launch.py
[0.079s] -- Up-to-date symlink: /home/ely/duo_ros_ws/install/rm_vision_bringup/share/rm_vision_bringup/config/camera_info.yaml
[0.079s] -- Up-to-date symlink: /home/ely/duo_ros_ws/install/rm_vision_bringup/share/rm_vision_bringup/config/launch_params.yaml
[0.080s] -- Up-to-date symlink: /home/ely/duo_ros_ws/install/rm_vision_bringup/share/rm_vision_bringup/config/node_params.yaml
[0.080s] -- Up-to-date symlink: /home/ely/duo_ros_ws/install/rm_vision_bringup/share/ament_index/resource_index/package_run_dependencies/rm_vision_bringup
[0.080s] -- Up-to-date symlink: /home/ely/duo_ros_ws/install/rm_vision_bringup/share/ament_index/resource_index/parent_prefix_path/rm_vision_bringup
[0.081s] -- Up-to-date symlink: /home/ely/duo_ros_ws/install/rm_vision_bringup/share/rm_vision_bringup/environment/ament_prefix_path.sh
[0.081s] -- Up-to-date symlink: /home/ely/duo_ros_ws/install/rm_vision_bringup/share/rm_vision_bringup/environment/ament_prefix_path.dsv
[0.082s] -- Up-to-date symlink: /home/ely/duo_ros_ws/install/rm_vision_bringup/share/rm_vision_bringup/environment/path.sh
[0.082s] -- Up-to-date symlink: /home/ely/duo_ros_ws/install/rm_vision_bringup/share/rm_vision_bringup/environment/path.dsv
[0.082s] -- Up-to-date symlink: /home/ely/duo_ros_ws/install/rm_vision_bringup/share/rm_vision_bringup/local_setup.bash
[0.082s] -- Up-to-date symlink: /home/ely/duo_ros_ws/install/rm_vision_bringup/share/rm_vision_bringup/local_setup.sh
[0.082s] -- Up-to-date symlink: /home/ely/duo_ros_ws/install/rm_vision_bringup/share/rm_vision_bringup/local_setup.zsh
[0.082s] -- Up-to-date symlink: /home/ely/duo_ros_ws/install/rm_vision_bringup/share/rm_vision_bringup/local_setup.dsv
[0.082s] -- Symlinking: /home/ely/duo_ros_ws/install/rm_vision_bringup/share/rm_vision_bringup/package.dsv
[0.093s] -- Up-to-date symlink: /home/ely/duo_ros_ws/install/rm_vision_bringup/share/ament_index/resource_index/packages/rm_vision_bringup
[0.093s] -- Up-to-date symlink: /home/ely/duo_ros_ws/install/rm_vision_bringup/share/rm_vision_bringup/cmake/rm_vision_bringupConfig.cmake
[0.093s] -- Up-to-date symlink: /home/ely/duo_ros_ws/install/rm_vision_bringup/share/rm_vision_bringup/cmake/rm_vision_bringupConfig-version.cmake
[0.093s] -- Up-to-date symlink: /home/ely/duo_ros_ws/install/rm_vision_bringup/share/rm_vision_bringup/package.xml
[0.100s] Invoked command in '/home/ely/duo_ros_ws/build/rm_vision_bringup' returned '0': CMAKE_PREFIX_PATH=/home/ely/duo_ros_ws/install/rm_serial_driver:/home/ely/duo_ros_ws/install/auto_aim_interfaces:/home/ely/duo_ros_ws/install/rm_vision_bringup:/home/ely/duo_ros_ws/install/rm_gimbal_description:/home/ely/duo_ros_ws/install/hik_camera:/home/ely/duo_ros_ws/install/armor_tracker:/home/ely/duo_ros_ws/install/armor_executor:/home/ely/duo_ros_ws/install/armor_detector:/opt/ros/jazzy/opt/gz_math_vendor:/opt/ros/jazzy/opt/gz_utils_vendor:/opt/ros/jazzy/opt/gz_cmake_vendor:/opt/ros/jazzy DEBUGINFOD_URLS=https://debuginfod.ubuntu.com LD_LIBRARY_PATH=/home/ely/duo_ros_ws/install/rm_serial_driver/lib:/home/ely/duo_ros_ws/install/auto_aim_interfaces/lib:/home/ely/duo_ros_ws/install/hik_camera/lib:/home/ely/duo_ros_ws/install/armor_tracker/lib:/home/ely/duo_ros_ws/install/armor_executor/lib:/home/ely/duo_ros_ws/install/armor_detector/lib:/opt/MVS/lib/64:/opt/MVS/lib/32:/opt/ros/jazzy/opt/rviz_ogre_vendor/lib:/opt/ros/jazzy/lib/x86_64-linux-gnu:/opt/ros/jazzy/opt/gz_math_vendor/lib:/opt/ros/jazzy/opt/gz_utils_vendor/lib:/opt/ros/jazzy/opt/gz_cmake_vendor/lib:/opt/ros/jazzy/lib /usr/bin/cmake --install /home/ely/duo_ros_ws/build/rm_vision_bringup
