[0.035s] Invoking command in '/home/ely/duo_ros_ws/build/rm_serial_driver': CMAKE_PREFIX_PATH=/home/ely/duo_ros_ws/install/auto_aim_interfaces:/home/ely/duo_ros_ws/install/rm_vision_bringup:/home/ely/duo_ros_ws/install/rm_serial_driver:/home/ely/duo_ros_ws/install/rm_gimbal_description:/home/ely/duo_ros_ws/install/hik_camera:/home/ely/duo_ros_ws/install/armor_tracker:/home/ely/duo_ros_ws/install/armor_executor:/home/ely/duo_ros_ws/install/armor_detector:/opt/ros/jazzy/opt/gz_math_vendor:/opt/ros/jazzy/opt/gz_utils_vendor:/opt/ros/jazzy/opt/gz_cmake_vendor:/opt/ros/jazzy DEBUGINFOD_URLS=https://debuginfod.ubuntu.com LD_LIBRARY_PATH=/home/ely/duo_ros_ws/install/auto_aim_interfaces/lib:/home/ely/duo_ros_ws/install/rm_serial_driver/lib:/home/ely/duo_ros_ws/install/hik_camera/lib:/home/ely/duo_ros_ws/install/armor_tracker/lib:/home/ely/duo_ros_ws/install/armor_executor/lib:/home/ely/duo_ros_ws/install/armor_detector/lib:/opt/MVS/lib/64:/opt/MVS/lib/32:/opt/ros/jazzy/opt/rviz_ogre_vendor/lib:/opt/ros/jazzy/lib/x86_64-linux-gnu:/opt/ros/jazzy/opt/gz_math_vendor/lib:/opt/ros/jazzy/opt/gz_utils_vendor/lib:/opt/ros/jazzy/opt/gz_cmake_vendor/lib:/opt/ros/jazzy/lib /usr/bin/cmake --build /home/ely/duo_ros_ws/build/rm_serial_driver -- -j12 -l12
[0.196s] [ 40%] Built target rm_serial_driver_node
[0.214s] [ 60%] [32mBuilding CXX object CMakeFiles/rm_serial_driver.dir/src/rm_serial_driver.cpp.o[0m
[34.875s] [ 80%] [32m[1mLinking CXX shared library librm_serial_driver.so[0m
[35.352s] [100%] Built target rm_serial_driver
[35.366s] Invoked command in '/home/ely/duo_ros_ws/build/rm_serial_driver' returned '0': CMAKE_PREFIX_PATH=/home/ely/duo_ros_ws/install/auto_aim_interfaces:/home/ely/duo_ros_ws/install/rm_vision_bringup:/home/ely/duo_ros_ws/install/rm_serial_driver:/home/ely/duo_ros_ws/install/rm_gimbal_description:/home/ely/duo_ros_ws/install/hik_camera:/home/ely/duo_ros_ws/install/armor_tracker:/home/ely/duo_ros_ws/install/armor_executor:/home/ely/duo_ros_ws/install/armor_detector:/opt/ros/jazzy/opt/gz_math_vendor:/opt/ros/jazzy/opt/gz_utils_vendor:/opt/ros/jazzy/opt/gz_cmake_vendor:/opt/ros/jazzy DEBUGINFOD_URLS=https://debuginfod.ubuntu.com LD_LIBRARY_PATH=/home/ely/duo_ros_ws/install/auto_aim_interfaces/lib:/home/ely/duo_ros_ws/install/rm_serial_driver/lib:/home/ely/duo_ros_ws/install/hik_camera/lib:/home/ely/duo_ros_ws/install/armor_tracker/lib:/home/ely/duo_ros_ws/install/armor_executor/lib:/home/ely/duo_ros_ws/install/armor_detector/lib:/opt/MVS/lib/64:/opt/MVS/lib/32:/opt/ros/jazzy/opt/rviz_ogre_vendor/lib:/opt/ros/jazzy/lib/x86_64-linux-gnu:/opt/ros/jazzy/opt/gz_math_vendor/lib:/opt/ros/jazzy/opt/gz_utils_vendor/lib:/opt/ros/jazzy/opt/gz_cmake_vendor/lib:/opt/ros/jazzy/lib /usr/bin/cmake --build /home/ely/duo_ros_ws/build/rm_serial_driver -- -j12 -l12
[35.368s] Invoking command in '/home/ely/duo_ros_ws/build/rm_serial_driver': CMAKE_PREFIX_PATH=/home/ely/duo_ros_ws/install/auto_aim_interfaces:/home/ely/duo_ros_ws/install/rm_vision_bringup:/home/ely/duo_ros_ws/install/rm_serial_driver:/home/ely/duo_ros_ws/install/rm_gimbal_description:/home/ely/duo_ros_ws/install/hik_camera:/home/ely/duo_ros_ws/install/armor_tracker:/home/ely/duo_ros_ws/install/armor_executor:/home/ely/duo_ros_ws/install/armor_detector:/opt/ros/jazzy/opt/gz_math_vendor:/opt/ros/jazzy/opt/gz_utils_vendor:/opt/ros/jazzy/opt/gz_cmake_vendor:/opt/ros/jazzy DEBUGINFOD_URLS=https://debuginfod.ubuntu.com LD_LIBRARY_PATH=/home/ely/duo_ros_ws/install/auto_aim_interfaces/lib:/home/ely/duo_ros_ws/install/rm_serial_driver/lib:/home/ely/duo_ros_ws/install/hik_camera/lib:/home/ely/duo_ros_ws/install/armor_tracker/lib:/home/ely/duo_ros_ws/install/armor_executor/lib:/home/ely/duo_ros_ws/install/armor_detector/lib:/opt/MVS/lib/64:/opt/MVS/lib/32:/opt/ros/jazzy/opt/rviz_ogre_vendor/lib:/opt/ros/jazzy/lib/x86_64-linux-gnu:/opt/ros/jazzy/opt/gz_math_vendor/lib:/opt/ros/jazzy/opt/gz_utils_vendor/lib:/opt/ros/jazzy/opt/gz_cmake_vendor/lib:/opt/ros/jazzy/lib /usr/bin/cmake --install /home/ely/duo_ros_ws/build/rm_serial_driver
[35.381s] -- Install configuration: "RelWithDebInfo"
[35.382s] -- Execute custom install script
[35.383s] -- Up-to-date symlink: /home/ely/duo_ros_ws/install/rm_serial_driver/lib/rm_serial_driver/rm_serial_driver_node
[35.383s] -- Up-to-date symlink: /home/ely/duo_ros_ws/install/rm_serial_driver/include/rm_serial_driver/.vscode/c_cpp_properties.json
[35.384s] -- Up-to-date symlink: /home/ely/duo_ros_ws/install/rm_serial_driver/include/rm_serial_driver/.vscode/settings.json
[35.384s] -- Up-to-date symlink: /home/ely/duo_ros_ws/install/rm_serial_driver/include/rm_serial_driver/crc.hpp
[35.384s] -- Up-to-date symlink: /home/ely/duo_ros_ws/install/rm_serial_driver/include/rm_serial_driver/packet.hpp
[35.385s] -- Up-to-date symlink: /home/ely/duo_ros_ws/install/rm_serial_driver/include/rm_serial_driver/rm_serial_driver.hpp
[35.385s] -- Up-to-date symlink: /home/ely/duo_ros_ws/install/rm_serial_driver/share/rm_serial_driver/environment/library_path.sh
[35.386s] -- Up-to-date symlink: /home/ely/duo_ros_ws/install/rm_serial_driver/share/rm_serial_driver/environment/library_path.dsv
[35.386s] -- Up-to-date symlink: /home/ely/duo_ros_ws/install/rm_serial_driver/lib/librm_serial_driver.so
[35.386s] -- Up-to-date symlink: /home/ely/duo_ros_ws/install/rm_serial_driver/share/rm_serial_driver/config/serial_driver.yaml
[35.386s] -- Up-to-date symlink: /home/ely/duo_ros_ws/install/rm_serial_driver/share/rm_serial_driver/launch/serial_driver.launch.py
[35.386s] -- Up-to-date symlink: /home/ely/duo_ros_ws/install/rm_serial_driver/share/ament_index/resource_index/package_run_dependencies/rm_serial_driver
[35.387s] -- Up-to-date symlink: /home/ely/duo_ros_ws/install/rm_serial_driver/share/ament_index/resource_index/parent_prefix_path/rm_serial_driver
[35.387s] -- Up-to-date symlink: /home/ely/duo_ros_ws/install/rm_serial_driver/share/rm_serial_driver/environment/ament_prefix_path.sh
[35.388s] -- Up-to-date symlink: /home/ely/duo_ros_ws/install/rm_serial_driver/share/rm_serial_driver/environment/ament_prefix_path.dsv
[35.389s] -- Up-to-date symlink: /home/ely/duo_ros_ws/install/rm_serial_driver/share/rm_serial_driver/environment/path.sh
[35.389s] -- Up-to-date symlink: /home/ely/duo_ros_ws/install/rm_serial_driver/share/rm_serial_driver/environment/path.dsv
[35.389s] -- Up-to-date symlink: /home/ely/duo_ros_ws/install/rm_serial_driver/share/rm_serial_driver/local_setup.bash
[35.390s] -- Up-to-date symlink: /home/ely/duo_ros_ws/install/rm_serial_driver/share/rm_serial_driver/local_setup.sh
[35.390s] -- Up-to-date symlink: /home/ely/duo_ros_ws/install/rm_serial_driver/share/rm_serial_driver/local_setup.zsh
[35.390s] -- Up-to-date symlink: /home/ely/duo_ros_ws/install/rm_serial_driver/share/rm_serial_driver/local_setup.dsv
[35.390s] -- Symlinking: /home/ely/duo_ros_ws/install/rm_serial_driver/share/rm_serial_driver/package.dsv
[35.403s] -- Up-to-date symlink: /home/ely/duo_ros_ws/install/rm_serial_driver/share/ament_index/resource_index/packages/rm_serial_driver
[35.403s] -- Up-to-date symlink: /home/ely/duo_ros_ws/install/rm_serial_driver/share/ament_index/resource_index/rclcpp_components/rm_serial_driver
[35.403s] -- Up-to-date symlink: /home/ely/duo_ros_ws/install/rm_serial_driver/share/rm_serial_driver/cmake/ament_cmake_export_dependencies-extras.cmake
[35.404s] -- Up-to-date symlink: /home/ely/duo_ros_ws/install/rm_serial_driver/share/rm_serial_driver/cmake/ament_cmake_export_include_directories-extras.cmake
[35.404s] -- Up-to-date symlink: /home/ely/duo_ros_ws/install/rm_serial_driver/share/rm_serial_driver/cmake/ament_cmake_export_libraries-extras.cmake
[35.404s] -- Up-to-date symlink: /home/ely/duo_ros_ws/install/rm_serial_driver/share/rm_serial_driver/cmake/rm_serial_driverConfig.cmake
[35.404s] -- Up-to-date symlink: /home/ely/duo_ros_ws/install/rm_serial_driver/share/rm_serial_driver/cmake/rm_serial_driverConfig-version.cmake
[35.405s] -- Up-to-date symlink: /home/ely/duo_ros_ws/install/rm_serial_driver/share/rm_serial_driver/package.xml
[35.408s] Invoked command in '/home/ely/duo_ros_ws/build/rm_serial_driver' returned '0': CMAKE_PREFIX_PATH=/home/ely/duo_ros_ws/install/auto_aim_interfaces:/home/ely/duo_ros_ws/install/rm_vision_bringup:/home/ely/duo_ros_ws/install/rm_serial_driver:/home/ely/duo_ros_ws/install/rm_gimbal_description:/home/ely/duo_ros_ws/install/hik_camera:/home/ely/duo_ros_ws/install/armor_tracker:/home/ely/duo_ros_ws/install/armor_executor:/home/ely/duo_ros_ws/install/armor_detector:/opt/ros/jazzy/opt/gz_math_vendor:/opt/ros/jazzy/opt/gz_utils_vendor:/opt/ros/jazzy/opt/gz_cmake_vendor:/opt/ros/jazzy DEBUGINFOD_URLS=https://debuginfod.ubuntu.com LD_LIBRARY_PATH=/home/ely/duo_ros_ws/install/auto_aim_interfaces/lib:/home/ely/duo_ros_ws/install/rm_serial_driver/lib:/home/ely/duo_ros_ws/install/hik_camera/lib:/home/ely/duo_ros_ws/install/armor_tracker/lib:/home/ely/duo_ros_ws/install/armor_executor/lib:/home/ely/duo_ros_ws/install/armor_detector/lib:/opt/MVS/lib/64:/opt/MVS/lib/32:/opt/ros/jazzy/opt/rviz_ogre_vendor/lib:/opt/ros/jazzy/lib/x86_64-linux-gnu:/opt/ros/jazzy/opt/gz_math_vendor/lib:/opt/ros/jazzy/opt/gz_utils_vendor/lib:/opt/ros/jazzy/opt/gz_cmake_vendor/lib:/opt/ros/jazzy/lib /usr/bin/cmake --install /home/ely/duo_ros_ws/build/rm_serial_driver
