[0.034s] Invoking command in '/home/ely/duo_ros_ws/build/armor_detector': CMAKE_PREFIX_PATH=/home/ely/duo_ros_ws/install/auto_aim_interfaces:/home/ely/duo_ros_ws/install/rm_vision_bringup:/home/ely/duo_ros_ws/install/rm_serial_driver:/home/ely/duo_ros_ws/install/rm_gimbal_description:/home/ely/duo_ros_ws/install/hik_camera:/home/ely/duo_ros_ws/install/armor_tracker:/home/ely/duo_ros_ws/install/armor_executor:/home/ely/duo_ros_ws/install/armor_detector:/opt/ros/jazzy/opt/gz_math_vendor:/opt/ros/jazzy/opt/gz_utils_vendor:/opt/ros/jazzy/opt/gz_cmake_vendor:/opt/ros/jazzy DEBUGINFOD_URLS=https://debuginfod.ubuntu.com LD_LIBRARY_PATH=/home/ely/duo_ros_ws/install/auto_aim_interfaces/lib:/home/ely/duo_ros_ws/install/rm_serial_driver/lib:/home/ely/duo_ros_ws/install/hik_camera/lib:/home/ely/duo_ros_ws/install/armor_tracker/lib:/home/ely/duo_ros_ws/install/armor_executor/lib:/home/ely/duo_ros_ws/install/armor_detector/lib:/opt/MVS/lib/64:/opt/MVS/lib/32:/opt/ros/jazzy/opt/rviz_ogre_vendor/lib:/opt/ros/jazzy/lib/x86_64-linux-gnu:/opt/ros/jazzy/opt/gz_math_vendor/lib:/opt/ros/jazzy/opt/gz_utils_vendor/lib:/opt/ros/jazzy/opt/gz_cmake_vendor/lib:/opt/ros/jazzy/lib /usr/bin/cmake --build /home/ely/duo_ros_ws/build/armor_detector -- -j12 -l12
[0.208s] [ 13%] Built target gtest
[0.219s] [ 26%] Built target armor_detector_node
[0.223s] [ 40%] Built target gtest_main
[0.238s] [ 73%] Built target armor_detector
[0.321s] [ 86%] Built target test_number_cls
[0.326s] [100%] Built target test_node_startup
[0.352s] Invoked command in '/home/ely/duo_ros_ws/build/armor_detector' returned '0': CMAKE_PREFIX_PATH=/home/ely/duo_ros_ws/install/auto_aim_interfaces:/home/ely/duo_ros_ws/install/rm_vision_bringup:/home/ely/duo_ros_ws/install/rm_serial_driver:/home/ely/duo_ros_ws/install/rm_gimbal_description:/home/ely/duo_ros_ws/install/hik_camera:/home/ely/duo_ros_ws/install/armor_tracker:/home/ely/duo_ros_ws/install/armor_executor:/home/ely/duo_ros_ws/install/armor_detector:/opt/ros/jazzy/opt/gz_math_vendor:/opt/ros/jazzy/opt/gz_utils_vendor:/opt/ros/jazzy/opt/gz_cmake_vendor:/opt/ros/jazzy DEBUGINFOD_URLS=https://debuginfod.ubuntu.com LD_LIBRARY_PATH=/home/ely/duo_ros_ws/install/auto_aim_interfaces/lib:/home/ely/duo_ros_ws/install/rm_serial_driver/lib:/home/ely/duo_ros_ws/install/hik_camera/lib:/home/ely/duo_ros_ws/install/armor_tracker/lib:/home/ely/duo_ros_ws/install/armor_executor/lib:/home/ely/duo_ros_ws/install/armor_detector/lib:/opt/MVS/lib/64:/opt/MVS/lib/32:/opt/ros/jazzy/opt/rviz_ogre_vendor/lib:/opt/ros/jazzy/lib/x86_64-linux-gnu:/opt/ros/jazzy/opt/gz_math_vendor/lib:/opt/ros/jazzy/opt/gz_utils_vendor/lib:/opt/ros/jazzy/opt/gz_cmake_vendor/lib:/opt/ros/jazzy/lib /usr/bin/cmake --build /home/ely/duo_ros_ws/build/armor_detector -- -j12 -l12
[0.355s] Invoking command in '/home/ely/duo_ros_ws/build/armor_detector': CMAKE_PREFIX_PATH=/home/ely/duo_ros_ws/install/auto_aim_interfaces:/home/ely/duo_ros_ws/install/rm_vision_bringup:/home/ely/duo_ros_ws/install/rm_serial_driver:/home/ely/duo_ros_ws/install/rm_gimbal_description:/home/ely/duo_ros_ws/install/hik_camera:/home/ely/duo_ros_ws/install/armor_tracker:/home/ely/duo_ros_ws/install/armor_executor:/home/ely/duo_ros_ws/install/armor_detector:/opt/ros/jazzy/opt/gz_math_vendor:/opt/ros/jazzy/opt/gz_utils_vendor:/opt/ros/jazzy/opt/gz_cmake_vendor:/opt/ros/jazzy DEBUGINFOD_URLS=https://debuginfod.ubuntu.com LD_LIBRARY_PATH=/home/ely/duo_ros_ws/install/auto_aim_interfaces/lib:/home/ely/duo_ros_ws/install/rm_serial_driver/lib:/home/ely/duo_ros_ws/install/hik_camera/lib:/home/ely/duo_ros_ws/install/armor_tracker/lib:/home/ely/duo_ros_ws/install/armor_executor/lib:/home/ely/duo_ros_ws/install/armor_detector/lib:/opt/MVS/lib/64:/opt/MVS/lib/32:/opt/ros/jazzy/opt/rviz_ogre_vendor/lib:/opt/ros/jazzy/lib/x86_64-linux-gnu:/opt/ros/jazzy/opt/gz_math_vendor/lib:/opt/ros/jazzy/opt/gz_utils_vendor/lib:/opt/ros/jazzy/opt/gz_cmake_vendor/lib:/opt/ros/jazzy/lib /usr/bin/cmake --install /home/ely/duo_ros_ws/build/armor_detector
[0.371s] -- Install configuration: "RelWithDebInfo"
[0.373s] -- Execute custom install script
[0.375s] -- Up-to-date symlink: /home/ely/duo_ros_ws/install/armor_detector/lib/armor_detector/armor_detector_node
[0.375s] -- Up-to-date symlink: /home/ely/duo_ros_ws/install/armor_detector/include/armor_detector/armor.hpp
[0.376s] -- Up-to-date symlink: /home/ely/duo_ros_ws/install/armor_detector/include/armor_detector/detector.hpp
[0.376s] -- Up-to-date symlink: /home/ely/duo_ros_ws/install/armor_detector/include/armor_detector/detector_node.hpp
[0.376s] -- Up-to-date symlink: /home/ely/duo_ros_ws/install/armor_detector/include/armor_detector/number_classifier.hpp
[0.376s] -- Up-to-date symlink: /home/ely/duo_ros_ws/install/armor_detector/include/armor_detector/pnp_solver.hpp
[0.376s] -- Up-to-date symlink: /home/ely/duo_ros_ws/install/armor_detector/share/armor_detector/environment/library_path.sh
[0.378s] -- Up-to-date symlink: /home/ely/duo_ros_ws/install/armor_detector/share/armor_detector/environment/library_path.dsv
[0.378s] -- Up-to-date symlink: /home/ely/duo_ros_ws/install/armor_detector/lib/libarmor_detector.so
[0.380s] -- Up-to-date symlink: /home/ely/duo_ros_ws/install/armor_detector/share/armor_detector/model/label.txt
[0.380s] -- Up-to-date symlink: /home/ely/duo_ros_ws/install/armor_detector/share/armor_detector/model/mlp.onnx
[0.381s] -- Up-to-date symlink: /home/ely/duo_ros_ws/install/armor_detector/share/ament_index/resource_index/package_run_dependencies/armor_detector
[0.381s] -- Up-to-date symlink: /home/ely/duo_ros_ws/install/armor_detector/share/ament_index/resource_index/parent_prefix_path/armor_detector
[0.382s] -- Up-to-date symlink: /home/ely/duo_ros_ws/install/armor_detector/share/armor_detector/environment/ament_prefix_path.sh
[0.382s] -- Up-to-date symlink: /home/ely/duo_ros_ws/install/armor_detector/share/armor_detector/environment/ament_prefix_path.dsv
[0.382s] -- Up-to-date symlink: /home/ely/duo_ros_ws/install/armor_detector/share/armor_detector/environment/path.sh
[0.384s] -- Up-to-date symlink: /home/ely/duo_ros_ws/install/armor_detector/share/armor_detector/environment/path.dsv
[0.384s] -- Up-to-date symlink: /home/ely/duo_ros_ws/install/armor_detector/share/armor_detector/local_setup.bash
[0.384s] -- Up-to-date symlink: /home/ely/duo_ros_ws/install/armor_detector/share/armor_detector/local_setup.sh
[0.384s] -- Up-to-date symlink: /home/ely/duo_ros_ws/install/armor_detector/share/armor_detector/local_setup.zsh
[0.385s] -- Up-to-date symlink: /home/ely/duo_ros_ws/install/armor_detector/share/armor_detector/local_setup.dsv
[0.385s] -- Symlinking: /home/ely/duo_ros_ws/install/armor_detector/share/armor_detector/package.dsv
[0.404s] -- Up-to-date symlink: /home/ely/duo_ros_ws/install/armor_detector/share/ament_index/resource_index/packages/armor_detector
[0.404s] -- Up-to-date symlink: /home/ely/duo_ros_ws/install/armor_detector/share/ament_index/resource_index/rclcpp_components/armor_detector
[0.404s] -- Up-to-date symlink: /home/ely/duo_ros_ws/install/armor_detector/share/armor_detector/cmake/ament_cmake_export_dependencies-extras.cmake
[0.404s] -- Up-to-date symlink: /home/ely/duo_ros_ws/install/armor_detector/share/armor_detector/cmake/ament_cmake_export_include_directories-extras.cmake
[0.404s] -- Up-to-date symlink: /home/ely/duo_ros_ws/install/armor_detector/share/armor_detector/cmake/ament_cmake_export_libraries-extras.cmake
[0.405s] -- Up-to-date symlink: /home/ely/duo_ros_ws/install/armor_detector/share/armor_detector/cmake/armor_detectorConfig.cmake
[0.405s] -- Up-to-date symlink: /home/ely/duo_ros_ws/install/armor_detector/share/armor_detector/cmake/armor_detectorConfig-version.cmake
[0.405s] -- Up-to-date symlink: /home/ely/duo_ros_ws/install/armor_detector/share/armor_detector/package.xml
[0.411s] Invoked command in '/home/ely/duo_ros_ws/build/armor_detector' returned '0': CMAKE_PREFIX_PATH=/home/ely/duo_ros_ws/install/auto_aim_interfaces:/home/ely/duo_ros_ws/install/rm_vision_bringup:/home/ely/duo_ros_ws/install/rm_serial_driver:/home/ely/duo_ros_ws/install/rm_gimbal_description:/home/ely/duo_ros_ws/install/hik_camera:/home/ely/duo_ros_ws/install/armor_tracker:/home/ely/duo_ros_ws/install/armor_executor:/home/ely/duo_ros_ws/install/armor_detector:/opt/ros/jazzy/opt/gz_math_vendor:/opt/ros/jazzy/opt/gz_utils_vendor:/opt/ros/jazzy/opt/gz_cmake_vendor:/opt/ros/jazzy DEBUGINFOD_URLS=https://debuginfod.ubuntu.com LD_LIBRARY_PATH=/home/ely/duo_ros_ws/install/auto_aim_interfaces/lib:/home/ely/duo_ros_ws/install/rm_serial_driver/lib:/home/ely/duo_ros_ws/install/hik_camera/lib:/home/ely/duo_ros_ws/install/armor_tracker/lib:/home/ely/duo_ros_ws/install/armor_executor/lib:/home/ely/duo_ros_ws/install/armor_detector/lib:/opt/MVS/lib/64:/opt/MVS/lib/32:/opt/ros/jazzy/opt/rviz_ogre_vendor/lib:/opt/ros/jazzy/lib/x86_64-linux-gnu:/opt/ros/jazzy/opt/gz_math_vendor/lib:/opt/ros/jazzy/opt/gz_utils_vendor/lib:/opt/ros/jazzy/opt/gz_cmake_vendor/lib:/opt/ros/jazzy/lib /usr/bin/cmake --install /home/ely/duo_ros_ws/build/armor_detector
