-- The C compiler identification is GNU 13.3.0
-- The CXX compiler identification is GNU 13.3.0
-- Detecting C compiler ABI info
-- Detecting C compiler ABI info - done
-- Check for working C compiler: /usr/bin/cc - skipped
-- Detecting C compile features
-- Detecting C compile features - done
-- Detecting CXX compiler ABI info
-- Detecting CXX compiler ABI info - done
-- Check for working CXX compiler: /usr/bin/c++ - skipped
-- Detecting CXX compile features
-- Detecting CXX compile features - done
-- Found ament_cmake_auto: 2.5.3 (/opt/ros/jazzy/share/ament_cmake_auto/cmake)
-- Found Python3: /usr/bin/python3 (found version "3.12.3") found components: Interpreter 
-- Override CMake install command with custom implementation using symlinks instead of copying resources
-- Found rosidl_generator_c: 4.6.5 (/opt/ros/jazzy/share/rosidl_generator_c/cmake)
-- Found rosidl_generator_cpp: 4.6.5 (/opt/ros/jazzy/share/rosidl_generator_cpp/cmake)
-- Using all available rosidl_typesupport_c: rosidl_typesupport_fastrtps_c;rosidl_typesupport_introspection_c
-- Using all available rosidl_typesupport_cpp: rosidl_typesupport_fastrtps_cpp;rosidl_typesupport_introspection_cpp
-- Found rmw_implementation_cmake: 7.3.1 (/opt/ros/jazzy/share/rmw_implementation_cmake/cmake)
-- Found rmw_fastrtps_cpp: 8.4.1 (/opt/ros/jazzy/share/rmw_fastrtps_cpp/cmake)
-- Found OpenSSL: /usr/lib/x86_64-linux-gnu/libcrypto.so (found version "3.0.13")  
-- Found FastRTPS: /opt/ros/jazzy/include (Required is at least version "2.13") 
-- Using RMW implementation 'rmw_fastrtps_cpp' as default
-- Found eigen3_cmake_module: 0.3.0 (/opt/ros/jazzy/share/eigen3_cmake_module/cmake)
-- Found Eigen3: TRUE (found version "3.4.0") 
-- Ensuring Eigen3 include directory is part of orocos-kdl CMake target
-- Found ament_lint_auto: 0.17.1 (/opt/ros/jazzy/share/ament_lint_auto/cmake)
-- Added test 'cppcheck' to perform static code analysis on C / C++ code
-- Configured cppcheck include dirs: /home/ely/duo_ros_ws/src/rm_auto_aim/armor_executor/include
-- Configured cppcheck exclude dirs and/or files: 
-- Added test 'lint_cmake' to check CMake code style
-- Added test 'xmllint' to check XML markup files
-- Added test 'clang_format' to check C / C++ code style
-- Configuring done (1.6s)
-- Generating done (0.0s)
-- Build files have been written to: /home/ely/duo_ros_ws/build/armor_executor
[ 25%] [32mBuilding CXX object CMakeFiles/armor_executor_node.dir/rclcpp_components/node_main_armor_executor_node.cpp.o[0m
[ 50%] [32mBuilding CXX object CMakeFiles/armor_executor.dir/src/SolveTrajectory.cpp.o[0m
[ 75%] [32m[1mLinking CXX shared library libarmor_executor.so[0m
[ 75%] Built target armor_executor
[100%] [32m[1mLinking CXX executable armor_executor_node[0m
[100%] Built target armor_executor_node
-- Install configuration: "RelWithDebInfo"
-- Execute custom install script
-- Symlinking: /home/ely/duo_ros_ws/install/armor_executor/lib/armor_executor/armor_executor_node
-- Symlinking: /home/ely/duo_ros_ws/install/armor_executor/include/armor_executor/SolveTrajectory.hpp
-- Symlinking: /home/ely/duo_ros_ws/install/armor_executor/share/armor_executor/environment/library_path.sh
-- Symlinking: /home/ely/duo_ros_ws/install/armor_executor/share/armor_executor/environment/library_path.dsv
-- Symlinking: /home/ely/duo_ros_ws/install/armor_executor/lib/libarmor_executor.so
-- Symlinking: /home/ely/duo_ros_ws/install/armor_executor/share/ament_index/resource_index/package_run_dependencies/armor_executor
-- Symlinking: /home/ely/duo_ros_ws/install/armor_executor/share/ament_index/resource_index/parent_prefix_path/armor_executor
-- Symlinking: /home/ely/duo_ros_ws/install/armor_executor/share/armor_executor/environment/ament_prefix_path.sh
-- Symlinking: /home/ely/duo_ros_ws/install/armor_executor/share/armor_executor/environment/ament_prefix_path.dsv
-- Symlinking: /home/ely/duo_ros_ws/install/armor_executor/share/armor_executor/environment/path.sh
-- Symlinking: /home/ely/duo_ros_ws/install/armor_executor/share/armor_executor/environment/path.dsv
-- Symlinking: /home/ely/duo_ros_ws/install/armor_executor/share/armor_executor/local_setup.bash
-- Symlinking: /home/ely/duo_ros_ws/install/armor_executor/share/armor_executor/local_setup.sh
-- Symlinking: /home/ely/duo_ros_ws/install/armor_executor/share/armor_executor/local_setup.zsh
-- Symlinking: /home/ely/duo_ros_ws/install/armor_executor/share/armor_executor/local_setup.dsv
-- Symlinking: /home/ely/duo_ros_ws/install/armor_executor/share/armor_executor/package.dsv
-- Symlinking: /home/ely/duo_ros_ws/install/armor_executor/share/ament_index/resource_index/packages/armor_executor
-- Symlinking: /home/ely/duo_ros_ws/install/armor_executor/share/ament_index/resource_index/rclcpp_components/armor_executor
-- Symlinking: /home/ely/duo_ros_ws/install/armor_executor/share/armor_executor/cmake/ament_cmake_export_dependencies-extras.cmake
-- Symlinking: /home/ely/duo_ros_ws/install/armor_executor/share/armor_executor/cmake/ament_cmake_export_include_directories-extras.cmake
-- Symlinking: /home/ely/duo_ros_ws/install/armor_executor/share/armor_executor/cmake/ament_cmake_export_libraries-extras.cmake
-- Symlinking: /home/ely/duo_ros_ws/install/armor_executor/share/armor_executor/cmake/armor_executorConfig.cmake
-- Symlinking: /home/ely/duo_ros_ws/install/armor_executor/share/armor_executor/cmake/armor_executorConfig-version.cmake
-- Symlinking: /home/ely/duo_ros_ws/install/armor_executor/share/armor_executor/package.xml
