[0.030s] Invoking command in '/home/ely/duo_ros_ws/build/hik_camera': CMAKE_PREFIX_PATH=${CMAKE_PREFIX_PATH}:/opt/ros/jazzy DEBUGINFOD_URLS=https://debuginfod.ubuntu.com /usr/bin/cmake --build /home/ely/duo_ros_ws/build/hik_camera -- -j12 -l12
[0.151s] [ 50%] Built target hik_camera
[0.152s] [100%] Built target hik_camera_node
[0.216s] Invoked command in '/home/ely/duo_ros_ws/build/hik_camera' returned '0': CMAKE_PREFIX_PATH=${CMAKE_PREFIX_PATH}:/opt/ros/jazzy DEBUGINFOD_URLS=https://debuginfod.ubuntu.com /usr/bin/cmake --build /home/ely/duo_ros_ws/build/hik_camera -- -j12 -l12
[0.222s] Invoking command in '/home/ely/duo_ros_ws/build/hik_camera': CMAKE_PREFIX_PATH=${CMAKE_PREFIX_PATH}:/opt/ros/jazzy DEBUGINFOD_URLS=https://debuginfod.ubuntu.com /usr/bin/cmake --install /home/ely/duo_ros_ws/build/hik_camera
[0.244s] -- Install configuration: "RelWithDebInfo"
[0.244s] -- Execute custom install script
[0.245s] -- Up-to-date symlink: /home/ely/duo_ros_ws/install/hik_camera/lib/libFormatConversion.so
[0.245s] -- Up-to-date symlink: /home/ely/duo_ros_ws/install/hik_camera/lib/libMVRender.so
[0.245s] -- Up-to-date symlink: /home/ely/duo_ros_ws/install/hik_camera/lib/libMediaProcess.so
[0.245s] -- Up-to-date symlink: /home/ely/duo_ros_ws/install/hik_camera/lib/libMvCameraControl.so
[0.245s] -- Up-to-date symlink: /home/ely/duo_ros_ws/install/hik_camera/lib/libMvUsb3vTL.so
[0.245s] -- Up-to-date symlink: /home/ely/duo_ros_ws/install/hik_camera/lib/hik_camera/hik_camera_node
[0.246s] -- Up-to-date symlink: /home/ely/duo_ros_ws/install/hik_camera/share/hik_camera/environment/library_path.sh
[0.246s] -- Up-to-date symlink: /home/ely/duo_ros_ws/install/hik_camera/share/hik_camera/environment/library_path.dsv
[0.251s] -- Up-to-date symlink: /home/ely/duo_ros_ws/install/hik_camera/lib/libhik_camera.so
[0.252s] -- Up-to-date symlink: /home/ely/duo_ros_ws/install/hik_camera/share/hik_camera/config/camera_info.yaml
[0.252s] -- Up-to-date symlink: /home/ely/duo_ros_ws/install/hik_camera/share/hik_camera/config/camera_params.yaml
[0.253s] -- Up-to-date symlink: /home/ely/duo_ros_ws/install/hik_camera/share/hik_camera/launch/hik_camera.launch.py
[0.256s] -- Up-to-date symlink: /home/ely/duo_ros_ws/install/hik_camera/share/ament_index/resource_index/package_run_dependencies/hik_camera
[0.256s] -- Up-to-date symlink: /home/ely/duo_ros_ws/install/hik_camera/share/ament_index/resource_index/parent_prefix_path/hik_camera
[0.256s] -- Up-to-date symlink: /home/ely/duo_ros_ws/install/hik_camera/share/hik_camera/environment/ament_prefix_path.sh
[0.257s] -- Up-to-date symlink: /home/ely/duo_ros_ws/install/hik_camera/share/hik_camera/environment/ament_prefix_path.dsv
[0.257s] -- Up-to-date symlink: /home/ely/duo_ros_ws/install/hik_camera/share/hik_camera/environment/path.sh
[0.257s] -- Up-to-date symlink: /home/ely/duo_ros_ws/install/hik_camera/share/hik_camera/environment/path.dsv
[0.258s] -- Up-to-date symlink: /home/ely/duo_ros_ws/install/hik_camera/share/hik_camera/local_setup.bash
[0.258s] -- Up-to-date symlink: /home/ely/duo_ros_ws/install/hik_camera/share/hik_camera/local_setup.sh
[0.258s] -- Up-to-date symlink: /home/ely/duo_ros_ws/install/hik_camera/share/hik_camera/local_setup.zsh
[0.258s] -- Up-to-date symlink: /home/ely/duo_ros_ws/install/hik_camera/share/hik_camera/local_setup.dsv
[0.259s] -- Symlinking: /home/ely/duo_ros_ws/install/hik_camera/share/hik_camera/package.dsv
[0.288s] -- Up-to-date symlink: /home/ely/duo_ros_ws/install/hik_camera/share/ament_index/resource_index/packages/hik_camera
[0.288s] -- Up-to-date symlink: /home/ely/duo_ros_ws/install/hik_camera/share/ament_index/resource_index/rclcpp_components/hik_camera
[0.288s] -- Up-to-date symlink: /home/ely/duo_ros_ws/install/hik_camera/share/hik_camera/cmake/ament_cmake_export_dependencies-extras.cmake
[0.288s] -- Up-to-date symlink: /home/ely/duo_ros_ws/install/hik_camera/share/hik_camera/cmake/ament_cmake_export_libraries-extras.cmake
[0.288s] -- Up-to-date symlink: /home/ely/duo_ros_ws/install/hik_camera/share/hik_camera/cmake/hik_cameraConfig.cmake
[0.288s] -- Up-to-date symlink: /home/ely/duo_ros_ws/install/hik_camera/share/hik_camera/cmake/hik_cameraConfig-version.cmake
[0.289s] -- Up-to-date symlink: /home/ely/duo_ros_ws/install/hik_camera/share/hik_camera/package.xml
[0.292s] Invoked command in '/home/ely/duo_ros_ws/build/hik_camera' returned '0': CMAKE_PREFIX_PATH=${CMAKE_PREFIX_PATH}:/opt/ros/jazzy DEBUGINFOD_URLS=https://debuginfod.ubuntu.com /usr/bin/cmake --install /home/ely/duo_ros_ws/build/hik_camera
