[0.012s] Invoking command in '/home/ely/duo_ros_ws/build/rm_vision_bringup': CMAKE_PREFIX_PATH=/home/ely/duo_ros_ws/install/rm_serial_driver:/home/ely/duo_ros_ws/install/auto_aim_interfaces:/home/ely/duo_ros_ws/install/rm_vision_bringup:/home/ely/duo_ros_ws/install/rm_gimbal_description:/home/ely/duo_ros_ws/install/hik_camera:/home/ely/duo_ros_ws/install/armor_tracker:/home/ely/duo_ros_ws/install/armor_executor:/home/ely/duo_ros_ws/install/armor_detector:/opt/ros/jazzy/opt/gz_math_vendor:/opt/ros/jazzy/opt/gz_utils_vendor:/opt/ros/jazzy/opt/gz_cmake_vendor:/opt/ros/jazzy DEBUGINFOD_URLS=https://debuginfod.ubuntu.com LD_LIBRARY_PATH=/home/ely/duo_ros_ws/install/rm_serial_driver/lib:/home/ely/duo_ros_ws/install/auto_aim_interfaces/lib:/home/ely/duo_ros_ws/install/hik_camera/lib:/home/ely/duo_ros_ws/install/armor_tracker/lib:/home/ely/duo_ros_ws/install/armor_executor/lib:/home/ely/duo_ros_ws/install/armor_detector/lib:/opt/MVS/lib/64:/opt/MVS/lib/32:/opt/ros/jazzy/opt/rviz_ogre_vendor/lib:/opt/ros/jazzy/lib/x86_64-linux-gnu:/opt/ros/jazzy/opt/gz_math_vendor/lib:/opt/ros/jazzy/opt/gz_utils_vendor/lib:/opt/ros/jazzy/opt/gz_cmake_vendor/lib:/opt/ros/jazzy/lib /usr/bin/cmake /home/ely/duo_ros_ws/src/rm_vision/rm_vision_bringup -DCMAKE_BUILD_TYPE=RelWithDebInfo -DAMENT_CMAKE_SYMLINK_INSTALL=1 -DCMAKE_INSTALL_PREFIX=/home/ely/duo_ros_ws/install/rm_vision_bringup
[0.072s] -- The C compiler identification is GNU 13.3.0
[0.130s] -- The CXX compiler identification is GNU 13.3.0
[0.144s] -- Detecting C compiler ABI info
[0.235s] -- Detecting C compiler ABI info - done
[0.247s] -- Check for working C compiler: /usr/bin/cc - skipped
[0.248s] -- Detecting C compile features
[0.248s] -- Detecting C compile features - done
[0.258s] -- Detecting CXX compiler ABI info
[0.354s] -- Detecting CXX compiler ABI info - done
[0.365s] -- Check for working CXX compiler: /usr/bin/c++ - skipped
[0.366s] -- Detecting CXX compile features
[0.366s] -- Detecting CXX compile features - done
[0.369s] -- Found ament_cmake_auto: 2.5.3 (/opt/ros/jazzy/share/ament_cmake_auto/cmake)
[0.513s] -- Found Python3: /usr/bin/python3 (found version "3.12.3") found components: Interpreter 
[0.595s] -- Override CMake install command with custom implementation using symlinks instead of copying resources
[0.623s] -- Found ament_lint_auto: 0.17.1 (/opt/ros/jazzy/share/ament_lint_auto/cmake)
[0.727s] -- Configuring done (0.7s)
[0.730s] -- Generating done (0.0s)
[0.732s] -- Build files have been written to: /home/ely/duo_ros_ws/build/rm_vision_bringup
[0.736s] Invoked command in '/home/ely/duo_ros_ws/build/rm_vision_bringup' returned '0': CMAKE_PREFIX_PATH=/home/ely/duo_ros_ws/install/rm_serial_driver:/home/ely/duo_ros_ws/install/auto_aim_interfaces:/home/ely/duo_ros_ws/install/rm_vision_bringup:/home/ely/duo_ros_ws/install/rm_gimbal_description:/home/ely/duo_ros_ws/install/hik_camera:/home/ely/duo_ros_ws/install/armor_tracker:/home/ely/duo_ros_ws/install/armor_executor:/home/ely/duo_ros_ws/install/armor_detector:/opt/ros/jazzy/opt/gz_math_vendor:/opt/ros/jazzy/opt/gz_utils_vendor:/opt/ros/jazzy/opt/gz_cmake_vendor:/opt/ros/jazzy DEBUGINFOD_URLS=https://debuginfod.ubuntu.com LD_LIBRARY_PATH=/home/ely/duo_ros_ws/install/rm_serial_driver/lib:/home/ely/duo_ros_ws/install/auto_aim_interfaces/lib:/home/ely/duo_ros_ws/install/hik_camera/lib:/home/ely/duo_ros_ws/install/armor_tracker/lib:/home/ely/duo_ros_ws/install/armor_executor/lib:/home/ely/duo_ros_ws/install/armor_detector/lib:/opt/MVS/lib/64:/opt/MVS/lib/32:/opt/ros/jazzy/opt/rviz_ogre_vendor/lib:/opt/ros/jazzy/lib/x86_64-linux-gnu:/opt/ros/jazzy/opt/gz_math_vendor/lib:/opt/ros/jazzy/opt/gz_utils_vendor/lib:/opt/ros/jazzy/opt/gz_cmake_vendor/lib:/opt/ros/jazzy/lib /usr/bin/cmake /home/ely/duo_ros_ws/src/rm_vision/rm_vision_bringup -DCMAKE_BUILD_TYPE=RelWithDebInfo -DAMENT_CMAKE_SYMLINK_INSTALL=1 -DCMAKE_INSTALL_PREFIX=/home/ely/duo_ros_ws/install/rm_vision_bringup
[0.737s] Invoking command in '/home/ely/duo_ros_ws/build/rm_vision_bringup': CMAKE_PREFIX_PATH=/home/ely/duo_ros_ws/install/rm_serial_driver:/home/ely/duo_ros_ws/install/auto_aim_interfaces:/home/ely/duo_ros_ws/install/rm_vision_bringup:/home/ely/duo_ros_ws/install/rm_gimbal_description:/home/ely/duo_ros_ws/install/hik_camera:/home/ely/duo_ros_ws/install/armor_tracker:/home/ely/duo_ros_ws/install/armor_executor:/home/ely/duo_ros_ws/install/armor_detector:/opt/ros/jazzy/opt/gz_math_vendor:/opt/ros/jazzy/opt/gz_utils_vendor:/opt/ros/jazzy/opt/gz_cmake_vendor:/opt/ros/jazzy DEBUGINFOD_URLS=https://debuginfod.ubuntu.com LD_LIBRARY_PATH=/home/ely/duo_ros_ws/install/rm_serial_driver/lib:/home/ely/duo_ros_ws/install/auto_aim_interfaces/lib:/home/ely/duo_ros_ws/install/hik_camera/lib:/home/ely/duo_ros_ws/install/armor_tracker/lib:/home/ely/duo_ros_ws/install/armor_executor/lib:/home/ely/duo_ros_ws/install/armor_detector/lib:/opt/MVS/lib/64:/opt/MVS/lib/32:/opt/ros/jazzy/opt/rviz_ogre_vendor/lib:/opt/ros/jazzy/lib/x86_64-linux-gnu:/opt/ros/jazzy/opt/gz_math_vendor/lib:/opt/ros/jazzy/opt/gz_utils_vendor/lib:/opt/ros/jazzy/opt/gz_cmake_vendor/lib:/opt/ros/jazzy/lib /usr/bin/cmake --build /home/ely/duo_ros_ws/build/rm_vision_bringup -- -j12 -l12
[0.780s] Invoked command in '/home/ely/duo_ros_ws/build/rm_vision_bringup' returned '0': CMAKE_PREFIX_PATH=/home/ely/duo_ros_ws/install/rm_serial_driver:/home/ely/duo_ros_ws/install/auto_aim_interfaces:/home/ely/duo_ros_ws/install/rm_vision_bringup:/home/ely/duo_ros_ws/install/rm_gimbal_description:/home/ely/duo_ros_ws/install/hik_camera:/home/ely/duo_ros_ws/install/armor_tracker:/home/ely/duo_ros_ws/install/armor_executor:/home/ely/duo_ros_ws/install/armor_detector:/opt/ros/jazzy/opt/gz_math_vendor:/opt/ros/jazzy/opt/gz_utils_vendor:/opt/ros/jazzy/opt/gz_cmake_vendor:/opt/ros/jazzy DEBUGINFOD_URLS=https://debuginfod.ubuntu.com LD_LIBRARY_PATH=/home/ely/duo_ros_ws/install/rm_serial_driver/lib:/home/ely/duo_ros_ws/install/auto_aim_interfaces/lib:/home/ely/duo_ros_ws/install/hik_camera/lib:/home/ely/duo_ros_ws/install/armor_tracker/lib:/home/ely/duo_ros_ws/install/armor_executor/lib:/home/ely/duo_ros_ws/install/armor_detector/lib:/opt/MVS/lib/64:/opt/MVS/lib/32:/opt/ros/jazzy/opt/rviz_ogre_vendor/lib:/opt/ros/jazzy/lib/x86_64-linux-gnu:/opt/ros/jazzy/opt/gz_math_vendor/lib:/opt/ros/jazzy/opt/gz_utils_vendor/lib:/opt/ros/jazzy/opt/gz_cmake_vendor/lib:/opt/ros/jazzy/lib /usr/bin/cmake --build /home/ely/duo_ros_ws/build/rm_vision_bringup -- -j12 -l12
[0.781s] Invoking command in '/home/ely/duo_ros_ws/build/rm_vision_bringup': CMAKE_PREFIX_PATH=/home/ely/duo_ros_ws/install/rm_serial_driver:/home/ely/duo_ros_ws/install/auto_aim_interfaces:/home/ely/duo_ros_ws/install/rm_vision_bringup:/home/ely/duo_ros_ws/install/rm_gimbal_description:/home/ely/duo_ros_ws/install/hik_camera:/home/ely/duo_ros_ws/install/armor_tracker:/home/ely/duo_ros_ws/install/armor_executor:/home/ely/duo_ros_ws/install/armor_detector:/opt/ros/jazzy/opt/gz_math_vendor:/opt/ros/jazzy/opt/gz_utils_vendor:/opt/ros/jazzy/opt/gz_cmake_vendor:/opt/ros/jazzy DEBUGINFOD_URLS=https://debuginfod.ubuntu.com LD_LIBRARY_PATH=/home/ely/duo_ros_ws/install/rm_serial_driver/lib:/home/ely/duo_ros_ws/install/auto_aim_interfaces/lib:/home/ely/duo_ros_ws/install/hik_camera/lib:/home/ely/duo_ros_ws/install/armor_tracker/lib:/home/ely/duo_ros_ws/install/armor_executor/lib:/home/ely/duo_ros_ws/install/armor_detector/lib:/opt/MVS/lib/64:/opt/MVS/lib/32:/opt/ros/jazzy/opt/rviz_ogre_vendor/lib:/opt/ros/jazzy/lib/x86_64-linux-gnu:/opt/ros/jazzy/opt/gz_math_vendor/lib:/opt/ros/jazzy/opt/gz_utils_vendor/lib:/opt/ros/jazzy/opt/gz_cmake_vendor/lib:/opt/ros/jazzy/lib /usr/bin/cmake --install /home/ely/duo_ros_ws/build/rm_vision_bringup
[0.791s] -- Install configuration: "RelWithDebInfo"
[0.791s] -- Execute custom install script
[0.791s] -- Symlinking: /home/ely/duo_ros_ws/install/rm_vision_bringup/share/rm_vision_bringup/launch/common.py
[0.800s] -- Symlinking: /home/ely/duo_ros_ws/install/rm_vision_bringup/share/rm_vision_bringup/launch/no_hardware.launch.py
[0.808s] -- Symlinking: /home/ely/duo_ros_ws/install/rm_vision_bringup/share/rm_vision_bringup/launch/vision_bringup.launch.py
[0.816s] -- Symlinking: /home/ely/duo_ros_ws/install/rm_vision_bringup/share/rm_vision_bringup/config/camera_info.yaml
[0.824s] -- Symlinking: /home/ely/duo_ros_ws/install/rm_vision_bringup/share/rm_vision_bringup/config/launch_params.yaml
[0.832s] -- Symlinking: /home/ely/duo_ros_ws/install/rm_vision_bringup/share/rm_vision_bringup/config/node_params.yaml
[0.840s] -- Symlinking: /home/ely/duo_ros_ws/install/rm_vision_bringup/share/ament_index/resource_index/package_run_dependencies/rm_vision_bringup
[0.848s] -- Symlinking: /home/ely/duo_ros_ws/install/rm_vision_bringup/share/ament_index/resource_index/parent_prefix_path/rm_vision_bringup
[0.856s] -- Symlinking: /home/ely/duo_ros_ws/install/rm_vision_bringup/share/rm_vision_bringup/environment/ament_prefix_path.sh
[0.865s] -- Symlinking: /home/ely/duo_ros_ws/install/rm_vision_bringup/share/rm_vision_bringup/environment/ament_prefix_path.dsv
[0.879s] -- Symlinking: /home/ely/duo_ros_ws/install/rm_vision_bringup/share/rm_vision_bringup/environment/path.sh
[0.889s] -- Symlinking: /home/ely/duo_ros_ws/install/rm_vision_bringup/share/rm_vision_bringup/environment/path.dsv
[0.901s] -- Symlinking: /home/ely/duo_ros_ws/install/rm_vision_bringup/share/rm_vision_bringup/local_setup.bash
[0.909s] -- Symlinking: /home/ely/duo_ros_ws/install/rm_vision_bringup/share/rm_vision_bringup/local_setup.sh
[0.918s] -- Symlinking: /home/ely/duo_ros_ws/install/rm_vision_bringup/share/rm_vision_bringup/local_setup.zsh
[0.927s] -- Symlinking: /home/ely/duo_ros_ws/install/rm_vision_bringup/share/rm_vision_bringup/local_setup.dsv
[0.936s] -- Symlinking: /home/ely/duo_ros_ws/install/rm_vision_bringup/share/rm_vision_bringup/package.dsv
[0.944s] -- Symlinking: /home/ely/duo_ros_ws/install/rm_vision_bringup/share/ament_index/resource_index/packages/rm_vision_bringup
[0.954s] -- Symlinking: /home/ely/duo_ros_ws/install/rm_vision_bringup/share/rm_vision_bringup/cmake/rm_vision_bringupConfig.cmake
[0.965s] -- Symlinking: /home/ely/duo_ros_ws/install/rm_vision_bringup/share/rm_vision_bringup/cmake/rm_vision_bringupConfig-version.cmake
[0.976s] -- Symlinking: /home/ely/duo_ros_ws/install/rm_vision_bringup/share/rm_vision_bringup/package.xml
[0.990s] Invoked command in '/home/ely/duo_ros_ws/build/rm_vision_bringup' returned '0': CMAKE_PREFIX_PATH=/home/ely/duo_ros_ws/install/rm_serial_driver:/home/ely/duo_ros_ws/install/auto_aim_interfaces:/home/ely/duo_ros_ws/install/rm_vision_bringup:/home/ely/duo_ros_ws/install/rm_gimbal_description:/home/ely/duo_ros_ws/install/hik_camera:/home/ely/duo_ros_ws/install/armor_tracker:/home/ely/duo_ros_ws/install/armor_executor:/home/ely/duo_ros_ws/install/armor_detector:/opt/ros/jazzy/opt/gz_math_vendor:/opt/ros/jazzy/opt/gz_utils_vendor:/opt/ros/jazzy/opt/gz_cmake_vendor:/opt/ros/jazzy DEBUGINFOD_URLS=https://debuginfod.ubuntu.com LD_LIBRARY_PATH=/home/ely/duo_ros_ws/install/rm_serial_driver/lib:/home/ely/duo_ros_ws/install/auto_aim_interfaces/lib:/home/ely/duo_ros_ws/install/hik_camera/lib:/home/ely/duo_ros_ws/install/armor_tracker/lib:/home/ely/duo_ros_ws/install/armor_executor/lib:/home/ely/duo_ros_ws/install/armor_detector/lib:/opt/MVS/lib/64:/opt/MVS/lib/32:/opt/ros/jazzy/opt/rviz_ogre_vendor/lib:/opt/ros/jazzy/lib/x86_64-linux-gnu:/opt/ros/jazzy/opt/gz_math_vendor/lib:/opt/ros/jazzy/opt/gz_utils_vendor/lib:/opt/ros/jazzy/opt/gz_cmake_vendor/lib:/opt/ros/jazzy/lib /usr/bin/cmake --install /home/ely/duo_ros_ws/build/rm_vision_bringup
