[0.028s] Invoking command in '/home/ely/duo_ros_ws/build/hik_camera': CMAKE_PREFIX_PATH=${CMAKE_PREFIX_PATH}:/opt/ros/jazzy DEBUGINFOD_URLS=https://debuginfod.ubuntu.com /usr/bin/cmake --build /home/ely/duo_ros_ws/build/hik_camera -- -j12 -l12
[0.168s] [ 50%] Built target hik_camera_node
[0.184s] [100%] Built target hik_camera
[0.231s] Invoked command in '/home/ely/duo_ros_ws/build/hik_camera' returned '0': CMAKE_PREFIX_PATH=${CMAKE_PREFIX_PATH}:/opt/ros/jazzy DEBUGINFOD_URLS=https://debuginfod.ubuntu.com /usr/bin/cmake --build /home/ely/duo_ros_ws/build/hik_camera -- -j12 -l12
[0.239s] Invoking command in '/home/ely/duo_ros_ws/build/hik_camera': CMAKE_PREFIX_PATH=${CMAKE_PREFIX_PATH}:/opt/ros/jazzy DEBUGINFOD_URLS=https://debuginfod.ubuntu.com /usr/bin/cmake --install /home/ely/duo_ros_ws/build/hik_camera
[0.272s] -- Install configuration: "RelWithDebInfo"
[0.275s] -- Execute custom install script
[0.275s] -- Up-to-date symlink: /home/ely/duo_ros_ws/install/hik_camera/lib/libFormatConversion.so
[0.275s] -- Up-to-date symlink: /home/ely/duo_ros_ws/install/hik_camera/lib/libMVRender.so
[0.275s] -- Up-to-date symlink: /home/ely/duo_ros_ws/install/hik_camera/lib/libMediaProcess.so
[0.275s] -- Up-to-date symlink: /home/ely/duo_ros_ws/install/hik_camera/lib/libMvCameraControl.so
[0.275s] -- Up-to-date symlink: /home/ely/duo_ros_ws/install/hik_camera/lib/libMvUsb3vTL.so
[0.277s] -- Up-to-date symlink: /home/ely/duo_ros_ws/install/hik_camera/lib/hik_camera/hik_camera_node
[0.277s] -- Up-to-date symlink: /home/ely/duo_ros_ws/install/hik_camera/share/hik_camera/environment/library_path.sh
[0.278s] -- Up-to-date symlink: /home/ely/duo_ros_ws/install/hik_camera/share/hik_camera/environment/library_path.dsv
[0.279s] -- Up-to-date symlink: /home/ely/duo_ros_ws/install/hik_camera/lib/libhik_camera.so
[0.280s] -- Up-to-date symlink: /home/ely/duo_ros_ws/install/hik_camera/share/hik_camera/config/camera_info.yaml
[0.281s] -- Up-to-date symlink: /home/ely/duo_ros_ws/install/hik_camera/share/hik_camera/config/camera_params.yaml
[0.284s] -- Up-to-date symlink: /home/ely/duo_ros_ws/install/hik_camera/share/hik_camera/launch/hik_camera.launch.py
[0.288s] -- Up-to-date symlink: /home/ely/duo_ros_ws/install/hik_camera/share/ament_index/resource_index/package_run_dependencies/hik_camera
[0.289s] -- Up-to-date symlink: /home/ely/duo_ros_ws/install/hik_camera/share/ament_index/resource_index/parent_prefix_path/hik_camera
[0.291s] -- Up-to-date symlink: /home/ely/duo_ros_ws/install/hik_camera/share/hik_camera/environment/ament_prefix_path.sh
[0.291s] -- Up-to-date symlink: /home/ely/duo_ros_ws/install/hik_camera/share/hik_camera/environment/ament_prefix_path.dsv
[0.291s] -- Up-to-date symlink: /home/ely/duo_ros_ws/install/hik_camera/share/hik_camera/environment/path.sh
[0.291s] -- Up-to-date symlink: /home/ely/duo_ros_ws/install/hik_camera/share/hik_camera/environment/path.dsv
[0.292s] -- Up-to-date symlink: /home/ely/duo_ros_ws/install/hik_camera/share/hik_camera/local_setup.bash
[0.292s] -- Up-to-date symlink: /home/ely/duo_ros_ws/install/hik_camera/share/hik_camera/local_setup.sh
[0.292s] -- Up-to-date symlink: /home/ely/duo_ros_ws/install/hik_camera/share/hik_camera/local_setup.zsh
[0.292s] -- Up-to-date symlink: /home/ely/duo_ros_ws/install/hik_camera/share/hik_camera/local_setup.dsv
[0.292s] -- Symlinking: /home/ely/duo_ros_ws/install/hik_camera/share/hik_camera/package.dsv
[0.315s] -- Up-to-date symlink: /home/ely/duo_ros_ws/install/hik_camera/share/ament_index/resource_index/packages/hik_camera
[0.315s] -- Up-to-date symlink: /home/ely/duo_ros_ws/install/hik_camera/share/ament_index/resource_index/rclcpp_components/hik_camera
[0.315s] -- Up-to-date symlink: /home/ely/duo_ros_ws/install/hik_camera/share/hik_camera/cmake/ament_cmake_export_dependencies-extras.cmake
[0.315s] -- Up-to-date symlink: /home/ely/duo_ros_ws/install/hik_camera/share/hik_camera/cmake/ament_cmake_export_libraries-extras.cmake
[0.317s] -- Up-to-date symlink: /home/ely/duo_ros_ws/install/hik_camera/share/hik_camera/cmake/hik_cameraConfig.cmake
[0.317s] -- Up-to-date symlink: /home/ely/duo_ros_ws/install/hik_camera/share/hik_camera/cmake/hik_cameraConfig-version.cmake
[0.317s] -- Up-to-date symlink: /home/ely/duo_ros_ws/install/hik_camera/share/hik_camera/package.xml
[0.326s] Invoked command in '/home/ely/duo_ros_ws/build/hik_camera' returned '0': CMAKE_PREFIX_PATH=${CMAKE_PREFIX_PATH}:/opt/ros/jazzy DEBUGINFOD_URLS=https://debuginfod.ubuntu.com /usr/bin/cmake --install /home/ely/duo_ros_ws/build/hik_camera
