[0.022s] Invoking command in '/home/ely/duo_ros_ws/build/rm_gimbal_description': CMAKE_PREFIX_PATH=${CMAKE_PREFIX_PATH}:/opt/ros/jazzy DEBUGINFOD_URLS=https://debuginfod.ubuntu.com /usr/bin/cmake /home/ely/duo_ros_ws/src/rm_gimbal_description -DCMAKE_BUILD_TYPE=RelWithDebInfo -DAMENT_CMAKE_SYMLINK_INSTALL=1 -DCMAKE_INSTALL_PREFIX=/home/ely/duo_ros_ws/install/rm_gimbal_description
[0.080s] -- The C compiler identification is GNU 13.3.0
[0.143s] -- The CXX compiler identification is GNU 13.3.0
[0.158s] -- Detecting C compiler ABI info
[0.241s] -- Detecting C compiler ABI info - done
[0.248s] -- Check for working C compiler: /usr/bin/cc - skipped
[0.248s] -- Detecting C compile features
[0.248s] -- Detecting C compile features - done
[0.256s] -- Detecting CXX compiler ABI info
[0.349s] -- Detecting CXX compiler ABI info - done
[0.357s] -- Check for working CXX compiler: /usr/bin/c++ - skipped
[0.357s] -- Detecting CXX compile features
[0.357s] -- Detecting CXX compile features - done
[0.359s] -- Found ament_cmake: 2.5.3 (/opt/ros/jazzy/share/ament_cmake/cmake)
[0.502s] -- Found Python3: /usr/bin/python3 (found version "3.12.3") found components: Interpreter 
[0.591s] -- Override CMake install command with custom implementation using symlinks instead of copying resources
[0.615s] -- Found ament_lint_auto: 0.17.1 (/opt/ros/jazzy/share/ament_lint_auto/cmake)
[0.616s] -- Found ament_index_cpp: 1.8.1 (/opt/ros/jazzy/share/ament_index_cpp/cmake)
[0.743s] -- Added test 'lint_cmake' to check CMake code style
[0.746s] -- Added test 'xmllint' to check XML markup files
[0.748s] -- Configuring done (0.7s)
[0.750s] -- Generating done (0.0s)
[0.751s] -- Build files have been written to: /home/ely/duo_ros_ws/build/rm_gimbal_description
[0.756s] Invoked command in '/home/ely/duo_ros_ws/build/rm_gimbal_description' returned '0': CMAKE_PREFIX_PATH=${CMAKE_PREFIX_PATH}:/opt/ros/jazzy DEBUGINFOD_URLS=https://debuginfod.ubuntu.com /usr/bin/cmake /home/ely/duo_ros_ws/src/rm_gimbal_description -DCMAKE_BUILD_TYPE=RelWithDebInfo -DAMENT_CMAKE_SYMLINK_INSTALL=1 -DCMAKE_INSTALL_PREFIX=/home/ely/duo_ros_ws/install/rm_gimbal_description
[0.757s] Invoking command in '/home/ely/duo_ros_ws/build/rm_gimbal_description': CMAKE_PREFIX_PATH=${CMAKE_PREFIX_PATH}:/opt/ros/jazzy DEBUGINFOD_URLS=https://debuginfod.ubuntu.com /usr/bin/cmake --build /home/ely/duo_ros_ws/build/rm_gimbal_description -- -j12 -l12
[0.790s] Invoked command in '/home/ely/duo_ros_ws/build/rm_gimbal_description' returned '0': CMAKE_PREFIX_PATH=${CMAKE_PREFIX_PATH}:/opt/ros/jazzy DEBUGINFOD_URLS=https://debuginfod.ubuntu.com /usr/bin/cmake --build /home/ely/duo_ros_ws/build/rm_gimbal_description -- -j12 -l12
[0.799s] Invoking command in '/home/ely/duo_ros_ws/build/rm_gimbal_description': CMAKE_PREFIX_PATH=${CMAKE_PREFIX_PATH}:/opt/ros/jazzy DEBUGINFOD_URLS=https://debuginfod.ubuntu.com /usr/bin/cmake --install /home/ely/duo_ros_ws/build/rm_gimbal_description
[0.808s] -- Install configuration: "RelWithDebInfo"
[0.808s] -- Execute custom install script
[0.809s] -- Symlinking: /home/ely/duo_ros_ws/install/rm_gimbal_description/share/rm_gimbal_description/urdf/rm_gimbal.urdf.xacro
[0.820s] -- Symlinking: /home/ely/duo_ros_ws/install/rm_gimbal_description/share/ament_index/resource_index/package_run_dependencies/rm_gimbal_description
[0.830s] -- Symlinking: /home/ely/duo_ros_ws/install/rm_gimbal_description/share/ament_index/resource_index/parent_prefix_path/rm_gimbal_description
[0.840s] -- Symlinking: /home/ely/duo_ros_ws/install/rm_gimbal_description/share/rm_gimbal_description/environment/ament_prefix_path.sh
[0.847s] -- Symlinking: /home/ely/duo_ros_ws/install/rm_gimbal_description/share/rm_gimbal_description/environment/ament_prefix_path.dsv
[0.855s] -- Symlinking: /home/ely/duo_ros_ws/install/rm_gimbal_description/share/rm_gimbal_description/environment/path.sh
[0.862s] -- Symlinking: /home/ely/duo_ros_ws/install/rm_gimbal_description/share/rm_gimbal_description/environment/path.dsv
[0.871s] -- Symlinking: /home/ely/duo_ros_ws/install/rm_gimbal_description/share/rm_gimbal_description/local_setup.bash
[0.879s] -- Symlinking: /home/ely/duo_ros_ws/install/rm_gimbal_description/share/rm_gimbal_description/local_setup.sh
[0.888s] -- Symlinking: /home/ely/duo_ros_ws/install/rm_gimbal_description/share/rm_gimbal_description/local_setup.zsh
[0.898s] -- Symlinking: /home/ely/duo_ros_ws/install/rm_gimbal_description/share/rm_gimbal_description/local_setup.dsv
[0.913s] -- Symlinking: /home/ely/duo_ros_ws/install/rm_gimbal_description/share/rm_gimbal_description/package.dsv
[0.927s] -- Symlinking: /home/ely/duo_ros_ws/install/rm_gimbal_description/share/ament_index/resource_index/packages/rm_gimbal_description
[0.935s] -- Symlinking: /home/ely/duo_ros_ws/install/rm_gimbal_description/share/rm_gimbal_description/cmake/rm_gimbal_descriptionConfig.cmake
[0.947s] -- Symlinking: /home/ely/duo_ros_ws/install/rm_gimbal_description/share/rm_gimbal_description/cmake/rm_gimbal_descriptionConfig-version.cmake
[0.956s] -- Symlinking: /home/ely/duo_ros_ws/install/rm_gimbal_description/share/rm_gimbal_description/package.xml
[0.967s] Invoked command in '/home/ely/duo_ros_ws/build/rm_gimbal_description' returned '0': CMAKE_PREFIX_PATH=${CMAKE_PREFIX_PATH}:/opt/ros/jazzy DEBUGINFOD_URLS=https://debuginfod.ubuntu.com /usr/bin/cmake --install /home/ely/duo_ros_ws/build/rm_gimbal_description
