[0.052s] Invoking command in '/home/ely/duo_ros_ws/build/armor_tracker': CMAKE_PREFIX_PATH=/home/ely/duo_ros_ws/install/armor_executor:/home/ely/duo_ros_ws/install/auto_aim_interfaces:/home/ely/duo_ros_ws/install/rm_vision_bringup:/home/ely/duo_ros_ws/install/rm_serial_driver:/home/ely/duo_ros_ws/install/rm_gimbal_description:/home/ely/duo_ros_ws/install/hik_camera:/home/ely/duo_ros_ws/install/armor_tracker:/home/ely/duo_ros_ws/install/armor_detector:/opt/ros/jazzy/opt/gz_math_vendor:/opt/ros/jazzy/opt/gz_utils_vendor:/opt/ros/jazzy/opt/gz_cmake_vendor:/opt/ros/jazzy DEBUGINFOD_URLS=https://debuginfod.ubuntu.com LD_LIBRARY_PATH=/home/ely/duo_ros_ws/install/armor_executor/lib:/home/ely/duo_ros_ws/install/auto_aim_interfaces/lib:/home/ely/duo_ros_ws/install/rm_serial_driver/lib:/home/ely/duo_ros_ws/install/hik_camera/lib:/home/ely/duo_ros_ws/install/armor_tracker/lib:/home/ely/duo_ros_ws/install/armor_detector/lib:/opt/MVS/lib/64:/opt/MVS/lib/32:/opt/ros/jazzy/opt/rviz_ogre_vendor/lib:/opt/ros/jazzy/lib/x86_64-linux-gnu:/opt/ros/jazzy/opt/gz_math_vendor/lib:/opt/ros/jazzy/opt/gz_utils_vendor/lib:/opt/ros/jazzy/opt/gz_cmake_vendor/lib:/opt/ros/jazzy/lib /usr/bin/cmake --build /home/ely/duo_ros_ws/build/armor_tracker -- -j12 -l12
[0.141s] [ 33%] Built target armor_tracker_node
[0.149s] [100%] Built target armor_tracker
[0.169s] Invoked command in '/home/ely/duo_ros_ws/build/armor_tracker' returned '0': CMAKE_PREFIX_PATH=/home/ely/duo_ros_ws/install/armor_executor:/home/ely/duo_ros_ws/install/auto_aim_interfaces:/home/ely/duo_ros_ws/install/rm_vision_bringup:/home/ely/duo_ros_ws/install/rm_serial_driver:/home/ely/duo_ros_ws/install/rm_gimbal_description:/home/ely/duo_ros_ws/install/hik_camera:/home/ely/duo_ros_ws/install/armor_tracker:/home/ely/duo_ros_ws/install/armor_detector:/opt/ros/jazzy/opt/gz_math_vendor:/opt/ros/jazzy/opt/gz_utils_vendor:/opt/ros/jazzy/opt/gz_cmake_vendor:/opt/ros/jazzy DEBUGINFOD_URLS=https://debuginfod.ubuntu.com LD_LIBRARY_PATH=/home/ely/duo_ros_ws/install/armor_executor/lib:/home/ely/duo_ros_ws/install/auto_aim_interfaces/lib:/home/ely/duo_ros_ws/install/rm_serial_driver/lib:/home/ely/duo_ros_ws/install/hik_camera/lib:/home/ely/duo_ros_ws/install/armor_tracker/lib:/home/ely/duo_ros_ws/install/armor_detector/lib:/opt/MVS/lib/64:/opt/MVS/lib/32:/opt/ros/jazzy/opt/rviz_ogre_vendor/lib:/opt/ros/jazzy/lib/x86_64-linux-gnu:/opt/ros/jazzy/opt/gz_math_vendor/lib:/opt/ros/jazzy/opt/gz_utils_vendor/lib:/opt/ros/jazzy/opt/gz_cmake_vendor/lib:/opt/ros/jazzy/lib /usr/bin/cmake --build /home/ely/duo_ros_ws/build/armor_tracker -- -j12 -l12
[0.171s] Invoking command in '/home/ely/duo_ros_ws/build/armor_tracker': CMAKE_PREFIX_PATH=/home/ely/duo_ros_ws/install/armor_executor:/home/ely/duo_ros_ws/install/auto_aim_interfaces:/home/ely/duo_ros_ws/install/rm_vision_bringup:/home/ely/duo_ros_ws/install/rm_serial_driver:/home/ely/duo_ros_ws/install/rm_gimbal_description:/home/ely/duo_ros_ws/install/hik_camera:/home/ely/duo_ros_ws/install/armor_tracker:/home/ely/duo_ros_ws/install/armor_detector:/opt/ros/jazzy/opt/gz_math_vendor:/opt/ros/jazzy/opt/gz_utils_vendor:/opt/ros/jazzy/opt/gz_cmake_vendor:/opt/ros/jazzy DEBUGINFOD_URLS=https://debuginfod.ubuntu.com LD_LIBRARY_PATH=/home/ely/duo_ros_ws/install/armor_executor/lib:/home/ely/duo_ros_ws/install/auto_aim_interfaces/lib:/home/ely/duo_ros_ws/install/rm_serial_driver/lib:/home/ely/duo_ros_ws/install/hik_camera/lib:/home/ely/duo_ros_ws/install/armor_tracker/lib:/home/ely/duo_ros_ws/install/armor_detector/lib:/opt/MVS/lib/64:/opt/MVS/lib/32:/opt/ros/jazzy/opt/rviz_ogre_vendor/lib:/opt/ros/jazzy/lib/x86_64-linux-gnu:/opt/ros/jazzy/opt/gz_math_vendor/lib:/opt/ros/jazzy/opt/gz_utils_vendor/lib:/opt/ros/jazzy/opt/gz_cmake_vendor/lib:/opt/ros/jazzy/lib /usr/bin/cmake --install /home/ely/duo_ros_ws/build/armor_tracker
[0.183s] -- Install configuration: "RelWithDebInfo"
[0.184s] -- Execute custom install script
[0.185s] -- Up-to-date symlink: /home/ely/duo_ros_ws/install/armor_tracker/lib/armor_tracker/armor_tracker_node
[0.190s] -- Up-to-date symlink: /home/ely/duo_ros_ws/install/armor_tracker/include/armor_tracker/extended_kalman_filter.hpp
[0.191s] -- Up-to-date symlink: /home/ely/duo_ros_ws/install/armor_tracker/include/armor_tracker/tracker.hpp
[0.191s] -- Up-to-date symlink: /home/ely/duo_ros_ws/install/armor_tracker/include/armor_tracker/tracker_node.hpp
[0.191s] -- Up-to-date symlink: /home/ely/duo_ros_ws/install/armor_tracker/share/armor_tracker/environment/library_path.sh
[0.191s] -- Up-to-date symlink: /home/ely/duo_ros_ws/install/armor_tracker/share/armor_tracker/environment/library_path.dsv
[0.193s] -- Up-to-date symlink: /home/ely/duo_ros_ws/install/armor_tracker/lib/libarmor_tracker.so
[0.193s] -- Up-to-date symlink: /home/ely/duo_ros_ws/install/armor_tracker/share/ament_index/resource_index/package_run_dependencies/armor_tracker
[0.193s] -- Up-to-date symlink: /home/ely/duo_ros_ws/install/armor_tracker/share/ament_index/resource_index/parent_prefix_path/armor_tracker
[0.194s] -- Up-to-date symlink: /home/ely/duo_ros_ws/install/armor_tracker/share/armor_tracker/environment/ament_prefix_path.sh
[0.194s] -- Up-to-date symlink: /home/ely/duo_ros_ws/install/armor_tracker/share/armor_tracker/environment/ament_prefix_path.dsv
[0.194s] -- Up-to-date symlink: /home/ely/duo_ros_ws/install/armor_tracker/share/armor_tracker/environment/path.sh
[0.194s] -- Up-to-date symlink: /home/ely/duo_ros_ws/install/armor_tracker/share/armor_tracker/environment/path.dsv
[0.194s] -- Up-to-date symlink: /home/ely/duo_ros_ws/install/armor_tracker/share/armor_tracker/local_setup.bash
[0.194s] -- Up-to-date symlink: /home/ely/duo_ros_ws/install/armor_tracker/share/armor_tracker/local_setup.sh
[0.194s] -- Up-to-date symlink: /home/ely/duo_ros_ws/install/armor_tracker/share/armor_tracker/local_setup.zsh
[0.194s] -- Up-to-date symlink: /home/ely/duo_ros_ws/install/armor_tracker/share/armor_tracker/local_setup.dsv
[0.194s] -- Symlinking: /home/ely/duo_ros_ws/install/armor_tracker/share/armor_tracker/package.dsv
[0.210s] -- Up-to-date symlink: /home/ely/duo_ros_ws/install/armor_tracker/share/ament_index/resource_index/packages/armor_tracker
[0.210s] -- Up-to-date symlink: /home/ely/duo_ros_ws/install/armor_tracker/share/ament_index/resource_index/rclcpp_components/armor_tracker
[0.210s] -- Up-to-date symlink: /home/ely/duo_ros_ws/install/armor_tracker/share/armor_tracker/cmake/ament_cmake_export_dependencies-extras.cmake
[0.210s] -- Up-to-date symlink: /home/ely/duo_ros_ws/install/armor_tracker/share/armor_tracker/cmake/ament_cmake_export_include_directories-extras.cmake
[0.210s] -- Up-to-date symlink: /home/ely/duo_ros_ws/install/armor_tracker/share/armor_tracker/cmake/ament_cmake_export_libraries-extras.cmake
[0.210s] -- Up-to-date symlink: /home/ely/duo_ros_ws/install/armor_tracker/share/armor_tracker/cmake/armor_trackerConfig.cmake
[0.210s] -- Up-to-date symlink: /home/ely/duo_ros_ws/install/armor_tracker/share/armor_tracker/cmake/armor_trackerConfig-version.cmake
[0.211s] -- Up-to-date symlink: /home/ely/duo_ros_ws/install/armor_tracker/share/armor_tracker/package.xml
[0.218s] Invoked command in '/home/ely/duo_ros_ws/build/armor_tracker' returned '0': CMAKE_PREFIX_PATH=/home/ely/duo_ros_ws/install/armor_executor:/home/ely/duo_ros_ws/install/auto_aim_interfaces:/home/ely/duo_ros_ws/install/rm_vision_bringup:/home/ely/duo_ros_ws/install/rm_serial_driver:/home/ely/duo_ros_ws/install/rm_gimbal_description:/home/ely/duo_ros_ws/install/hik_camera:/home/ely/duo_ros_ws/install/armor_tracker:/home/ely/duo_ros_ws/install/armor_detector:/opt/ros/jazzy/opt/gz_math_vendor:/opt/ros/jazzy/opt/gz_utils_vendor:/opt/ros/jazzy/opt/gz_cmake_vendor:/opt/ros/jazzy DEBUGINFOD_URLS=https://debuginfod.ubuntu.com LD_LIBRARY_PATH=/home/ely/duo_ros_ws/install/armor_executor/lib:/home/ely/duo_ros_ws/install/auto_aim_interfaces/lib:/home/ely/duo_ros_ws/install/rm_serial_driver/lib:/home/ely/duo_ros_ws/install/hik_camera/lib:/home/ely/duo_ros_ws/install/armor_tracker/lib:/home/ely/duo_ros_ws/install/armor_detector/lib:/opt/MVS/lib/64:/opt/MVS/lib/32:/opt/ros/jazzy/opt/rviz_ogre_vendor/lib:/opt/ros/jazzy/lib/x86_64-linux-gnu:/opt/ros/jazzy/opt/gz_math_vendor/lib:/opt/ros/jazzy/opt/gz_utils_vendor/lib:/opt/ros/jazzy/opt/gz_cmake_vendor/lib:/opt/ros/jazzy/lib /usr/bin/cmake --install /home/ely/duo_ros_ws/build/armor_tracker
