[0.033s] Invoking command in '/home/ely/duo_ros_ws/build/rm_gimbal_description': CMAKE_PREFIX_PATH=${CMAKE_PREFIX_PATH}:/opt/ros/jazzy DEBUGINFOD_URLS=https://debuginfod.ubuntu.com /usr/bin/cmake --build /home/ely/duo_ros_ws/build/rm_gimbal_description -- -j12 -l12
[0.107s] Invoked command in '/home/ely/duo_ros_ws/build/rm_gimbal_description' returned '0': CMAKE_PREFIX_PATH=${CMAKE_PREFIX_PATH}:/opt/ros/jazzy DEBUGINFOD_URLS=https://debuginfod.ubuntu.com /usr/bin/cmake --build /home/ely/duo_ros_ws/build/rm_gimbal_description -- -j12 -l12
[0.129s] Invoking command in '/home/ely/duo_ros_ws/build/rm_gimbal_description': CMAKE_PREFIX_PATH=${CMAKE_PREFIX_PATH}:/opt/ros/jazzy DEBUGINFOD_URLS=https://debuginfod.ubuntu.com /usr/bin/cmake --install /home/ely/duo_ros_ws/build/rm_gimbal_description
[0.148s] -- Install configuration: "RelWithDebInfo"
[0.151s] -- Execute custom install script
[0.153s] -- Up-to-date symlink: /home/ely/duo_ros_ws/install/rm_gimbal_description/share/rm_gimbal_description/urdf/rm_gimbal.urdf.xacro
[0.153s] -- Up-to-date symlink: /home/ely/duo_ros_ws/install/rm_gimbal_description/share/ament_index/resource_index/package_run_dependencies/rm_gimbal_description
[0.153s] -- Up-to-date symlink: /home/ely/duo_ros_ws/install/rm_gimbal_description/share/ament_index/resource_index/parent_prefix_path/rm_gimbal_description
[0.153s] -- Up-to-date symlink: /home/ely/duo_ros_ws/install/rm_gimbal_description/share/rm_gimbal_description/environment/ament_prefix_path.sh
[0.153s] -- Up-to-date symlink: /home/ely/duo_ros_ws/install/rm_gimbal_description/share/rm_gimbal_description/environment/ament_prefix_path.dsv
[0.155s] -- Up-to-date symlink: /home/ely/duo_ros_ws/install/rm_gimbal_description/share/rm_gimbal_description/environment/path.sh
[0.155s] -- Up-to-date symlink: /home/ely/duo_ros_ws/install/rm_gimbal_description/share/rm_gimbal_description/environment/path.dsv
[0.156s] -- Up-to-date symlink: /home/ely/duo_ros_ws/install/rm_gimbal_description/share/rm_gimbal_description/local_setup.bash
[0.156s] -- Up-to-date symlink: /home/ely/duo_ros_ws/install/rm_gimbal_description/share/rm_gimbal_description/local_setup.sh
[0.156s] -- Up-to-date symlink: /home/ely/duo_ros_ws/install/rm_gimbal_description/share/rm_gimbal_description/local_setup.zsh
[0.156s] -- Up-to-date symlink: /home/ely/duo_ros_ws/install/rm_gimbal_description/share/rm_gimbal_description/local_setup.dsv
[0.158s] -- Symlinking: /home/ely/duo_ros_ws/install/rm_gimbal_description/share/rm_gimbal_description/package.dsv
[0.177s] -- Up-to-date symlink: /home/ely/duo_ros_ws/install/rm_gimbal_description/share/ament_index/resource_index/packages/rm_gimbal_description
[0.179s] -- Up-to-date symlink: /home/ely/duo_ros_ws/install/rm_gimbal_description/share/rm_gimbal_description/cmake/rm_gimbal_descriptionConfig.cmake
[0.181s] -- Up-to-date symlink: /home/ely/duo_ros_ws/install/rm_gimbal_description/share/rm_gimbal_description/cmake/rm_gimbal_descriptionConfig-version.cmake
[0.182s] -- Up-to-date symlink: /home/ely/duo_ros_ws/install/rm_gimbal_description/share/rm_gimbal_description/package.xml
[0.187s] Invoked command in '/home/ely/duo_ros_ws/build/rm_gimbal_description' returned '0': CMAKE_PREFIX_PATH=${CMAKE_PREFIX_PATH}:/opt/ros/jazzy DEBUGINFOD_URLS=https://debuginfod.ubuntu.com /usr/bin/cmake --install /home/ely/duo_ros_ws/build/rm_gimbal_description
