[0.036s] Invoking command in '/home/ely/duo_ros_ws/build/rm_gimbal_description': CMAKE_PREFIX_PATH=${CMAKE_PREFIX_PATH}:/opt/ros/jazzy DEBUGINFOD_URLS=https://debuginfod.ubuntu.com /usr/bin/cmake --build /home/ely/duo_ros_ws/build/rm_gimbal_description -- -j12 -l12
[0.104s] Invoked command in '/home/ely/duo_ros_ws/build/rm_gimbal_description' returned '0': CMAKE_PREFIX_PATH=${CMAKE_PREFIX_PATH}:/opt/ros/jazzy DEBUGINFOD_URLS=https://debuginfod.ubuntu.com /usr/bin/cmake --build /home/ely/duo_ros_ws/build/rm_gimbal_description -- -j12 -l12
[0.127s] Invoking command in '/home/ely/duo_ros_ws/build/rm_gimbal_description': CMAKE_PREFIX_PATH=${CMAKE_PREFIX_PATH}:/opt/ros/jazzy DEBUGINFOD_URLS=https://debuginfod.ubuntu.com /usr/bin/cmake --install /home/ely/duo_ros_ws/build/rm_gimbal_description
[0.145s] -- Install configuration: "RelWithDebInfo"
[0.145s] -- Execute custom install script
[0.148s] -- Up-to-date symlink: /home/ely/duo_ros_ws/install/rm_gimbal_description/share/rm_gimbal_description/urdf/rm_gimbal.urdf.xacro
[0.148s] -- Up-to-date symlink: /home/ely/duo_ros_ws/install/rm_gimbal_description/share/ament_index/resource_index/package_run_dependencies/rm_gimbal_description
[0.149s] -- Up-to-date symlink: /home/ely/duo_ros_ws/install/rm_gimbal_description/share/ament_index/resource_index/parent_prefix_path/rm_gimbal_description
[0.149s] -- Up-to-date symlink: /home/ely/duo_ros_ws/install/rm_gimbal_description/share/rm_gimbal_description/environment/ament_prefix_path.sh
[0.150s] -- Up-to-date symlink: /home/ely/duo_ros_ws/install/rm_gimbal_description/share/rm_gimbal_description/environment/ament_prefix_path.dsv
[0.150s] -- Up-to-date symlink: /home/ely/duo_ros_ws/install/rm_gimbal_description/share/rm_gimbal_description/environment/path.sh
[0.151s] -- Up-to-date symlink: /home/ely/duo_ros_ws/install/rm_gimbal_description/share/rm_gimbal_description/environment/path.dsv
[0.151s] -- Up-to-date symlink: /home/ely/duo_ros_ws/install/rm_gimbal_description/share/rm_gimbal_description/local_setup.bash
[0.151s] -- Up-to-date symlink: /home/ely/duo_ros_ws/install/rm_gimbal_description/share/rm_gimbal_description/local_setup.sh
[0.151s] -- Up-to-date symlink: /home/ely/duo_ros_ws/install/rm_gimbal_description/share/rm_gimbal_description/local_setup.zsh
[0.151s] -- Up-to-date symlink: /home/ely/duo_ros_ws/install/rm_gimbal_description/share/rm_gimbal_description/local_setup.dsv
[0.152s] -- Symlinking: /home/ely/duo_ros_ws/install/rm_gimbal_description/share/rm_gimbal_description/package.dsv
[0.164s] -- Up-to-date symlink: /home/ely/duo_ros_ws/install/rm_gimbal_description/share/ament_index/resource_index/packages/rm_gimbal_description
[0.165s] -- Up-to-date symlink: /home/ely/duo_ros_ws/install/rm_gimbal_description/share/rm_gimbal_description/cmake/rm_gimbal_descriptionConfig.cmake
[0.165s] -- Up-to-date symlink: /home/ely/duo_ros_ws/install/rm_gimbal_description/share/rm_gimbal_description/cmake/rm_gimbal_descriptionConfig-version.cmake
[0.165s] -- Up-to-date symlink: /home/ely/duo_ros_ws/install/rm_gimbal_description/share/rm_gimbal_description/package.xml
[0.168s] Invoked command in '/home/ely/duo_ros_ws/build/rm_gimbal_description' returned '0': CMAKE_PREFIX_PATH=${CMAKE_PREFIX_PATH}:/opt/ros/jazzy DEBUGINFOD_URLS=https://debuginfod.ubuntu.com /usr/bin/cmake --install /home/ely/duo_ros_ws/build/rm_gimbal_description
