[0.014s] Invoking command in '/home/ely/duo_ros_ws/build/armor_executor': CMAKE_PREFIX_PATH=/home/ely/duo_ros_ws/install/auto_aim_interfaces:/home/ely/duo_ros_ws/install/rm_vision_bringup:/home/ely/duo_ros_ws/install/rm_serial_driver:/home/ely/duo_ros_ws/install/rm_gimbal_description:/home/ely/duo_ros_ws/install/hik_camera:/home/ely/duo_ros_ws/install/armor_tracker:/home/ely/duo_ros_ws/install/armor_executor:/home/ely/duo_ros_ws/install/armor_detector:/opt/ros/jazzy/opt/gz_math_vendor:/opt/ros/jazzy/opt/gz_utils_vendor:/opt/ros/jazzy/opt/gz_cmake_vendor:/opt/ros/jazzy DEBUGINFOD_URLS=https://debuginfod.ubuntu.com LD_LIBRARY_PATH=/home/ely/duo_ros_ws/install/auto_aim_interfaces/lib:/home/ely/duo_ros_ws/install/rm_serial_driver/lib:/home/ely/duo_ros_ws/install/hik_camera/lib:/home/ely/duo_ros_ws/install/armor_tracker/lib:/home/ely/duo_ros_ws/install/armor_executor/lib:/home/ely/duo_ros_ws/install/armor_detector/lib:/opt/MVS/lib/64:/opt/MVS/lib/32:/opt/ros/jazzy/opt/rviz_ogre_vendor/lib:/opt/ros/jazzy/lib/x86_64-linux-gnu:/opt/ros/jazzy/opt/gz_math_vendor/lib:/opt/ros/jazzy/opt/gz_utils_vendor/lib:/opt/ros/jazzy/opt/gz_cmake_vendor/lib:/opt/ros/jazzy/lib /usr/bin/cmake --build /home/ely/duo_ros_ws/build/armor_executor -- -j12 -l12
[0.084s] [ 50%] Built target armor_executor_node
[0.085s] [ 75%] [32mBuilding CXX object CMakeFiles/armor_executor.dir/src/SolveTrajectory.cpp.o[0m
[0.919s] [100%] [32m[1mLinking CXX shared library libarmor_executor.so[0m
[1.300s] [100%] Built target armor_executor
[1.311s] Invoked command in '/home/ely/duo_ros_ws/build/armor_executor' returned '0': CMAKE_PREFIX_PATH=/home/ely/duo_ros_ws/install/auto_aim_interfaces:/home/ely/duo_ros_ws/install/rm_vision_bringup:/home/ely/duo_ros_ws/install/rm_serial_driver:/home/ely/duo_ros_ws/install/rm_gimbal_description:/home/ely/duo_ros_ws/install/hik_camera:/home/ely/duo_ros_ws/install/armor_tracker:/home/ely/duo_ros_ws/install/armor_executor:/home/ely/duo_ros_ws/install/armor_detector:/opt/ros/jazzy/opt/gz_math_vendor:/opt/ros/jazzy/opt/gz_utils_vendor:/opt/ros/jazzy/opt/gz_cmake_vendor:/opt/ros/jazzy DEBUGINFOD_URLS=https://debuginfod.ubuntu.com LD_LIBRARY_PATH=/home/ely/duo_ros_ws/install/auto_aim_interfaces/lib:/home/ely/duo_ros_ws/install/rm_serial_driver/lib:/home/ely/duo_ros_ws/install/hik_camera/lib:/home/ely/duo_ros_ws/install/armor_tracker/lib:/home/ely/duo_ros_ws/install/armor_executor/lib:/home/ely/duo_ros_ws/install/armor_detector/lib:/opt/MVS/lib/64:/opt/MVS/lib/32:/opt/ros/jazzy/opt/rviz_ogre_vendor/lib:/opt/ros/jazzy/lib/x86_64-linux-gnu:/opt/ros/jazzy/opt/gz_math_vendor/lib:/opt/ros/jazzy/opt/gz_utils_vendor/lib:/opt/ros/jazzy/opt/gz_cmake_vendor/lib:/opt/ros/jazzy/lib /usr/bin/cmake --build /home/ely/duo_ros_ws/build/armor_executor -- -j12 -l12
[1.312s] Invoking command in '/home/ely/duo_ros_ws/build/armor_executor': CMAKE_PREFIX_PATH=/home/ely/duo_ros_ws/install/auto_aim_interfaces:/home/ely/duo_ros_ws/install/rm_vision_bringup:/home/ely/duo_ros_ws/install/rm_serial_driver:/home/ely/duo_ros_ws/install/rm_gimbal_description:/home/ely/duo_ros_ws/install/hik_camera:/home/ely/duo_ros_ws/install/armor_tracker:/home/ely/duo_ros_ws/install/armor_executor:/home/ely/duo_ros_ws/install/armor_detector:/opt/ros/jazzy/opt/gz_math_vendor:/opt/ros/jazzy/opt/gz_utils_vendor:/opt/ros/jazzy/opt/gz_cmake_vendor:/opt/ros/jazzy DEBUGINFOD_URLS=https://debuginfod.ubuntu.com LD_LIBRARY_PATH=/home/ely/duo_ros_ws/install/auto_aim_interfaces/lib:/home/ely/duo_ros_ws/install/rm_serial_driver/lib:/home/ely/duo_ros_ws/install/hik_camera/lib:/home/ely/duo_ros_ws/install/armor_tracker/lib:/home/ely/duo_ros_ws/install/armor_executor/lib:/home/ely/duo_ros_ws/install/armor_detector/lib:/opt/MVS/lib/64:/opt/MVS/lib/32:/opt/ros/jazzy/opt/rviz_ogre_vendor/lib:/opt/ros/jazzy/lib/x86_64-linux-gnu:/opt/ros/jazzy/opt/gz_math_vendor/lib:/opt/ros/jazzy/opt/gz_utils_vendor/lib:/opt/ros/jazzy/opt/gz_cmake_vendor/lib:/opt/ros/jazzy/lib /usr/bin/cmake --install /home/ely/duo_ros_ws/build/armor_executor
[1.320s] -- Install configuration: "RelWithDebInfo"
[1.321s] -- Execute custom install script
[1.321s] -- Up-to-date symlink: /home/ely/duo_ros_ws/install/armor_executor/lib/armor_executor/armor_executor_node
[1.322s] -- Up-to-date symlink: /home/ely/duo_ros_ws/install/armor_executor/include/armor_executor/SolveTrajectory.hpp
[1.322s] -- Up-to-date symlink: /home/ely/duo_ros_ws/install/armor_executor/share/armor_executor/environment/library_path.sh
[1.322s] -- Up-to-date symlink: /home/ely/duo_ros_ws/install/armor_executor/share/armor_executor/environment/library_path.dsv
[1.322s] -- Up-to-date symlink: /home/ely/duo_ros_ws/install/armor_executor/lib/libarmor_executor.so
[1.322s] -- Up-to-date symlink: /home/ely/duo_ros_ws/install/armor_executor/share/ament_index/resource_index/package_run_dependencies/armor_executor
[1.323s] -- Up-to-date symlink: /home/ely/duo_ros_ws/install/armor_executor/share/ament_index/resource_index/parent_prefix_path/armor_executor
[1.323s] -- Up-to-date symlink: /home/ely/duo_ros_ws/install/armor_executor/share/armor_executor/environment/ament_prefix_path.sh
[1.323s] -- Up-to-date symlink: /home/ely/duo_ros_ws/install/armor_executor/share/armor_executor/environment/ament_prefix_path.dsv
[1.323s] -- Up-to-date symlink: /home/ely/duo_ros_ws/install/armor_executor/share/armor_executor/environment/path.sh
[1.323s] -- Up-to-date symlink: /home/ely/duo_ros_ws/install/armor_executor/share/armor_executor/environment/path.dsv
[1.323s] -- Up-to-date symlink: /home/ely/duo_ros_ws/install/armor_executor/share/armor_executor/local_setup.bash
[1.324s] -- Up-to-date symlink: /home/ely/duo_ros_ws/install/armor_executor/share/armor_executor/local_setup.sh
[1.324s] -- Up-to-date symlink: /home/ely/duo_ros_ws/install/armor_executor/share/armor_executor/local_setup.zsh
[1.324s] -- Up-to-date symlink: /home/ely/duo_ros_ws/install/armor_executor/share/armor_executor/local_setup.dsv
[1.324s] -- Symlinking: /home/ely/duo_ros_ws/install/armor_executor/share/armor_executor/package.dsv
[1.334s] -- Up-to-date symlink: /home/ely/duo_ros_ws/install/armor_executor/share/ament_index/resource_index/packages/armor_executor
[1.334s] -- Up-to-date symlink: /home/ely/duo_ros_ws/install/armor_executor/share/ament_index/resource_index/rclcpp_components/armor_executor
[1.335s] -- Up-to-date symlink: /home/ely/duo_ros_ws/install/armor_executor/share/armor_executor/cmake/ament_cmake_export_dependencies-extras.cmake
[1.335s] -- Up-to-date symlink: /home/ely/duo_ros_ws/install/armor_executor/share/armor_executor/cmake/ament_cmake_export_include_directories-extras.cmake
[1.335s] -- Up-to-date symlink: /home/ely/duo_ros_ws/install/armor_executor/share/armor_executor/cmake/ament_cmake_export_libraries-extras.cmake
[1.335s] -- Up-to-date symlink: /home/ely/duo_ros_ws/install/armor_executor/share/armor_executor/cmake/armor_executorConfig.cmake
[1.335s] -- Up-to-date symlink: /home/ely/duo_ros_ws/install/armor_executor/share/armor_executor/cmake/armor_executorConfig-version.cmake
[1.335s] -- Up-to-date symlink: /home/ely/duo_ros_ws/install/armor_executor/share/armor_executor/package.xml
[1.337s] Invoked command in '/home/ely/duo_ros_ws/build/armor_executor' returned '0': CMAKE_PREFIX_PATH=/home/ely/duo_ros_ws/install/auto_aim_interfaces:/home/ely/duo_ros_ws/install/rm_vision_bringup:/home/ely/duo_ros_ws/install/rm_serial_driver:/home/ely/duo_ros_ws/install/rm_gimbal_description:/home/ely/duo_ros_ws/install/hik_camera:/home/ely/duo_ros_ws/install/armor_tracker:/home/ely/duo_ros_ws/install/armor_executor:/home/ely/duo_ros_ws/install/armor_detector:/opt/ros/jazzy/opt/gz_math_vendor:/opt/ros/jazzy/opt/gz_utils_vendor:/opt/ros/jazzy/opt/gz_cmake_vendor:/opt/ros/jazzy DEBUGINFOD_URLS=https://debuginfod.ubuntu.com LD_LIBRARY_PATH=/home/ely/duo_ros_ws/install/auto_aim_interfaces/lib:/home/ely/duo_ros_ws/install/rm_serial_driver/lib:/home/ely/duo_ros_ws/install/hik_camera/lib:/home/ely/duo_ros_ws/install/armor_tracker/lib:/home/ely/duo_ros_ws/install/armor_executor/lib:/home/ely/duo_ros_ws/install/armor_detector/lib:/opt/MVS/lib/64:/opt/MVS/lib/32:/opt/ros/jazzy/opt/rviz_ogre_vendor/lib:/opt/ros/jazzy/lib/x86_64-linux-gnu:/opt/ros/jazzy/opt/gz_math_vendor/lib:/opt/ros/jazzy/opt/gz_utils_vendor/lib:/opt/ros/jazzy/opt/gz_cmake_vendor/lib:/opt/ros/jazzy/lib /usr/bin/cmake --install /home/ely/duo_ros_ws/build/armor_executor
