-- The C compiler identification is GNU 13.3.0
-- The CXX compiler identification is GNU 13.3.0
-- Detecting C compiler ABI info
-- Detecting C compiler ABI info - done
-- Check for working C compiler: /usr/bin/cc - skipped
-- Detecting C compile features
-- Detecting C compile features - done
-- Detecting CXX compiler ABI info
-- Detecting CXX compiler ABI info - done
-- Check for working CXX compiler: /usr/bin/c++ - skipped
-- Detecting CXX compile features
-- Detecting CXX compile features - done
-- Found ament_cmake_auto: 2.5.3 (/opt/ros/jazzy/share/ament_cmake_auto/cmake)
-- Found Python3: /usr/bin/python3 (found version "3.12.3") found components: Interpreter 
-- Override CMake install command with custom implementation using symlinks instead of copying resources
-- Found rosidl_generator_c: 4.6.5 (/opt/ros/jazzy/share/rosidl_generator_c/cmake)
-- Found rosidl_generator_cpp: 4.6.5 (/opt/ros/jazzy/share/rosidl_generator_cpp/cmake)
-- Using all available rosidl_typesupport_c: rosidl_typesupport_fastrtps_c;rosidl_typesupport_introspection_c
-- Using all available rosidl_typesupport_cpp: rosidl_typesupport_fastrtps_cpp;rosidl_typesupport_introspection_cpp
-- Found rmw_implementation_cmake: 7.3.1 (/opt/ros/jazzy/share/rmw_implementation_cmake/cmake)
-- Found rmw_fastrtps_cpp: 8.4.1 (/opt/ros/jazzy/share/rmw_fastrtps_cpp/cmake)
-- Found OpenSSL: /usr/lib/x86_64-linux-gnu/libcrypto.so (found version "3.0.13")  
-- Found FastRTPS: /opt/ros/jazzy/include (Required is at least version "2.13") 
-- Using RMW implementation 'rmw_fastrtps_cpp' as default
-- Found eigen3_cmake_module: 0.3.0 (/opt/ros/jazzy/share/eigen3_cmake_module/cmake)
-- Found Eigen3: TRUE (found version "3.4.0") 
-- Ensuring Eigen3 include directory is part of orocos-kdl CMake target
-- Found ament_lint_auto: 0.17.1 (/opt/ros/jazzy/share/ament_lint_auto/cmake)
-- Added test 'cppcheck' to perform static code analysis on C / C++ code
-- Configured cppcheck include dirs: /home/ely/duo_ros_ws/src/rm_auto_aim/armor_tracker/include
-- Configured cppcheck exclude dirs and/or files: 
-- Added test 'lint_cmake' to check CMake code style
-- Added test 'xmllint' to check XML markup files
-- Added test 'clang_format' to check C / C++ code style
-- Configuring done (1.6s)
-- Generating done (0.0s)
-- Build files have been written to: /home/ely/duo_ros_ws/build/armor_tracker
[ 66%] [32mBuilding CXX object CMakeFiles/armor_tracker.dir/src/extended_kalman_filter.cpp.o[0m
[ 66%] [32mBuilding CXX object CMakeFiles/armor_tracker.dir/src/tracker.cpp.o[0m
[ 66%] [32mBuilding CXX object CMakeFiles/armor_tracker_node.dir/rclcpp_components/node_main_armor_tracker_node.cpp.o[0m
[ 66%] [32mBuilding CXX object CMakeFiles/armor_tracker.dir/src/tracker_node.cpp.o[0m
[ 83%] [32m[1mLinking CXX executable armor_tracker_node[0m
[ 83%] Built target armor_tracker_node
[100%] [32m[1mLinking CXX shared library libarmor_tracker.so[0m
[100%] Built target armor_tracker
-- Install configuration: "RelWithDebInfo"
-- Execute custom install script
-- Symlinking: /home/ely/duo_ros_ws/install/armor_tracker/lib/armor_tracker/armor_tracker_node
-- Symlinking: /home/ely/duo_ros_ws/install/armor_tracker/include/armor_tracker/extended_kalman_filter.hpp
-- Symlinking: /home/ely/duo_ros_ws/install/armor_tracker/include/armor_tracker/tracker.hpp
-- Symlinking: /home/ely/duo_ros_ws/install/armor_tracker/include/armor_tracker/tracker_node.hpp
-- Symlinking: /home/ely/duo_ros_ws/install/armor_tracker/share/armor_tracker/environment/library_path.sh
-- Symlinking: /home/ely/duo_ros_ws/install/armor_tracker/share/armor_tracker/environment/library_path.dsv
-- Symlinking: /home/ely/duo_ros_ws/install/armor_tracker/lib/libarmor_tracker.so
-- Symlinking: /home/ely/duo_ros_ws/install/armor_tracker/share/ament_index/resource_index/package_run_dependencies/armor_tracker
-- Symlinking: /home/ely/duo_ros_ws/install/armor_tracker/share/ament_index/resource_index/parent_prefix_path/armor_tracker
-- Symlinking: /home/ely/duo_ros_ws/install/armor_tracker/share/armor_tracker/environment/ament_prefix_path.sh
-- Symlinking: /home/ely/duo_ros_ws/install/armor_tracker/share/armor_tracker/environment/ament_prefix_path.dsv
-- Symlinking: /home/ely/duo_ros_ws/install/armor_tracker/share/armor_tracker/environment/path.sh
-- Symlinking: /home/ely/duo_ros_ws/install/armor_tracker/share/armor_tracker/environment/path.dsv
-- Symlinking: /home/ely/duo_ros_ws/install/armor_tracker/share/armor_tracker/local_setup.bash
-- Symlinking: /home/ely/duo_ros_ws/install/armor_tracker/share/armor_tracker/local_setup.sh
-- Symlinking: /home/ely/duo_ros_ws/install/armor_tracker/share/armor_tracker/local_setup.zsh
-- Symlinking: /home/ely/duo_ros_ws/install/armor_tracker/share/armor_tracker/local_setup.dsv
-- Symlinking: /home/ely/duo_ros_ws/install/armor_tracker/share/armor_tracker/package.dsv
-- Symlinking: /home/ely/duo_ros_ws/install/armor_tracker/share/ament_index/resource_index/packages/armor_tracker
-- Symlinking: /home/ely/duo_ros_ws/install/armor_tracker/share/ament_index/resource_index/rclcpp_components/armor_tracker
-- Symlinking: /home/ely/duo_ros_ws/install/armor_tracker/share/armor_tracker/cmake/ament_cmake_export_dependencies-extras.cmake
-- Symlinking: /home/ely/duo_ros_ws/install/armor_tracker/share/armor_tracker/cmake/ament_cmake_export_include_directories-extras.cmake
-- Symlinking: /home/ely/duo_ros_ws/install/armor_tracker/share/armor_tracker/cmake/ament_cmake_export_libraries-extras.cmake
-- Symlinking: /home/ely/duo_ros_ws/install/armor_tracker/share/armor_tracker/cmake/armor_trackerConfig.cmake
-- Symlinking: /home/ely/duo_ros_ws/install/armor_tracker/share/armor_tracker/cmake/armor_trackerConfig-version.cmake
-- Symlinking: /home/ely/duo_ros_ws/install/armor_tracker/share/armor_tracker/package.xml
