[0.015s] Invoking command in '/home/ely/duo_ros_ws/build/armor_tracker': CMAKE_PREFIX_PATH=/home/ely/duo_ros_ws/install/armor_executor:/home/ely/duo_ros_ws/install/auto_aim_interfaces:/home/ely/duo_ros_ws/install/rm_vision_bringup:/home/ely/duo_ros_ws/install/rm_serial_driver:/home/ely/duo_ros_ws/install/rm_gimbal_description:/home/ely/duo_ros_ws/install/hik_camera:/home/ely/duo_ros_ws/install/armor_tracker:/home/ely/duo_ros_ws/install/armor_detector:/opt/ros/jazzy/opt/gz_math_vendor:/opt/ros/jazzy/opt/gz_utils_vendor:/opt/ros/jazzy/opt/gz_cmake_vendor:/opt/ros/jazzy DEBUGINFOD_URLS=https://debuginfod.ubuntu.com LD_LIBRARY_PATH=/home/ely/duo_ros_ws/install/armor_executor/lib:/home/ely/duo_ros_ws/install/auto_aim_interfaces/lib:/home/ely/duo_ros_ws/install/rm_serial_driver/lib:/home/ely/duo_ros_ws/install/hik_camera/lib:/home/ely/duo_ros_ws/install/armor_tracker/lib:/home/ely/duo_ros_ws/install/armor_detector/lib:/opt/MVS/lib/64:/opt/MVS/lib/32:/opt/ros/jazzy/opt/rviz_ogre_vendor/lib:/opt/ros/jazzy/lib/x86_64-linux-gnu:/opt/ros/jazzy/opt/gz_math_vendor/lib:/opt/ros/jazzy/opt/gz_utils_vendor/lib:/opt/ros/jazzy/opt/gz_cmake_vendor/lib:/opt/ros/jazzy/lib /usr/bin/cmake /home/ely/duo_ros_ws/src/rm_auto_aim/armor_tracker -DCMAKE_BUILD_TYPE=RelWithDebInfo -DAMENT_CMAKE_SYMLINK_INSTALL=1 -DCMAKE_INSTALL_PREFIX=/home/ely/duo_ros_ws/install/armor_tracker
[0.087s] -- The C compiler identification is GNU 13.3.0
[0.150s] -- The CXX compiler identification is GNU 13.3.0
[0.168s] -- Detecting C compiler ABI info
[0.254s] -- Detecting C compiler ABI info - done
[0.262s] -- Check for working C compiler: /usr/bin/cc - skipped
[0.262s] -- Detecting C compile features
[0.262s] -- Detecting C compile features - done
[0.270s] -- Detecting CXX compiler ABI info
[0.373s] -- Detecting CXX compiler ABI info - done
[0.381s] -- Check for working CXX compiler: /usr/bin/c++ - skipped
[0.381s] -- Detecting CXX compile features
[0.382s] -- Detecting CXX compile features - done
[0.384s] -- Found ament_cmake_auto: 2.5.3 (/opt/ros/jazzy/share/ament_cmake_auto/cmake)
[0.557s] -- Found Python3: /usr/bin/python3 (found version "3.12.3") found components: Interpreter 
[0.645s] -- Override CMake install command with custom implementation using symlinks instead of copying resources
[0.844s] -- Found rosidl_generator_c: 4.6.5 (/opt/ros/jazzy/share/rosidl_generator_c/cmake)
[0.861s] -- Found rosidl_generator_cpp: 4.6.5 (/opt/ros/jazzy/share/rosidl_generator_cpp/cmake)
[0.876s] -- Using all available rosidl_typesupport_c: rosidl_typesupport_fastrtps_c;rosidl_typesupport_introspection_c
[0.894s] -- Using all available rosidl_typesupport_cpp: rosidl_typesupport_fastrtps_cpp;rosidl_typesupport_introspection_cpp
[0.977s] -- Found rmw_implementation_cmake: 7.3.1 (/opt/ros/jazzy/share/rmw_implementation_cmake/cmake)
[0.979s] -- Found rmw_fastrtps_cpp: 8.4.1 (/opt/ros/jazzy/share/rmw_fastrtps_cpp/cmake)
[1.065s] -- Found OpenSSL: /usr/lib/x86_64-linux-gnu/libcrypto.so (found version "3.0.13")  
[1.097s] -- Found FastRTPS: /opt/ros/jazzy/include (Required is at least version "2.13") 
[1.136s] -- Using RMW implementation 'rmw_fastrtps_cpp' as default
[1.464s] -- Found eigen3_cmake_module: 0.3.0 (/opt/ros/jazzy/share/eigen3_cmake_module/cmake)
[1.465s] -- Found Eigen3: TRUE (found version "3.4.0") 
[1.466s] -- Ensuring Eigen3 include directory is part of orocos-kdl CMake target
[1.604s] -- Found ament_lint_auto: 0.17.1 (/opt/ros/jazzy/share/ament_lint_auto/cmake)
[1.635s] -- Added test 'cppcheck' to perform static code analysis on C / C++ code
[1.635s] -- Configured cppcheck include dirs: /home/ely/duo_ros_ws/src/rm_auto_aim/armor_tracker/include
[1.635s] -- Configured cppcheck exclude dirs and/or files: 
[1.636s] -- Added test 'lint_cmake' to check CMake code style
[1.637s] -- Added test 'xmllint' to check XML markup files
[1.638s] -- Added test 'clang_format' to check C / C++ code style
[1.642s] -- Configuring done (1.6s)
[1.669s] -- Generating done (0.0s)
[1.676s] -- Build files have been written to: /home/ely/duo_ros_ws/build/armor_tracker
[1.690s] Invoked command in '/home/ely/duo_ros_ws/build/armor_tracker' returned '0': CMAKE_PREFIX_PATH=/home/ely/duo_ros_ws/install/armor_executor:/home/ely/duo_ros_ws/install/auto_aim_interfaces:/home/ely/duo_ros_ws/install/rm_vision_bringup:/home/ely/duo_ros_ws/install/rm_serial_driver:/home/ely/duo_ros_ws/install/rm_gimbal_description:/home/ely/duo_ros_ws/install/hik_camera:/home/ely/duo_ros_ws/install/armor_tracker:/home/ely/duo_ros_ws/install/armor_detector:/opt/ros/jazzy/opt/gz_math_vendor:/opt/ros/jazzy/opt/gz_utils_vendor:/opt/ros/jazzy/opt/gz_cmake_vendor:/opt/ros/jazzy DEBUGINFOD_URLS=https://debuginfod.ubuntu.com LD_LIBRARY_PATH=/home/ely/duo_ros_ws/install/armor_executor/lib:/home/ely/duo_ros_ws/install/auto_aim_interfaces/lib:/home/ely/duo_ros_ws/install/rm_serial_driver/lib:/home/ely/duo_ros_ws/install/hik_camera/lib:/home/ely/duo_ros_ws/install/armor_tracker/lib:/home/ely/duo_ros_ws/install/armor_detector/lib:/opt/MVS/lib/64:/opt/MVS/lib/32:/opt/ros/jazzy/opt/rviz_ogre_vendor/lib:/opt/ros/jazzy/lib/x86_64-linux-gnu:/opt/ros/jazzy/opt/gz_math_vendor/lib:/opt/ros/jazzy/opt/gz_utils_vendor/lib:/opt/ros/jazzy/opt/gz_cmake_vendor/lib:/opt/ros/jazzy/lib /usr/bin/cmake /home/ely/duo_ros_ws/src/rm_auto_aim/armor_tracker -DCMAKE_BUILD_TYPE=RelWithDebInfo -DAMENT_CMAKE_SYMLINK_INSTALL=1 -DCMAKE_INSTALL_PREFIX=/home/ely/duo_ros_ws/install/armor_tracker
[1.691s] Invoking command in '/home/ely/duo_ros_ws/build/armor_tracker': CMAKE_PREFIX_PATH=/home/ely/duo_ros_ws/install/armor_executor:/home/ely/duo_ros_ws/install/auto_aim_interfaces:/home/ely/duo_ros_ws/install/rm_vision_bringup:/home/ely/duo_ros_ws/install/rm_serial_driver:/home/ely/duo_ros_ws/install/rm_gimbal_description:/home/ely/duo_ros_ws/install/hik_camera:/home/ely/duo_ros_ws/install/armor_tracker:/home/ely/duo_ros_ws/install/armor_detector:/opt/ros/jazzy/opt/gz_math_vendor:/opt/ros/jazzy/opt/gz_utils_vendor:/opt/ros/jazzy/opt/gz_cmake_vendor:/opt/ros/jazzy DEBUGINFOD_URLS=https://debuginfod.ubuntu.com LD_LIBRARY_PATH=/home/ely/duo_ros_ws/install/armor_executor/lib:/home/ely/duo_ros_ws/install/auto_aim_interfaces/lib:/home/ely/duo_ros_ws/install/rm_serial_driver/lib:/home/ely/duo_ros_ws/install/hik_camera/lib:/home/ely/duo_ros_ws/install/armor_tracker/lib:/home/ely/duo_ros_ws/install/armor_detector/lib:/opt/MVS/lib/64:/opt/MVS/lib/32:/opt/ros/jazzy/opt/rviz_ogre_vendor/lib:/opt/ros/jazzy/lib/x86_64-linux-gnu:/opt/ros/jazzy/opt/gz_math_vendor/lib:/opt/ros/jazzy/opt/gz_utils_vendor/lib:/opt/ros/jazzy/opt/gz_cmake_vendor/lib:/opt/ros/jazzy/lib /usr/bin/cmake --build /home/ely/duo_ros_ws/build/armor_tracker -- -j12 -l12
[1.755s] [ 66%] [32mBuilding CXX object CMakeFiles/armor_tracker.dir/src/extended_kalman_filter.cpp.o[0m
[1.755s] [ 66%] [32mBuilding CXX object CMakeFiles/armor_tracker.dir/src/tracker.cpp.o[0m
[1.756s] [ 66%] [32mBuilding CXX object CMakeFiles/armor_tracker_node.dir/rclcpp_components/node_main_armor_tracker_node.cpp.o[0m
[1.756s] [ 66%] [32mBuilding CXX object CMakeFiles/armor_tracker.dir/src/tracker_node.cpp.o[0m
[7.784s] [ 83%] [32m[1mLinking CXX executable armor_tracker_node[0m
[7.983s] [ 83%] Built target armor_tracker_node
[38.828s] [100%] [32m[1mLinking CXX shared library libarmor_tracker.so[0m
[39.488s] [100%] Built target armor_tracker
[39.498s] Invoked command in '/home/ely/duo_ros_ws/build/armor_tracker' returned '0': CMAKE_PREFIX_PATH=/home/ely/duo_ros_ws/install/armor_executor:/home/ely/duo_ros_ws/install/auto_aim_interfaces:/home/ely/duo_ros_ws/install/rm_vision_bringup:/home/ely/duo_ros_ws/install/rm_serial_driver:/home/ely/duo_ros_ws/install/rm_gimbal_description:/home/ely/duo_ros_ws/install/hik_camera:/home/ely/duo_ros_ws/install/armor_tracker:/home/ely/duo_ros_ws/install/armor_detector:/opt/ros/jazzy/opt/gz_math_vendor:/opt/ros/jazzy/opt/gz_utils_vendor:/opt/ros/jazzy/opt/gz_cmake_vendor:/opt/ros/jazzy DEBUGINFOD_URLS=https://debuginfod.ubuntu.com LD_LIBRARY_PATH=/home/ely/duo_ros_ws/install/armor_executor/lib:/home/ely/duo_ros_ws/install/auto_aim_interfaces/lib:/home/ely/duo_ros_ws/install/rm_serial_driver/lib:/home/ely/duo_ros_ws/install/hik_camera/lib:/home/ely/duo_ros_ws/install/armor_tracker/lib:/home/ely/duo_ros_ws/install/armor_detector/lib:/opt/MVS/lib/64:/opt/MVS/lib/32:/opt/ros/jazzy/opt/rviz_ogre_vendor/lib:/opt/ros/jazzy/lib/x86_64-linux-gnu:/opt/ros/jazzy/opt/gz_math_vendor/lib:/opt/ros/jazzy/opt/gz_utils_vendor/lib:/opt/ros/jazzy/opt/gz_cmake_vendor/lib:/opt/ros/jazzy/lib /usr/bin/cmake --build /home/ely/duo_ros_ws/build/armor_tracker -- -j12 -l12
[39.499s] Invoking command in '/home/ely/duo_ros_ws/build/armor_tracker': CMAKE_PREFIX_PATH=/home/ely/duo_ros_ws/install/armor_executor:/home/ely/duo_ros_ws/install/auto_aim_interfaces:/home/ely/duo_ros_ws/install/rm_vision_bringup:/home/ely/duo_ros_ws/install/rm_serial_driver:/home/ely/duo_ros_ws/install/rm_gimbal_description:/home/ely/duo_ros_ws/install/hik_camera:/home/ely/duo_ros_ws/install/armor_tracker:/home/ely/duo_ros_ws/install/armor_detector:/opt/ros/jazzy/opt/gz_math_vendor:/opt/ros/jazzy/opt/gz_utils_vendor:/opt/ros/jazzy/opt/gz_cmake_vendor:/opt/ros/jazzy DEBUGINFOD_URLS=https://debuginfod.ubuntu.com LD_LIBRARY_PATH=/home/ely/duo_ros_ws/install/armor_executor/lib:/home/ely/duo_ros_ws/install/auto_aim_interfaces/lib:/home/ely/duo_ros_ws/install/rm_serial_driver/lib:/home/ely/duo_ros_ws/install/hik_camera/lib:/home/ely/duo_ros_ws/install/armor_tracker/lib:/home/ely/duo_ros_ws/install/armor_detector/lib:/opt/MVS/lib/64:/opt/MVS/lib/32:/opt/ros/jazzy/opt/rviz_ogre_vendor/lib:/opt/ros/jazzy/lib/x86_64-linux-gnu:/opt/ros/jazzy/opt/gz_math_vendor/lib:/opt/ros/jazzy/opt/gz_utils_vendor/lib:/opt/ros/jazzy/opt/gz_cmake_vendor/lib:/opt/ros/jazzy/lib /usr/bin/cmake --install /home/ely/duo_ros_ws/build/armor_tracker
[39.506s] -- Install configuration: "RelWithDebInfo"
[39.506s] -- Execute custom install script
[39.506s] -- Symlinking: /home/ely/duo_ros_ws/install/armor_tracker/lib/armor_tracker/armor_tracker_node
[39.515s] -- Symlinking: /home/ely/duo_ros_ws/install/armor_tracker/include/armor_tracker/extended_kalman_filter.hpp
[39.522s] -- Symlinking: /home/ely/duo_ros_ws/install/armor_tracker/include/armor_tracker/tracker.hpp
[39.530s] -- Symlinking: /home/ely/duo_ros_ws/install/armor_tracker/include/armor_tracker/tracker_node.hpp
[39.539s] -- Symlinking: /home/ely/duo_ros_ws/install/armor_tracker/share/armor_tracker/environment/library_path.sh
[39.549s] -- Symlinking: /home/ely/duo_ros_ws/install/armor_tracker/share/armor_tracker/environment/library_path.dsv
[39.559s] -- Symlinking: /home/ely/duo_ros_ws/install/armor_tracker/lib/libarmor_tracker.so
[39.567s] -- Symlinking: /home/ely/duo_ros_ws/install/armor_tracker/share/ament_index/resource_index/package_run_dependencies/armor_tracker
[39.580s] -- Symlinking: /home/ely/duo_ros_ws/install/armor_tracker/share/ament_index/resource_index/parent_prefix_path/armor_tracker
[39.593s] -- Symlinking: /home/ely/duo_ros_ws/install/armor_tracker/share/armor_tracker/environment/ament_prefix_path.sh
[39.605s] -- Symlinking: /home/ely/duo_ros_ws/install/armor_tracker/share/armor_tracker/environment/ament_prefix_path.dsv
[39.614s] -- Symlinking: /home/ely/duo_ros_ws/install/armor_tracker/share/armor_tracker/environment/path.sh
[39.627s] -- Symlinking: /home/ely/duo_ros_ws/install/armor_tracker/share/armor_tracker/environment/path.dsv
[39.635s] -- Symlinking: /home/ely/duo_ros_ws/install/armor_tracker/share/armor_tracker/local_setup.bash
[39.644s] -- Symlinking: /home/ely/duo_ros_ws/install/armor_tracker/share/armor_tracker/local_setup.sh
[39.654s] -- Symlinking: /home/ely/duo_ros_ws/install/armor_tracker/share/armor_tracker/local_setup.zsh
[39.664s] -- Symlinking: /home/ely/duo_ros_ws/install/armor_tracker/share/armor_tracker/local_setup.dsv
[39.672s] -- Symlinking: /home/ely/duo_ros_ws/install/armor_tracker/share/armor_tracker/package.dsv
[39.681s] -- Symlinking: /home/ely/duo_ros_ws/install/armor_tracker/share/ament_index/resource_index/packages/armor_tracker
[39.690s] -- Symlinking: /home/ely/duo_ros_ws/install/armor_tracker/share/ament_index/resource_index/rclcpp_components/armor_tracker
[39.697s] -- Symlinking: /home/ely/duo_ros_ws/install/armor_tracker/share/armor_tracker/cmake/ament_cmake_export_dependencies-extras.cmake
[39.706s] -- Symlinking: /home/ely/duo_ros_ws/install/armor_tracker/share/armor_tracker/cmake/ament_cmake_export_include_directories-extras.cmake
[39.714s] -- Symlinking: /home/ely/duo_ros_ws/install/armor_tracker/share/armor_tracker/cmake/ament_cmake_export_libraries-extras.cmake
[39.722s] -- Symlinking: /home/ely/duo_ros_ws/install/armor_tracker/share/armor_tracker/cmake/armor_trackerConfig.cmake
[39.730s] -- Symlinking: /home/ely/duo_ros_ws/install/armor_tracker/share/armor_tracker/cmake/armor_trackerConfig-version.cmake
[39.739s] -- Symlinking: /home/ely/duo_ros_ws/install/armor_tracker/share/armor_tracker/package.xml
[39.751s] Invoked command in '/home/ely/duo_ros_ws/build/armor_tracker' returned '0': CMAKE_PREFIX_PATH=/home/ely/duo_ros_ws/install/armor_executor:/home/ely/duo_ros_ws/install/auto_aim_interfaces:/home/ely/duo_ros_ws/install/rm_vision_bringup:/home/ely/duo_ros_ws/install/rm_serial_driver:/home/ely/duo_ros_ws/install/rm_gimbal_description:/home/ely/duo_ros_ws/install/hik_camera:/home/ely/duo_ros_ws/install/armor_tracker:/home/ely/duo_ros_ws/install/armor_detector:/opt/ros/jazzy/opt/gz_math_vendor:/opt/ros/jazzy/opt/gz_utils_vendor:/opt/ros/jazzy/opt/gz_cmake_vendor:/opt/ros/jazzy DEBUGINFOD_URLS=https://debuginfod.ubuntu.com LD_LIBRARY_PATH=/home/ely/duo_ros_ws/install/armor_executor/lib:/home/ely/duo_ros_ws/install/auto_aim_interfaces/lib:/home/ely/duo_ros_ws/install/rm_serial_driver/lib:/home/ely/duo_ros_ws/install/hik_camera/lib:/home/ely/duo_ros_ws/install/armor_tracker/lib:/home/ely/duo_ros_ws/install/armor_detector/lib:/opt/MVS/lib/64:/opt/MVS/lib/32:/opt/ros/jazzy/opt/rviz_ogre_vendor/lib:/opt/ros/jazzy/lib/x86_64-linux-gnu:/opt/ros/jazzy/opt/gz_math_vendor/lib:/opt/ros/jazzy/opt/gz_utils_vendor/lib:/opt/ros/jazzy/opt/gz_cmake_vendor/lib:/opt/ros/jazzy/lib /usr/bin/cmake --install /home/ely/duo_ros_ws/build/armor_tracker
