Info    2025-02-28 22:05:03  DevID:MV-CA016-10UC(00J27288533)  Source-Line:libMvCameraControl.so(CInterfaceManager.cpp-L0809)     Description:Current dynamic library path[/home/ely/duo_ros_ws/install/hik_camera/lib/libMvCameraControl.so]     Solution:
Info    2025-02-28 22:05:03  DevID:MV-CA016-10UC(00J27288533)  Source-Line:libMvCameraControl.so(CInterfaceManager.cpp-L0812)     Description:CamCtl_Version: 3.2.1.0     Solution:
Info    2025-02-28 22:05:03  DevID:MV-CA016-10UC(00J27288533)  Source-Line:libMvCameraControl.so(CInterfaceManager.cpp-L0813)     Description:CamCtl_Description: BaseLine Build 20211203     Solution:
Info    2025-02-28 22:05:03  DevID:MV-CA016-10UC(00J27288533)  Source-Line:libMvCameraControl.so(CInterfaceManager.cpp-L0815)     Description:[MV_CC_CreateHandle] return[0x0]     Solution:
Info    2025-02-28 22:05:03  DevID:MV-CA016-10UC(00J27288533)  Source-Line:libMvCameraControl.so(CInterfaceManager.cpp-L6710)     Description:CamCtrl[0x3020100], U3V SDKVersion[0x3020100], DriverVersion[0x0]     Solution:
Info    2025-02-28 22:05:04  DevID:MV-CA016-10UC(00J27288533)  Source-Line:libMvCameraControl.so(CInterfaceManager.cpp-L4236)     Description:[MV_CC_InvalidateNodes] return[0x0]     Solution:
Info    2025-02-28 22:05:04  DevID:MV-CA016-10UC(00J27288533)  Source-Line:libMvCameraControl.so(CInterfaceManager.cpp-L1086)     Description:[MV_CC_OpenDevice] nPrivilegeMode[1], nSwitchoverKey[0], return[0x0]     Solution:
Info    2025-02-28 22:05:04  DevID:MV-CA016-10UC(00J27288533)  Source-Line:libMvCameraControl.so(CInterfaceManager.cpp-L3684)     Description:[MV_CC_GetImageInfo] return[0x0]     Solution:
Info    2025-02-28 22:05:04  DevID:MV-CA016-10UC(00J27288533)  Source-Line:libMvCameraControl.so(CInterfaceManager.cpp-L1703)     Description:U3V, DeviceModelName[MV-CA016-10UC], DeviceFirmwareVersion[V1.6.3 201222,20091101], DeviceMaxThroughput[37500000]     Solution:
Info    2025-02-28 22:05:04  DevID:MV-CA016-10UC(00J27288533)  Source-Line:libMvCameraControl.so(CInterfaceManager.cpp-L1708)     Description:U3V, Width[1440], Height[1080], OffsetX[0], OffsetY[0], PixelFormat[0x1080009], AcquisitionMode[2]     Solution:
Info    2025-02-28 22:05:04  DevID:MV-CA016-10UC(00J27288533)  Source-Line:libMvCameraControl.so(CInterfaceManager.cpp-L1713)     Description:U3V, TriggerMode[0], ResultingFrameRate[24.11], ExposureTime[1000.00], ExposureAuto[0], PayloadSize[1555200]     Solution:
Info    2025-02-28 22:05:04  DevID:MV-CA016-10UC(00J27288533)  Source-Line:libMvCameraControl.so(CInterfaceManager.cpp-L6315)     Description:CamCtrl RecvThread Start, ThreadId[-1210054976]     Solution:
Info    2025-02-28 22:05:04  DevID:MV-CA016-10UC(00J27288533)  Source-Line:libMvCameraControl.so(CInterfaceManager.cpp-L6083)     Description:CamCtrl Display Thread Start, ThreadId[-1220540736]     Solution:
Info    2025-02-28 22:05:04  DevID:MV-CA016-10UC(00J27288533)  Source-Line:libMvCameraControl.so(CInterfaceManager.cpp-L1795)     Description:There is no registration callback     Solution:
Info    2025-02-28 22:05:04  DevID:MV-CA016-10UC(00J27288533)  Source-Line:libMvCameraControl.so(CInterfaceManager.cpp-L1800)     Description:[MV_CC_StartGrabbing] return[0x0]     Solution:
Error   2025-02-28 22:05:05  DevID:MV-CA016-10UC(00J27288533)  Source-Line:libMvCameraControl.so(CInterfaceManager.cpp-L7947)     Description:[MV_CC_ConvertPixelType] return[0x80000002]     Solution:
Info    2025-02-28 22:06:13  DevID:MV-CA016-10UC(00J27288533)  Source-Line:libMvCameraControl.so(CInterfaceManager.cpp-L1888)     Description:[StopGrabbing] return[0x0]     Solution:
Info    2025-02-28 22:06:13  DevID:MV-CA016-10UC(00J27288533)  Source-Line:libMvCameraControl.so(CInterfaceManager.cpp-L6545)     Description:RecvThread Process Exit     Solution:
Info    2025-02-28 22:06:13  DevID:MV-CA016-10UC(00J27288533)  Source-Line:libMvCameraControl.so(CInterfaceManager.cpp-L6299)     Description:Display process exit     Solution:
Info    2025-02-28 22:06:13  DevID:MV-CA016-10UC(00J27288533)  Source-Line:libMvCameraControl.so(CInterfaceManager.cpp-L1166)     Description:[CloseDevice] return[0x0]     Solution:
Info    2025-02-28 22:08:16  DevID:MV-CA016-10UC(00J27288533)  Source-Line:libMvCameraControl.so(CInterfaceManager.cpp-L0809)     Description:Current dynamic library path[/home/ely/duo_ros_ws/install/hik_camera/lib/libMvCameraControl.so]     Solution:
Info    2025-02-28 22:08:16  DevID:MV-CA016-10UC(00J27288533)  Source-Line:libMvCameraControl.so(CInterfaceManager.cpp-L0812)     Description:CamCtl_Version: 3.2.1.0     Solution:
Info    2025-02-28 22:08:16  DevID:MV-CA016-10UC(00J27288533)  Source-Line:libMvCameraControl.so(CInterfaceManager.cpp-L0813)     Description:CamCtl_Description: BaseLine Build 20211203     Solution:
Info    2025-02-28 22:08:16  DevID:MV-CA016-10UC(00J27288533)  Source-Line:libMvCameraControl.so(CInterfaceManager.cpp-L0815)     Description:[MV_CC_CreateHandle] return[0x0]     Solution:
Info    2025-02-28 22:08:16  DevID:MV-CA016-10UC(00J27288533)  Source-Line:libMvCameraControl.so(CInterfaceManager.cpp-L6710)     Description:CamCtrl[0x3020100], U3V SDKVersion[0x3020100], DriverVersion[0x0]     Solution:
Info    2025-02-28 22:08:17  DevID:MV-CA016-10UC(00J27288533)  Source-Line:libMvCameraControl.so(CInterfaceManager.cpp-L4236)     Description:[MV_CC_InvalidateNodes] return[0x0]     Solution:
Info    2025-02-28 22:08:17  DevID:MV-CA016-10UC(00J27288533)  Source-Line:libMvCameraControl.so(CInterfaceManager.cpp-L1086)     Description:[MV_CC_OpenDevice] nPrivilegeMode[1], nSwitchoverKey[0], return[0x0]     Solution:
Info    2025-02-28 22:08:17  DevID:MV-CA016-10UC(00J27288533)  Source-Line:libMvCameraControl.so(CInterfaceManager.cpp-L3684)     Description:[MV_CC_GetImageInfo] return[0x0]     Solution:
Info    2025-02-28 22:08:17  DevID:MV-CA016-10UC(00J27288533)  Source-Line:libMvCameraControl.so(CInterfaceManager.cpp-L1703)     Description:U3V, DeviceModelName[MV-CA016-10UC], DeviceFirmwareVersion[V1.6.3 201222,20091101], DeviceMaxThroughput[37500000]     Solution:
Info    2025-02-28 22:08:17  DevID:MV-CA016-10UC(00J27288533)  Source-Line:libMvCameraControl.so(CInterfaceManager.cpp-L1708)     Description:U3V, Width[1440], Height[1080], OffsetX[0], OffsetY[0], PixelFormat[0x1080009], AcquisitionMode[2]     Solution:
Info    2025-02-28 22:08:17  DevID:MV-CA016-10UC(00J27288533)  Source-Line:libMvCameraControl.so(CInterfaceManager.cpp-L1713)     Description:U3V, TriggerMode[0], ResultingFrameRate[24.11], ExposureTime[1000.00], ExposureAuto[0], PayloadSize[1555200]     Solution:
Info    2025-02-28 22:08:17  DevID:MV-CA016-10UC(00J27288533)  Source-Line:libMvCameraControl.so(CInterfaceManager.cpp-L6315)     Description:CamCtrl RecvThread Start, ThreadId[1767900864]     Solution:
Info    2025-02-28 22:08:17  DevID:MV-CA016-10UC(00J27288533)  Source-Line:libMvCameraControl.so(CInterfaceManager.cpp-L6083)     Description:CamCtrl Display Thread Start, ThreadId[1757415104]     Solution:
Info    2025-02-28 22:08:17  DevID:MV-CA016-10UC(00J27288533)  Source-Line:libMvCameraControl.so(CInterfaceManager.cpp-L1795)     Description:There is no registration callback     Solution:
Info    2025-02-28 22:08:17  DevID:MV-CA016-10UC(00J27288533)  Source-Line:libMvCameraControl.so(CInterfaceManager.cpp-L1800)     Description:[MV_CC_StartGrabbing] return[0x0]     Solution:
Error   2025-02-28 22:08:17  DevID:MV-CA016-10UC(00J27288533)  Source-Line:libMvCameraControl.so(CInterfaceManager.cpp-L7947)     Description:[MV_CC_ConvertPixelType] return[0x80000002]     Solution:
Info    2025-02-28 22:08:24  DevID:MV-CA016-10UC(00J27288533)  Source-Line:libMvCameraControl.so(CInterfaceManager.cpp-L1888)     Description:[StopGrabbing] return[0x0]     Solution:
Info    2025-02-28 22:08:24  DevID:MV-CA016-10UC(00J27288533)  Source-Line:libMvCameraControl.so(CInterfaceManager.cpp-L6545)     Description:RecvThread Process Exit     Solution:
Info    2025-02-28 22:08:24  DevID:MV-CA016-10UC(00J27288533)  Source-Line:libMvCameraControl.so(CInterfaceManager.cpp-L6299)     Description:Display process exit     Solution:
Info    2025-02-28 22:08:26  DevID:MV-CA016-10UC(00J27288533)  Source-Line:libMvCameraControl.so(CInterfaceManager.cpp-L1166)     Description:[CloseDevice] return[0x0]     Solution:
Info    2025-02-28 22:34:43  DevID:MV-CA016-10UC(00J27288533)  Source-Line:libMvCameraControl.so(CInterfaceManager.cpp-L0809)     Description:Current dynamic library path[/home/ely/duo_ros_ws/install/hik_camera/lib/libMvCameraControl.so]     Solution:
Info    2025-02-28 22:34:43  DevID:MV-CA016-10UC(00J27288533)  Source-Line:libMvCameraControl.so(CInterfaceManager.cpp-L0812)     Description:CamCtl_Version: 3.2.1.0     Solution:
Info    2025-02-28 22:34:43  DevID:MV-CA016-10UC(00J27288533)  Source-Line:libMvCameraControl.so(CInterfaceManager.cpp-L0813)     Description:CamCtl_Description: BaseLine Build 20211203     Solution:
Info    2025-02-28 22:34:43  DevID:MV-CA016-10UC(00J27288533)  Source-Line:libMvCameraControl.so(CInterfaceManager.cpp-L0815)     Description:[MV_CC_CreateHandle] return[0x0]     Solution:
Info    2025-02-28 22:34:43  DevID:MV-CA016-10UC(00J27288533)  Source-Line:libMvCameraControl.so(CInterfaceManager.cpp-L6710)     Description:CamCtrl[0x3020100], U3V SDKVersion[0x3020100], DriverVersion[0x0]     Solution:
Info    2025-02-28 22:34:44  DevID:MV-CA016-10UC(00J27288533)  Source-Line:libMvCameraControl.so(CInterfaceManager.cpp-L4236)     Description:[MV_CC_InvalidateNodes] return[0x0]     Solution:
Info    2025-02-28 22:34:44  DevID:MV-CA016-10UC(00J27288533)  Source-Line:libMvCameraControl.so(CInterfaceManager.cpp-L1086)     Description:[MV_CC_OpenDevice] nPrivilegeMode[1], nSwitchoverKey[0], return[0x0]     Solution:
Info    2025-02-28 22:34:44  DevID:MV-CA016-10UC(00J27288533)  Source-Line:libMvCameraControl.so(CInterfaceManager.cpp-L3684)     Description:[MV_CC_GetImageInfo] return[0x0]     Solution:
Info    2025-02-28 22:34:44  DevID:MV-CA016-10UC(00J27288533)  Source-Line:libMvCameraControl.so(CInterfaceManager.cpp-L1703)     Description:U3V, DeviceModelName[MV-CA016-10UC], DeviceFirmwareVersion[V1.6.3 201222,20091101], DeviceMaxThroughput[37500000]     Solution:
Info    2025-02-28 22:34:44  DevID:MV-CA016-10UC(00J27288533)  Source-Line:libMvCameraControl.so(CInterfaceManager.cpp-L1708)     Description:U3V, Width[1440], Height[1080], OffsetX[0], OffsetY[0], PixelFormat[0x1080009], AcquisitionMode[2]     Solution:
Info    2025-02-28 22:34:44  DevID:MV-CA016-10UC(00J27288533)  Source-Line:libMvCameraControl.so(CInterfaceManager.cpp-L1713)     Description:U3V, TriggerMode[0], ResultingFrameRate[24.11], ExposureTime[1000.00], ExposureAuto[0], PayloadSize[1555200]     Solution:
Info    2025-02-28 22:34:44  DevID:MV-CA016-10UC(00J27288533)  Source-Line:libMvCameraControl.so(CInterfaceManager.cpp-L6083)     Description:CamCtrl Display Thread Start, ThreadId[-503314752]     Solution:
Info    2025-02-28 22:34:44  DevID:MV-CA016-10UC(00J27288533)  Source-Line:libMvCameraControl.so(CInterfaceManager.cpp-L6315)     Description:CamCtrl RecvThread Start, ThreadId[-492828992]     Solution:
Info    2025-02-28 22:34:44  DevID:MV-CA016-10UC(00J27288533)  Source-Line:libMvCameraControl.so(CInterfaceManager.cpp-L1795)     Description:There is no registration callback     Solution:
Info    2025-02-28 22:34:44  DevID:MV-CA016-10UC(00J27288533)  Source-Line:libMvCameraControl.so(CInterfaceManager.cpp-L1800)     Description:[MV_CC_StartGrabbing] return[0x0]     Solution:
Error   2025-02-28 22:34:44  DevID:MV-CA016-10UC(00J27288533)  Source-Line:libMvCameraControl.so(CInterfaceManager.cpp-L7947)     Description:[MV_CC_ConvertPixelType] return[0x80000002]     Solution:
Info    2025-02-28 22:34:46  DevID:MV-CA016-10UC(00J27288533)  Source-Line:libMvCameraControl.so(CInterfaceManager.cpp-L1888)     Description:[StopGrabbing] return[0x0]     Solution:
Info    2025-02-28 22:34:46  DevID:MV-CA016-10UC(00J27288533)  Source-Line:libMvCameraControl.so(CInterfaceManager.cpp-L6299)     Description:Display process exit     Solution:
Info    2025-02-28 22:34:46  DevID:MV-CA016-10UC(00J27288533)  Source-Line:libMvCameraControl.so(CInterfaceManager.cpp-L6545)     Description:RecvThread Process Exit     Solution:
Info    2025-02-28 22:34:47  DevID:MV-CA016-10UC(00J27288533)  Source-Line:libMvCameraControl.so(CInterfaceManager.cpp-L1166)     Description:[CloseDevice] return[0x0]     Solution:
Info    2025-02-28 22:34:50  DevID:MV-CA016-10UC(00J27288533)  Source-Line:libMvCameraControl.so(CInterfaceManager.cpp-L0809)     Description:Current dynamic library path[/home/ely/duo_ros_ws/install/hik_camera/lib/libMvCameraControl.so]     Solution:
Info    2025-02-28 22:34:50  DevID:MV-CA016-10UC(00J27288533)  Source-Line:libMvCameraControl.so(CInterfaceManager.cpp-L0812)     Description:CamCtl_Version: 3.2.1.0     Solution:
Info    2025-02-28 22:34:50  DevID:MV-CA016-10UC(00J27288533)  Source-Line:libMvCameraControl.so(CInterfaceManager.cpp-L0813)     Description:CamCtl_Description: BaseLine Build 20211203     Solution:
Info    2025-02-28 22:34:50  DevID:MV-CA016-10UC(00J27288533)  Source-Line:libMvCameraControl.so(CInterfaceManager.cpp-L0815)     Description:[MV_CC_CreateHandle] return[0x0]     Solution:
Info    2025-02-28 22:34:50  DevID:MV-CA016-10UC(00J27288533)  Source-Line:libMvCameraControl.so(CInterfaceManager.cpp-L6710)     Description:CamCtrl[0x3020100], U3V SDKVersion[0x3020100], DriverVersion[0x0]     Solution:
Info    2025-02-28 22:34:50  DevID:MV-CA016-10UC(00J27288533)  Source-Line:libMvCameraControl.so(CInterfaceManager.cpp-L4236)     Description:[MV_CC_InvalidateNodes] return[0x0]     Solution:
Info    2025-02-28 22:34:50  DevID:MV-CA016-10UC(00J27288533)  Source-Line:libMvCameraControl.so(CInterfaceManager.cpp-L1086)     Description:[MV_CC_OpenDevice] nPrivilegeMode[1], nSwitchoverKey[0], return[0x0]     Solution:
Info    2025-02-28 22:34:50  DevID:MV-CA016-10UC(00J27288533)  Source-Line:libMvCameraControl.so(CInterfaceManager.cpp-L3684)     Description:[MV_CC_GetImageInfo] return[0x0]     Solution:
Info    2025-02-28 22:34:51  DevID:MV-CA016-10UC(00J27288533)  Source-Line:libMvCameraControl.so(CInterfaceManager.cpp-L1703)     Description:U3V, DeviceModelName[MV-CA016-10UC], DeviceFirmwareVersion[V1.6.3 201222,20091101], DeviceMaxThroughput[37500000]     Solution:
Info    2025-02-28 22:34:51  DevID:MV-CA016-10UC(00J27288533)  Source-Line:libMvCameraControl.so(CInterfaceManager.cpp-L1708)     Description:U3V, Width[1440], Height[1080], OffsetX[0], OffsetY[0], PixelFormat[0x1080009], AcquisitionMode[2]     Solution:
Info    2025-02-28 22:34:51  DevID:MV-CA016-10UC(00J27288533)  Source-Line:libMvCameraControl.so(CInterfaceManager.cpp-L1713)     Description:U3V, TriggerMode[0], ResultingFrameRate[24.11], ExposureTime[1000.00], ExposureAuto[0], PayloadSize[1555200]     Solution:
Info    2025-02-28 22:34:51  DevID:MV-CA016-10UC(00J27288533)  Source-Line:libMvCameraControl.so(CInterfaceManager.cpp-L6315)     Description:CamCtrl RecvThread Start, ThreadId[-1700788544]     Solution:
Info    2025-02-28 22:34:51  DevID:MV-CA016-10UC(00J27288533)  Source-Line:libMvCameraControl.so(CInterfaceManager.cpp-L6083)     Description:CamCtrl Display Thread Start, ThreadId[-1711274304]     Solution:
Info    2025-02-28 22:34:51  DevID:MV-CA016-10UC(00J27288533)  Source-Line:libMvCameraControl.so(CInterfaceManager.cpp-L1795)     Description:There is no registration callback     Solution:
Info    2025-02-28 22:34:51  DevID:MV-CA016-10UC(00J27288533)  Source-Line:libMvCameraControl.so(CInterfaceManager.cpp-L1800)     Description:[MV_CC_StartGrabbing] return[0x0]     Solution:
Error   2025-02-28 22:34:51  DevID:MV-CA016-10UC(00J27288533)  Source-Line:libMvCameraControl.so(CInterfaceManager.cpp-L7947)     Description:[MV_CC_ConvertPixelType] return[0x80000002]     Solution:
Info    2025-02-28 22:34:53  DevID:MV-CA016-10UC(00J27288533)  Source-Line:libMvCameraControl.so(CInterfaceManager.cpp-L1888)     Description:[StopGrabbing] return[0x0]     Solution:
Info    2025-02-28 22:34:53  DevID:MV-CA016-10UC(00J27288533)  Source-Line:libMvCameraControl.so(CInterfaceManager.cpp-L6545)     Description:RecvThread Process Exit     Solution:
Info    2025-02-28 22:34:53  DevID:MV-CA016-10UC(00J27288533)  Source-Line:libMvCameraControl.so(CInterfaceManager.cpp-L6299)     Description:Display process exit     Solution:
Info    2025-02-28 22:34:54  DevID:MV-CA016-10UC(00J27288533)  Source-Line:libMvCameraControl.so(CInterfaceManager.cpp-L1166)     Description:[CloseDevice] return[0x0]     Solution:
Info    2025-02-28 22:36:12  DevID:MV-CA016-10UC(00J27288533)  Source-Line:libMvCameraControl.so(CInterfaceManager.cpp-L0809)     Description:Current dynamic library path[/home/ely/duo_ros_ws/install/hik_camera/lib/libMvCameraControl.so]     Solution:
Info    2025-02-28 22:36:12  DevID:MV-CA016-10UC(00J27288533)  Source-Line:libMvCameraControl.so(CInterfaceManager.cpp-L0812)     Description:CamCtl_Version: 3.2.1.0     Solution:
Info    2025-02-28 22:36:12  DevID:MV-CA016-10UC(00J27288533)  Source-Line:libMvCameraControl.so(CInterfaceManager.cpp-L0813)     Description:CamCtl_Description: BaseLine Build 20211203     Solution:
Info    2025-02-28 22:36:12  DevID:MV-CA016-10UC(00J27288533)  Source-Line:libMvCameraControl.so(CInterfaceManager.cpp-L0815)     Description:[MV_CC_CreateHandle] return[0x0]     Solution:
Info    2025-02-28 22:36:12  DevID:MV-CA016-10UC(00J27288533)  Source-Line:libMvCameraControl.so(CInterfaceManager.cpp-L6710)     Description:CamCtrl[0x3020100], U3V SDKVersion[0x3020100], DriverVersion[0x0]     Solution:
Info    2025-02-28 22:36:12  DevID:MV-CA016-10UC(00J27288533)  Source-Line:libMvCameraControl.so(CInterfaceManager.cpp-L4236)     Description:[MV_CC_InvalidateNodes] return[0x0]     Solution:
Info    2025-02-28 22:36:12  DevID:MV-CA016-10UC(00J27288533)  Source-Line:libMvCameraControl.so(CInterfaceManager.cpp-L1086)     Description:[MV_CC_OpenDevice] nPrivilegeMode[1], nSwitchoverKey[0], return[0x0]     Solution:
Info    2025-02-28 22:36:12  DevID:MV-CA016-10UC(00J27288533)  Source-Line:libMvCameraControl.so(CInterfaceManager.cpp-L3684)     Description:[MV_CC_GetImageInfo] return[0x0]     Solution:
Info    2025-02-28 22:36:12  DevID:MV-CA016-10UC(00J27288533)  Source-Line:libMvCameraControl.so(CInterfaceManager.cpp-L1703)     Description:U3V, DeviceModelName[MV-CA016-10UC], DeviceFirmwareVersion[V1.6.3 201222,20091101], DeviceMaxThroughput[37500000]     Solution:
Info    2025-02-28 22:36:12  DevID:MV-CA016-10UC(00J27288533)  Source-Line:libMvCameraControl.so(CInterfaceManager.cpp-L1708)     Description:U3V, Width[1440], Height[1080], OffsetX[0], OffsetY[0], PixelFormat[0x1080009], AcquisitionMode[2]     Solution:
Info    2025-02-28 22:36:12  DevID:MV-CA016-10UC(00J27288533)  Source-Line:libMvCameraControl.so(CInterfaceManager.cpp-L1713)     Description:U3V, TriggerMode[0], ResultingFrameRate[24.11], ExposureTime[1000.00], ExposureAuto[0], PayloadSize[1555200]     Solution:
Info    2025-02-28 22:36:12  DevID:MV-CA016-10UC(00J27288533)  Source-Line:libMvCameraControl.so(CInterfaceManager.cpp-L6315)     Description:CamCtrl RecvThread Start, ThreadId[994051776]     Solution:
Info    2025-02-28 22:36:12  DevID:MV-CA016-10UC(00J27288533)  Source-Line:libMvCameraControl.so(CInterfaceManager.cpp-L6083)     Description:CamCtrl Display Thread Start, ThreadId[983566016]     Solution:
Info    2025-02-28 22:36:12  DevID:MV-CA016-10UC(00J27288533)  Source-Line:libMvCameraControl.so(CInterfaceManager.cpp-L1795)     Description:There is no registration callback     Solution:
Info    2025-02-28 22:36:12  DevID:MV-CA016-10UC(00J27288533)  Source-Line:libMvCameraControl.so(CInterfaceManager.cpp-L1800)     Description:[MV_CC_StartGrabbing] return[0x0]     Solution:
Error   2025-02-28 22:36:12  DevID:MV-CA016-10UC(00J27288533)  Source-Line:libMvCameraControl.so(CInterfaceManager.cpp-L7947)     Description:[MV_CC_ConvertPixelType] return[0x80000002]     Solution:
Info    2025-02-28 22:36:26  DevID:MV-CA016-10UC(00J27288533)  Source-Line:libMvCameraControl.so(CInterfaceManager.cpp-L1888)     Description:[StopGrabbing] return[0x0]     Solution:
Info    2025-02-28 22:36:26  DevID:MV-CA016-10UC(00J27288533)  Source-Line:libMvCameraControl.so(CInterfaceManager.cpp-L6545)     Description:RecvThread Process Exit     Solution:
Info    2025-02-28 22:36:26  DevID:MV-CA016-10UC(00J27288533)  Source-Line:libMvCameraControl.so(CInterfaceManager.cpp-L6299)     Description:Display process exit     Solution:
Info    2025-02-28 22:36:26  DevID:MV-CA016-10UC(00J27288533)  Source-Line:libMvCameraControl.so(CInterfaceManager.cpp-L1166)     Description:[CloseDevice] return[0x0]     Solution:
Info    2025-02-28 22:36:50  DevID:MV-CA016-10UC(00J27288533)  Source-Line:libMvCameraControl.so(CInterfaceManager.cpp-L0809)     Description:Current dynamic library path[/home/ely/duo_ros_ws/install/hik_camera/lib/libMvCameraControl.so]     Solution:
Info    2025-02-28 22:36:50  DevID:MV-CA016-10UC(00J27288533)  Source-Line:libMvCameraControl.so(CInterfaceManager.cpp-L0812)     Description:CamCtl_Version: 3.2.1.0     Solution:
Info    2025-02-28 22:36:50  DevID:MV-CA016-10UC(00J27288533)  Source-Line:libMvCameraControl.so(CInterfaceManager.cpp-L0813)     Description:CamCtl_Description: BaseLine Build 20211203     Solution:
Info    2025-02-28 22:36:50  DevID:MV-CA016-10UC(00J27288533)  Source-Line:libMvCameraControl.so(CInterfaceManager.cpp-L0815)     Description:[MV_CC_CreateHandle] return[0x0]     Solution:
Info    2025-02-28 22:36:50  DevID:MV-CA016-10UC(00J27288533)  Source-Line:libMvCameraControl.so(CInterfaceManager.cpp-L6710)     Description:CamCtrl[0x3020100], U3V SDKVersion[0x3020100], DriverVersion[0x0]     Solution:
Info    2025-02-28 22:36:50  DevID:MV-CA016-10UC(00J27288533)  Source-Line:libMvCameraControl.so(CInterfaceManager.cpp-L4236)     Description:[MV_CC_InvalidateNodes] return[0x0]     Solution:
Info    2025-02-28 22:36:50  DevID:MV-CA016-10UC(00J27288533)  Source-Line:libMvCameraControl.so(CInterfaceManager.cpp-L1086)     Description:[MV_CC_OpenDevice] nPrivilegeMode[1], nSwitchoverKey[0], return[0x0]     Solution:
Info    2025-02-28 22:36:50  DevID:MV-CA016-10UC(00J27288533)  Source-Line:libMvCameraControl.so(CInterfaceManager.cpp-L3684)     Description:[MV_CC_GetImageInfo] return[0x0]     Solution:
Info    2025-02-28 22:36:50  DevID:MV-CA016-10UC(00J27288533)  Source-Line:libMvCameraControl.so(CInterfaceManager.cpp-L1703)     Description:U3V, DeviceModelName[MV-CA016-10UC], DeviceFirmwareVersion[V1.6.3 201222,20091101], DeviceMaxThroughput[37500000]     Solution:
Info    2025-02-28 22:36:50  DevID:MV-CA016-10UC(00J27288533)  Source-Line:libMvCameraControl.so(CInterfaceManager.cpp-L1708)     Description:U3V, Width[1440], Height[1080], OffsetX[0], OffsetY[0], PixelFormat[0x1080009], AcquisitionMode[2]     Solution:
Info    2025-02-28 22:36:50  DevID:MV-CA016-10UC(00J27288533)  Source-Line:libMvCameraControl.so(CInterfaceManager.cpp-L1713)     Description:U3V, TriggerMode[0], ResultingFrameRate[24.11], ExposureTime[1000.00], ExposureAuto[0], PayloadSize[1555200]     Solution:
Info    2025-02-28 22:36:50  DevID:MV-CA016-10UC(00J27288533)  Source-Line:libMvCameraControl.so(CInterfaceManager.cpp-L6315)     Description:CamCtrl RecvThread Start, ThreadId[-255850816]     Solution:
Info    2025-02-28 22:36:50  DevID:MV-CA016-10UC(00J27288533)  Source-Line:libMvCameraControl.so(CInterfaceManager.cpp-L6083)     Description:CamCtrl Display Thread Start, ThreadId[-404748608]     Solution:
Info    2025-02-28 22:36:50  DevID:MV-CA016-10UC(00J27288533)  Source-Line:libMvCameraControl.so(CInterfaceManager.cpp-L1795)     Description:There is no registration callback     Solution:
Info    2025-02-28 22:36:50  DevID:MV-CA016-10UC(00J27288533)  Source-Line:libMvCameraControl.so(CInterfaceManager.cpp-L1800)     Description:[MV_CC_StartGrabbing] return[0x0]     Solution:
Error   2025-02-28 22:36:50  DevID:MV-CA016-10UC(00J27288533)  Source-Line:libMvCameraControl.so(CInterfaceManager.cpp-L7947)     Description:[MV_CC_ConvertPixelType] return[0x80000002]     Solution:
Info    2025-02-28 22:36:53  DevID:MV-CA016-10UC(00J27288533)  Source-Line:libMvCameraControl.so(CInterfaceManager.cpp-L1888)     Description:[StopGrabbing] return[0x0]     Solution:
Info    2025-02-28 22:36:53  DevID:MV-CA016-10UC(00J27288533)  Source-Line:libMvCameraControl.so(CInterfaceManager.cpp-L6299)     Description:Display process exit     Solution:
Info    2025-02-28 22:36:53  DevID:MV-CA016-10UC(00J27288533)  Source-Line:libMvCameraControl.so(CInterfaceManager.cpp-L6545)     Description:RecvThread Process Exit     Solution:
Info    2025-02-28 22:36:53  DevID:MV-CA016-10UC(00J27288533)  Source-Line:libMvCameraControl.so(CInterfaceManager.cpp-L1166)     Description:[CloseDevice] return[0x0]     Solution:
Info    2025-03-02 17:17:46  DevID:MV-CA016-10UC(00J27288533)  Source-Line:libMvCameraControl.so(CInterfaceManager.cpp-L0809)     Description:Current dynamic library path[/home/ely/duo_ros_ws/install/hik_camera/lib/libMvCameraControl.so]     Solution:
Info    2025-03-02 17:17:46  DevID:MV-CA016-10UC(00J27288533)  Source-Line:libMvCameraControl.so(CInterfaceManager.cpp-L0812)     Description:CamCtl_Version: 3.2.1.0     Solution:
Info    2025-03-02 17:17:46  DevID:MV-CA016-10UC(00J27288533)  Source-Line:libMvCameraControl.so(CInterfaceManager.cpp-L0813)     Description:CamCtl_Description: BaseLine Build 20211203     Solution:
Info    2025-03-02 17:17:46  DevID:MV-CA016-10UC(00J27288533)  Source-Line:libMvCameraControl.so(CInterfaceManager.cpp-L0815)     Description:[MV_CC_CreateHandle] return[0x0]     Solution:
Info    2025-03-02 17:17:46  DevID:MV-CA016-10UC(00J27288533)  Source-Line:libMvCameraControl.so(CInterfaceManager.cpp-L6710)     Description:CamCtrl[0x3020100], U3V SDKVersion[0x3020100], DriverVersion[0x0]     Solution:
Info    2025-03-02 17:17:47  DevID:MV-CA016-10UC(00J27288533)  Source-Line:libMvCameraControl.so(CInterfaceManager.cpp-L4236)     Description:[MV_CC_InvalidateNodes] return[0x0]     Solution:
Info    2025-03-02 17:17:47  DevID:MV-CA016-10UC(00J27288533)  Source-Line:libMvCameraControl.so(CInterfaceManager.cpp-L1086)     Description:[MV_CC_OpenDevice] nPrivilegeMode[1], nSwitchoverKey[0], return[0x0]     Solution:
Info    2025-03-02 17:17:47  DevID:MV-CA016-10UC(00J27288533)  Source-Line:libMvCameraControl.so(CInterfaceManager.cpp-L3684)     Description:[MV_CC_GetImageInfo] return[0x0]     Solution:
Info    2025-03-02 17:17:47  DevID:MV-CA016-10UC(00J27288533)  Source-Line:libMvCameraControl.so(CInterfaceManager.cpp-L1703)     Description:U3V, DeviceModelName[MV-CA016-10UC], DeviceFirmwareVersion[V1.6.3 201222,20091101], DeviceMaxThroughput[37500000]     Solution:
Info    2025-03-02 17:17:47  DevID:MV-CA016-10UC(00J27288533)  Source-Line:libMvCameraControl.so(CInterfaceManager.cpp-L1708)     Description:U3V, Width[1440], Height[1080], OffsetX[0], OffsetY[0], PixelFormat[0x1080009], AcquisitionMode[2]     Solution:
Info    2025-03-02 17:17:47  DevID:MV-CA016-10UC(00J27288533)  Source-Line:libMvCameraControl.so(CInterfaceManager.cpp-L1713)     Description:U3V, TriggerMode[0], ResultingFrameRate[24.11], ExposureTime[1000.00], ExposureAuto[0], PayloadSize[1555200]     Solution:
Info    2025-03-02 17:17:47  DevID:MV-CA016-10UC(00J27288533)  Source-Line:libMvCameraControl.so(CInterfaceManager.cpp-L6315)     Description:CamCtrl RecvThread Start, ThreadId[2145388224]     Solution:
Info    2025-03-02 17:17:47  DevID:MV-CA016-10UC(00J27288533)  Source-Line:libMvCameraControl.so(CInterfaceManager.cpp-L6083)     Description:CamCtrl Display Thread Start, ThreadId[2134902464]     Solution:
Info    2025-03-02 17:17:47  DevID:MV-CA016-10UC(00J27288533)  Source-Line:libMvCameraControl.so(CInterfaceManager.cpp-L1795)     Description:There is no registration callback     Solution:
Info    2025-03-02 17:17:47  DevID:MV-CA016-10UC(00J27288533)  Source-Line:libMvCameraControl.so(CInterfaceManager.cpp-L1800)     Description:[MV_CC_StartGrabbing] return[0x0]     Solution:
Error   2025-03-02 17:17:47  DevID:MV-CA016-10UC(00J27288533)  Source-Line:libMvCameraControl.so(CInterfaceManager.cpp-L7947)     Description:[MV_CC_ConvertPixelType] return[0x80000002]     Solution:
Info    2025-03-02 17:19:52  DevID:MV-CA016-10UC(00J27288533)  Source-Line:libMvCameraControl.so(CInterfaceManager.cpp-L1888)     Description:[StopGrabbing] return[0x0]     Solution:
Info    2025-03-02 17:19:52  DevID:MV-CA016-10UC(00J27288533)  Source-Line:libMvCameraControl.so(CInterfaceManager.cpp-L6299)     Description:Display process exit     Solution:
Info    2025-03-02 17:19:52  DevID:MV-CA016-10UC(00J27288533)  Source-Line:libMvCameraControl.so(CInterfaceManager.cpp-L6545)     Description:RecvThread Process Exit     Solution:
Info    2025-03-02 17:19:52  DevID:MV-CA016-10UC(00J27288533)  Source-Line:libMvCameraControl.so(CInterfaceManager.cpp-L1166)     Description:[CloseDevice] return[0x0]     Solution:
