Info    2025-02-28 22:05:03  DevID:MV-CA016-10UC(00J27288533)  Source-Line:libMvUsb3vTL.so(Manager.cpp-L0097)     Description:Current dynamic library path[/home/ely/duo_ros_ws/install/hik_camera/lib/libMvUsb3vTL.so]     Solution:
Info    2025-02-28 22:05:03  DevID:MV-CA016-10UC(00J27288533)  Source-Line:libMvUsb3vTL.so(Manager.cpp-L0100)     Description:U3V_Version: 3.2.1.0     Solution:
Info    2025-02-28 22:05:03  DevID:MV-CA016-10UC(00J27288533)  Source-Line:libMvUsb3vTL.so(Manager.cpp-L0101)     Description:U3V_Description: BaseLine Build 20211203     Solution:
Info    2025-02-28 22:05:03  DevID:MV-CA016-10UC(00J27288533)  Source-Line:libMvUsb3vTL.so(DriverLayer.cpp-L0419)     Description:device speed: [0x3]     Solution:
Info    2025-02-28 22:05:04  DevID:MV-CA016-10UC(00J27288533)  Source-Line:libMvUsb3vTL.so(Manager.cpp-L0368)     Description:[IsSupportEvent]     Solution:
Info    2025-02-28 22:05:04  DevID:MV-CA016-10UC(00J27288533)  Source-Line:libMvUsb3vTL.so(EventProcess.cpp-L0706)     Description:U3V EventSendThread Start     Solution:
Info    2025-02-28 22:05:04  DevID:MV-CA016-10UC(00J27288533)  Source-Line:libMvUsb3vTL.so(EventProcess.cpp-L0280)     Description:U3V EventRecvThread Start     Solution:
Info    2025-02-28 22:05:04  DevID:MV-CA016-10UC(00J27288533)  Source-Line:libMvUsb3vTL.so(StreamProcess.cpp-L1003)     Description:U3V RecvThread Start     Solution:
Info    2025-02-28 22:05:04  DevID:MV-CA016-10UC(00J27288533)  Source-Line:libMvUsb3vTL.so(DeviceControl.cpp-L1275)     Description:AcquisitionStart Execute Success     Solution:
Error   2025-02-28 22:05:05  DevID:MV-CA016-10UC(00J27288533)  Source-Line:libMvUsb3vTL.so(DriverLayer.cpp-L0785)     Description:timesOut, num_iso_packets: ff     Solution:
Error   2025-02-28 22:05:06  DevID:MV-CA016-10UC(00J27288533)  Source-Line:libMvUsb3vTL.so(DriverLayer.cpp-L0785)     Description:timesOut, num_iso_packets: ff     Solution:
Error   2025-02-28 22:05:07  DevID:MV-CA016-10UC(00J27288533)  Source-Line:libMvUsb3vTL.so(DriverLayer.cpp-L0785)     Description:timesOut, num_iso_packets: ff     Solution:
Error   2025-02-28 22:05:08  DevID:MV-CA016-10UC(00J27288533)  Source-Line:libMvUsb3vTL.so(DriverLayer.cpp-L0785)     Description:timesOut, num_iso_packets: ff     Solution:
Error   2025-02-28 22:05:09  DevID:MV-CA016-10UC(00J27288533)  Source-Line:libMvUsb3vTL.so(DriverLayer.cpp-L0785)     Description:timesOut, num_iso_packets: ff     Solution:
Error   2025-02-28 22:05:10  DevID:MV-CA016-10UC(00J27288533)  Source-Line:libMvUsb3vTL.so(DriverLayer.cpp-L0785)     Description:timesOut, num_iso_packets: ff     Solution:
Error   2025-02-28 22:05:11  DevID:MV-CA016-10UC(00J27288533)  Source-Line:libMvUsb3vTL.so(DriverLayer.cpp-L0785)     Description:timesOut, num_iso_packets: ff     Solution:
Error   2025-02-28 22:05:12  DevID:MV-CA016-10UC(00J27288533)  Source-Line:libMvUsb3vTL.so(DriverLayer.cpp-L0785)     Description:timesOut, num_iso_packets: ff     Solution:
Error   2025-02-28 22:05:13  DevID:MV-CA016-10UC(00J27288533)  Source-Line:libMvUsb3vTL.so(DriverLayer.cpp-L0785)     Description:timesOut, num_iso_packets: ff     Solution:
Error   2025-02-28 22:05:14  DevID:MV-CA016-10UC(00J27288533)  Source-Line:libMvUsb3vTL.so(DriverLayer.cpp-L0785)     Description:timesOut, num_iso_packets: ff     Solution:
Error   2025-02-28 22:05:15  DevID:MV-CA016-10UC(00J27288533)  Source-Line:libMvUsb3vTL.so(DriverLayer.cpp-L0785)     Description:timesOut, num_iso_packets: ff     Solution:
Error   2025-02-28 22:05:16  DevID:MV-CA016-10UC(00J27288533)  Source-Line:libMvUsb3vTL.so(DriverLayer.cpp-L0785)     Description:timesOut, num_iso_packets: ff     Solution:
Error   2025-02-28 22:05:17  DevID:MV-CA016-10UC(00J27288533)  Source-Line:libMvUsb3vTL.so(DriverLayer.cpp-L0785)     Description:timesOut, num_iso_packets: ff     Solution:
Error   2025-02-28 22:05:18  DevID:MV-CA016-10UC(00J27288533)  Source-Line:libMvUsb3vTL.so(DriverLayer.cpp-L0785)     Description:timesOut, num_iso_packets: ff     Solution:
Error   2025-02-28 22:05:19  DevID:MV-CA016-10UC(00J27288533)  Source-Line:libMvUsb3vTL.so(DriverLayer.cpp-L0785)     Description:timesOut, num_iso_packets: ff     Solution:
Error   2025-02-28 22:05:20  DevID:MV-CA016-10UC(00J27288533)  Source-Line:libMvUsb3vTL.so(DriverLayer.cpp-L0785)     Description:timesOut, num_iso_packets: ff     Solution:
Error   2025-02-28 22:05:21  DevID:MV-CA016-10UC(00J27288533)  Source-Line:libMvUsb3vTL.so(DriverLayer.cpp-L0785)     Description:timesOut, num_iso_packets: ff     Solution:
Error   2025-02-28 22:05:22  DevID:MV-CA016-10UC(00J27288533)  Source-Line:libMvUsb3vTL.so(DriverLayer.cpp-L0785)     Description:timesOut, num_iso_packets: ff     Solution:
Error   2025-02-28 22:05:23  DevID:MV-CA016-10UC(00J27288533)  Source-Line:libMvUsb3vTL.so(DriverLayer.cpp-L0785)     Description:timesOut, num_iso_packets: ff     Solution:
Error   2025-02-28 22:05:24  DevID:MV-CA016-10UC(00J27288533)  Source-Line:libMvUsb3vTL.so(DriverLayer.cpp-L0785)     Description:timesOut, num_iso_packets: ff     Solution:
Error   2025-02-28 22:05:25  DevID:MV-CA016-10UC(00J27288533)  Source-Line:libMvUsb3vTL.so(DriverLayer.cpp-L0785)     Description:timesOut, num_iso_packets: ff     Solution:
Error   2025-02-28 22:05:26  DevID:MV-CA016-10UC(00J27288533)  Source-Line:libMvUsb3vTL.so(DriverLayer.cpp-L0785)     Description:timesOut, num_iso_packets: ff     Solution:
Error   2025-02-28 22:05:27  DevID:MV-CA016-10UC(00J27288533)  Source-Line:libMvUsb3vTL.so(DriverLayer.cpp-L0785)     Description:timesOut, num_iso_packets: ff     Solution:
Error   2025-02-28 22:05:28  DevID:MV-CA016-10UC(00J27288533)  Source-Line:libMvUsb3vTL.so(DriverLayer.cpp-L0785)     Description:timesOut, num_iso_packets: ff     Solution:
Error   2025-02-28 22:05:29  DevID:MV-CA016-10UC(00J27288533)  Source-Line:libMvUsb3vTL.so(DriverLayer.cpp-L0785)     Description:timesOut, num_iso_packets: ff     Solution:
Error   2025-02-28 22:05:30  DevID:MV-CA016-10UC(00J27288533)  Source-Line:libMvUsb3vTL.so(DriverLayer.cpp-L0785)     Description:timesOut, num_iso_packets: ff     Solution:
Error   2025-02-28 22:05:31  DevID:MV-CA016-10UC(00J27288533)  Source-Line:libMvUsb3vTL.so(DriverLayer.cpp-L0785)     Description:timesOut, num_iso_packets: ff     Solution:
Error   2025-02-28 22:05:32  DevID:MV-CA016-10UC(00J27288533)  Source-Line:libMvUsb3vTL.so(DriverLayer.cpp-L0785)     Description:timesOut, num_iso_packets: ff     Solution:
Error   2025-02-28 22:05:33  DevID:MV-CA016-10UC(00J27288533)  Source-Line:libMvUsb3vTL.so(DriverLayer.cpp-L0785)     Description:timesOut, num_iso_packets: ff     Solution:
Error   2025-02-28 22:05:34  DevID:MV-CA016-10UC(00J27288533)  Source-Line:libMvUsb3vTL.so(DriverLayer.cpp-L0785)     Description:timesOut, num_iso_packets: ff     Solution:
Error   2025-02-28 22:05:35  DevID:MV-CA016-10UC(00J27288533)  Source-Line:libMvUsb3vTL.so(DriverLayer.cpp-L0785)     Description:timesOut, num_iso_packets: ff     Solution:
Error   2025-02-28 22:05:36  DevID:MV-CA016-10UC(00J27288533)  Source-Line:libMvUsb3vTL.so(DriverLayer.cpp-L0785)     Description:timesOut, num_iso_packets: ff     Solution:
Error   2025-02-28 22:05:37  DevID:MV-CA016-10UC(00J27288533)  Source-Line:libMvUsb3vTL.so(DriverLayer.cpp-L0785)     Description:timesOut, num_iso_packets: ff     Solution:
Error   2025-02-28 22:05:38  DevID:MV-CA016-10UC(00J27288533)  Source-Line:libMvUsb3vTL.so(DriverLayer.cpp-L0785)     Description:timesOut, num_iso_packets: ff     Solution:
Error   2025-02-28 22:05:39  DevID:MV-CA016-10UC(00J27288533)  Source-Line:libMvUsb3vTL.so(DriverLayer.cpp-L0785)     Description:timesOut, num_iso_packets: ff     Solution:
Error   2025-02-28 22:05:40  DevID:MV-CA016-10UC(00J27288533)  Source-Line:libMvUsb3vTL.so(DriverLayer.cpp-L0785)     Description:timesOut, num_iso_packets: ff     Solution:
Error   2025-02-28 22:05:41  DevID:MV-CA016-10UC(00J27288533)  Source-Line:libMvUsb3vTL.so(DriverLayer.cpp-L0785)     Description:timesOut, num_iso_packets: ff     Solution:
Error   2025-02-28 22:05:42  DevID:MV-CA016-10UC(00J27288533)  Source-Line:libMvUsb3vTL.so(DriverLayer.cpp-L0785)     Description:timesOut, num_iso_packets: ff     Solution:
Error   2025-02-28 22:05:43  DevID:MV-CA016-10UC(00J27288533)  Source-Line:libMvUsb3vTL.so(DriverLayer.cpp-L0785)     Description:timesOut, num_iso_packets: ff     Solution:
Error   2025-02-28 22:05:44  DevID:MV-CA016-10UC(00J27288533)  Source-Line:libMvUsb3vTL.so(DriverLayer.cpp-L0785)     Description:timesOut, num_iso_packets: ff     Solution:
Error   2025-02-28 22:05:45  DevID:MV-CA016-10UC(00J27288533)  Source-Line:libMvUsb3vTL.so(DriverLayer.cpp-L0785)     Description:timesOut, num_iso_packets: ff     Solution:
Error   2025-02-28 22:05:46  DevID:MV-CA016-10UC(00J27288533)  Source-Line:libMvUsb3vTL.so(DriverLayer.cpp-L0785)     Description:timesOut, num_iso_packets: ff     Solution:
Error   2025-02-28 22:05:47  DevID:MV-CA016-10UC(00J27288533)  Source-Line:libMvUsb3vTL.so(DriverLayer.cpp-L0785)     Description:timesOut, num_iso_packets: ff     Solution:
Error   2025-02-28 22:05:48  DevID:MV-CA016-10UC(00J27288533)  Source-Line:libMvUsb3vTL.so(DriverLayer.cpp-L0785)     Description:timesOut, num_iso_packets: ff     Solution:
Error   2025-02-28 22:05:49  DevID:MV-CA016-10UC(00J27288533)  Source-Line:libMvUsb3vTL.so(DriverLayer.cpp-L0785)     Description:timesOut, num_iso_packets: ff     Solution:
Error   2025-02-28 22:05:50  DevID:MV-CA016-10UC(00J27288533)  Source-Line:libMvUsb3vTL.so(DriverLayer.cpp-L0785)     Description:timesOut, num_iso_packets: ff     Solution:
Error   2025-02-28 22:05:51  DevID:MV-CA016-10UC(00J27288533)  Source-Line:libMvUsb3vTL.so(DriverLayer.cpp-L0785)     Description:timesOut, num_iso_packets: ff     Solution:
Error   2025-02-28 22:05:52  DevID:MV-CA016-10UC(00J27288533)  Source-Line:libMvUsb3vTL.so(DriverLayer.cpp-L0785)     Description:timesOut, num_iso_packets: ff     Solution:
Error   2025-02-28 22:05:53  DevID:MV-CA016-10UC(00J27288533)  Source-Line:libMvUsb3vTL.so(DriverLayer.cpp-L0785)     Description:timesOut, num_iso_packets: ff     Solution:
Error   2025-02-28 22:05:54  DevID:MV-CA016-10UC(00J27288533)  Source-Line:libMvUsb3vTL.so(DriverLayer.cpp-L0785)     Description:timesOut, num_iso_packets: ff     Solution:
Error   2025-02-28 22:05:55  DevID:MV-CA016-10UC(00J27288533)  Source-Line:libMvUsb3vTL.so(DriverLayer.cpp-L0785)     Description:timesOut, num_iso_packets: ff     Solution:
Error   2025-02-28 22:05:56  DevID:MV-CA016-10UC(00J27288533)  Source-Line:libMvUsb3vTL.so(DriverLayer.cpp-L0785)     Description:timesOut, num_iso_packets: ff     Solution:
Error   2025-02-28 22:05:57  DevID:MV-CA016-10UC(00J27288533)  Source-Line:libMvUsb3vTL.so(DriverLayer.cpp-L0785)     Description:timesOut, num_iso_packets: ff     Solution:
Error   2025-02-28 22:05:58  DevID:MV-CA016-10UC(00J27288533)  Source-Line:libMvUsb3vTL.so(DriverLayer.cpp-L0785)     Description:timesOut, num_iso_packets: ff     Solution:
Error   2025-02-28 22:05:59  DevID:MV-CA016-10UC(00J27288533)  Source-Line:libMvUsb3vTL.so(DriverLayer.cpp-L0785)     Description:timesOut, num_iso_packets: ff     Solution:
Error   2025-02-28 22:06:00  DevID:MV-CA016-10UC(00J27288533)  Source-Line:libMvUsb3vTL.so(DriverLayer.cpp-L0785)     Description:timesOut, num_iso_packets: ff     Solution:
Error   2025-02-28 22:06:01  DevID:MV-CA016-10UC(00J27288533)  Source-Line:libMvUsb3vTL.so(DriverLayer.cpp-L0785)     Description:timesOut, num_iso_packets: ff     Solution:
Error   2025-02-28 22:06:02  DevID:MV-CA016-10UC(00J27288533)  Source-Line:libMvUsb3vTL.so(DriverLayer.cpp-L0785)     Description:timesOut, num_iso_packets: ff     Solution:
Error   2025-02-28 22:06:03  DevID:MV-CA016-10UC(00J27288533)  Source-Line:libMvUsb3vTL.so(DriverLayer.cpp-L0785)     Description:timesOut, num_iso_packets: ff     Solution:
Error   2025-02-28 22:06:04  DevID:MV-CA016-10UC(00J27288533)  Source-Line:libMvUsb3vTL.so(DriverLayer.cpp-L0785)     Description:timesOut, num_iso_packets: ff     Solution:
Error   2025-02-28 22:06:05  DevID:MV-CA016-10UC(00J27288533)  Source-Line:libMvUsb3vTL.so(DriverLayer.cpp-L0785)     Description:timesOut, num_iso_packets: ff     Solution:
Error   2025-02-28 22:06:06  DevID:MV-CA016-10UC(00J27288533)  Source-Line:libMvUsb3vTL.so(DriverLayer.cpp-L0785)     Description:timesOut, num_iso_packets: ff     Solution:
Error   2025-02-28 22:06:07  DevID:MV-CA016-10UC(00J27288533)  Source-Line:libMvUsb3vTL.so(DriverLayer.cpp-L0785)     Description:timesOut, num_iso_packets: ff     Solution:
Error   2025-02-28 22:06:08  DevID:MV-CA016-10UC(00J27288533)  Source-Line:libMvUsb3vTL.so(DriverLayer.cpp-L0785)     Description:timesOut, num_iso_packets: ff     Solution:
Error   2025-02-28 22:06:09  DevID:MV-CA016-10UC(00J27288533)  Source-Line:libMvUsb3vTL.so(DriverLayer.cpp-L0785)     Description:timesOut, num_iso_packets: ff     Solution:
Error   2025-02-28 22:06:10  DevID:MV-CA016-10UC(00J27288533)  Source-Line:libMvUsb3vTL.so(DriverLayer.cpp-L0785)     Description:timesOut, num_iso_packets: ff     Solution:
Error   2025-02-28 22:06:11  DevID:MV-CA016-10UC(00J27288533)  Source-Line:libMvUsb3vTL.so(DriverLayer.cpp-L0785)     Description:timesOut, num_iso_packets: ff     Solution:
Error   2025-02-28 22:06:12  DevID:MV-CA016-10UC(00J27288533)  Source-Line:libMvUsb3vTL.so(DriverLayer.cpp-L0785)     Description:timesOut, num_iso_packets: ff     Solution:
Warning 2025-02-28 22:06:13  DevID:MV-CA016-10UC(00J27288533)  Source-Line:libMvUsb3vTL.so(StreamProcess.cpp-L1144)     Description:Get an abnormal image !£¬ nRet = 0x8000000b
     Solution:
Info    2025-02-28 22:06:13  DevID:MV-CA016-10UC(00J27288533)  Source-Line:libMvUsb3vTL.so(DeviceControl.cpp-L1315)     Description:AcquisitionStop Execute Success     Solution:
Error   2025-02-28 22:06:13  DevID:MV-CA016-10UC(00J27288533)  Source-Line:libMvUsb3vTL.so(StreamProcess.cpp-L1065)     Description:[ReadAsync] error code is:[3],i = [0], errno[11], Halt Total Count[1]     Solution:
Warning 2025-02-28 22:06:13  DevID:MV-CA016-10UC(00J27288533)  Source-Line:libMvUsb3vTL.so(StreamProcess.cpp-L1101)     Description:[ReadAsync] Async Canceled error,i = [0]     Solution:
Warning 2025-02-28 22:06:13  DevID:MV-CA016-10UC(00J27288533)  Source-Line:libMvUsb3vTL.so(StreamProcess.cpp-L1144)     Description:Get an abnormal image !£¬ nRet = 0x8000000b
     Solution:
Error   2025-02-28 22:06:13  DevID:MV-CA016-10UC(00J27288533)  Source-Line:libMvUsb3vTL.so(StreamProcess.cpp-L1065)     Description:[ReadAsync] error code is:[3],i = [0], errno[11], Halt Total Count[2]     Solution:
Warning 2025-02-28 22:06:13  DevID:MV-CA016-10UC(00J27288533)  Source-Line:libMvUsb3vTL.so(StreamProcess.cpp-L1101)     Description:[ReadAsync] Async Canceled error,i = [0]     Solution:
Warning 2025-02-28 22:06:13  DevID:MV-CA016-10UC(00J27288533)  Source-Line:libMvUsb3vTL.so(StreamProcess.cpp-L1144)     Description:Get an abnormal image !£¬ nRet = 0x8000000b
     Solution:
Error   2025-02-28 22:06:13  DevID:MV-CA016-10UC(00J27288533)  Source-Line:libMvUsb3vTL.so(StreamProcess.cpp-L1065)     Description:[ReadAsync] error code is:[3],i = [0], errno[11], Halt Total Count[3]     Solution:
Warning 2025-02-28 22:06:13  DevID:MV-CA016-10UC(00J27288533)  Source-Line:libMvUsb3vTL.so(StreamProcess.cpp-L1101)     Description:[ReadAsync] Async Canceled error,i = [0]     Solution:
Warning 2025-02-28 22:06:13  DevID:MV-CA016-10UC(00J27288533)  Source-Line:libMvUsb3vTL.so(StreamProcess.cpp-L1144)     Description:Get an abnormal image !£¬ nRet = 0x8000000b
     Solution:
Info    2025-02-28 22:06:13  DevID:MV-CA016-10UC(00J27288533)  Source-Line:libMvUsb3vTL.so(StreamProcess.cpp-L1192)     Description:RecvThread process exit     Solution:
Info    2025-02-28 22:06:13  DevID:MV-CA016-10UC(00J27288533)  Source-Line:libMvUsb3vTL.so(StreamProcess.cpp-L0530)     Description:getfcnt [1648], getfcntsucceed[1648], totalRecv[1648]     Solution:
Error   2025-02-28 22:06:13  DevID:MV-CA016-10UC(00J27288533)  Source-Line:libMvUsb3vTL.so(DriverLayer.cpp-L0785)     Description:timesOut, num_iso_packets: ff     Solution:
Info    2025-02-28 22:06:13  DevID:MV-CA016-10UC(00J27288533)  Source-Line:libMvUsb3vTL.so(EventProcess.cpp-L0282)     Description:U3V EventRecvThread End     Solution:
Info    2025-02-28 22:06:13  DevID:MV-CA016-10UC(00J27288533)  Source-Line:libMvUsb3vTL.so(EventProcess.cpp-L0708)     Description:U3V EventSendThread End     Solution:
Info    2025-02-28 22:08:16  DevID:MV-CA016-10UC(00J27288533)  Source-Line:libMvUsb3vTL.so(Manager.cpp-L0097)     Description:Current dynamic library path[/home/ely/duo_ros_ws/install/hik_camera/lib/libMvUsb3vTL.so]     Solution:
Info    2025-02-28 22:08:16  DevID:MV-CA016-10UC(00J27288533)  Source-Line:libMvUsb3vTL.so(Manager.cpp-L0100)     Description:U3V_Version: 3.2.1.0     Solution:
Info    2025-02-28 22:08:16  DevID:MV-CA016-10UC(00J27288533)  Source-Line:libMvUsb3vTL.so(Manager.cpp-L0101)     Description:U3V_Description: BaseLine Build 20211203     Solution:
Info    2025-02-28 22:08:16  DevID:MV-CA016-10UC(00J27288533)  Source-Line:libMvUsb3vTL.so(DriverLayer.cpp-L0419)     Description:device speed: [0x3]     Solution:
Info    2025-02-28 22:08:17  DevID:MV-CA016-10UC(00J27288533)  Source-Line:libMvUsb3vTL.so(Manager.cpp-L0368)     Description:[IsSupportEvent]     Solution:
Info    2025-02-28 22:08:17  DevID:MV-CA016-10UC(00J27288533)  Source-Line:libMvUsb3vTL.so(EventProcess.cpp-L0706)     Description:U3V EventSendThread Start     Solution:
Info    2025-02-28 22:08:17  DevID:MV-CA016-10UC(00J27288533)  Source-Line:libMvUsb3vTL.so(EventProcess.cpp-L0280)     Description:U3V EventRecvThread Start     Solution:
Info    2025-02-28 22:08:17  DevID:MV-CA016-10UC(00J27288533)  Source-Line:libMvUsb3vTL.so(StreamProcess.cpp-L1003)     Description:U3V RecvThread Start     Solution:
Info    2025-02-28 22:08:17  DevID:MV-CA016-10UC(00J27288533)  Source-Line:libMvUsb3vTL.so(DeviceControl.cpp-L1275)     Description:AcquisitionStart Execute Success     Solution:
Error   2025-02-28 22:08:18  DevID:MV-CA016-10UC(00J27288533)  Source-Line:libMvUsb3vTL.so(DriverLayer.cpp-L0785)     Description:timesOut, num_iso_packets: ff     Solution:
Error   2025-02-28 22:08:19  DevID:MV-CA016-10UC(00J27288533)  Source-Line:libMvUsb3vTL.so(DriverLayer.cpp-L0785)     Description:timesOut, num_iso_packets: ff     Solution:
Error   2025-02-28 22:08:20  DevID:MV-CA016-10UC(00J27288533)  Source-Line:libMvUsb3vTL.so(DriverLayer.cpp-L0785)     Description:timesOut, num_iso_packets: ff     Solution:
Error   2025-02-28 22:08:21  DevID:MV-CA016-10UC(00J27288533)  Source-Line:libMvUsb3vTL.so(DriverLayer.cpp-L0785)     Description:timesOut, num_iso_packets: ff     Solution:
Error   2025-02-28 22:08:22  DevID:MV-CA016-10UC(00J27288533)  Source-Line:libMvUsb3vTL.so(DriverLayer.cpp-L0785)     Description:timesOut, num_iso_packets: ff     Solution:
Error   2025-02-28 22:08:23  DevID:MV-CA016-10UC(00J27288533)  Source-Line:libMvUsb3vTL.so(DriverLayer.cpp-L0785)     Description:timesOut, num_iso_packets: ff     Solution:
Error   2025-02-28 22:08:24  DevID:MV-CA016-10UC(00J27288533)  Source-Line:libMvUsb3vTL.so(DriverLayer.cpp-L0785)     Description:timesOut, num_iso_packets: ff     Solution:
Warning 2025-02-28 22:08:24  DevID:MV-CA016-10UC(00J27288533)  Source-Line:libMvUsb3vTL.so(StreamProcess.cpp-L1144)     Description:Get an abnormal image !£¬ nRet = 0x8000000b
     Solution:
Info    2025-02-28 22:08:24  DevID:MV-CA016-10UC(00J27288533)  Source-Line:libMvUsb3vTL.so(DeviceControl.cpp-L1315)     Description:AcquisitionStop Execute Success     Solution:
Error   2025-02-28 22:08:24  DevID:MV-CA016-10UC(00J27288533)  Source-Line:libMvUsb3vTL.so(StreamProcess.cpp-L1065)     Description:[ReadAsync] error code is:[3],i = [0], errno[11], Halt Total Count[1]     Solution:
Warning 2025-02-28 22:08:24  DevID:MV-CA016-10UC(00J27288533)  Source-Line:libMvUsb3vTL.so(StreamProcess.cpp-L1101)     Description:[ReadAsync] Async Canceled error,i = [0]     Solution:
Warning 2025-02-28 22:08:24  DevID:MV-CA016-10UC(00J27288533)  Source-Line:libMvUsb3vTL.so(StreamProcess.cpp-L1144)     Description:Get an abnormal image !£¬ nRet = 0x8000000b
     Solution:
Error   2025-02-28 22:08:24  DevID:MV-CA016-10UC(00J27288533)  Source-Line:libMvUsb3vTL.so(StreamProcess.cpp-L1065)     Description:[ReadAsync] error code is:[3],i = [0], errno[11], Halt Total Count[2]     Solution:
Warning 2025-02-28 22:08:24  DevID:MV-CA016-10UC(00J27288533)  Source-Line:libMvUsb3vTL.so(StreamProcess.cpp-L1101)     Description:[ReadAsync] Async Canceled error,i = [0]     Solution:
Warning 2025-02-28 22:08:24  DevID:MV-CA016-10UC(00J27288533)  Source-Line:libMvUsb3vTL.so(StreamProcess.cpp-L1144)     Description:Get an abnormal image !£¬ nRet = 0x8000000b
     Solution:
Info    2025-02-28 22:08:24  DevID:MV-CA016-10UC(00J27288533)  Source-Line:libMvUsb3vTL.so(StreamProcess.cpp-L1192)     Description:RecvThread process exit     Solution:
Info    2025-02-28 22:08:24  DevID:MV-CA016-10UC(00J27288533)  Source-Line:libMvUsb3vTL.so(StreamProcess.cpp-L0530)     Description:getfcnt [163], getfcntsucceed[163], totalRecv[163]     Solution:
Error   2025-02-28 22:08:25  DevID:MV-CA016-10UC(00J27288533)  Source-Line:libMvUsb3vTL.so(DriverLayer.cpp-L0785)     Description:timesOut, num_iso_packets: ff     Solution:
Info    2025-02-28 22:08:26  DevID:MV-CA016-10UC(00J27288533)  Source-Line:libMvUsb3vTL.so(EventProcess.cpp-L0708)     Description:U3V EventSendThread End     Solution:
Error   2025-02-28 22:08:26  DevID:MV-CA016-10UC(00J27288533)  Source-Line:libMvUsb3vTL.so(DriverLayer.cpp-L0785)     Description:timesOut, num_iso_packets: ff     Solution:
Info    2025-02-28 22:08:26  DevID:MV-CA016-10UC(00J27288533)  Source-Line:libMvUsb3vTL.so(EventProcess.cpp-L0282)     Description:U3V EventRecvThread End     Solution:
Info    2025-02-28 22:34:43  DevID:MV-CA016-10UC(00J27288533)  Source-Line:libMvUsb3vTL.so(Manager.cpp-L0097)     Description:Current dynamic library path[/home/ely/duo_ros_ws/install/hik_camera/lib/libMvUsb3vTL.so]     Solution:
Info    2025-02-28 22:34:43  DevID:MV-CA016-10UC(00J27288533)  Source-Line:libMvUsb3vTL.so(Manager.cpp-L0100)     Description:U3V_Version: 3.2.1.0     Solution:
Info    2025-02-28 22:34:43  DevID:MV-CA016-10UC(00J27288533)  Source-Line:libMvUsb3vTL.so(Manager.cpp-L0101)     Description:U3V_Description: BaseLine Build 20211203     Solution:
Info    2025-02-28 22:34:43  DevID:MV-CA016-10UC(00J27288533)  Source-Line:libMvUsb3vTL.so(DriverLayer.cpp-L0419)     Description:device speed: [0x3]     Solution:
Info    2025-02-28 22:34:44  DevID:MV-CA016-10UC(00J27288533)  Source-Line:libMvUsb3vTL.so(Manager.cpp-L0368)     Description:[IsSupportEvent]     Solution:
Info    2025-02-28 22:34:44  DevID:MV-CA016-10UC(00J27288533)  Source-Line:libMvUsb3vTL.so(EventProcess.cpp-L0706)     Description:U3V EventSendThread Start     Solution:
Info    2025-02-28 22:34:44  DevID:MV-CA016-10UC(00J27288533)  Source-Line:libMvUsb3vTL.so(EventProcess.cpp-L0280)     Description:U3V EventRecvThread Start     Solution:
Info    2025-02-28 22:34:44  DevID:MV-CA016-10UC(00J27288533)  Source-Line:libMvUsb3vTL.so(StreamProcess.cpp-L1003)     Description:U3V RecvThread Start     Solution:
Info    2025-02-28 22:34:44  DevID:MV-CA016-10UC(00J27288533)  Source-Line:libMvUsb3vTL.so(DeviceControl.cpp-L1275)     Description:AcquisitionStart Execute Success     Solution:
Error   2025-02-28 22:34:45  DevID:MV-CA016-10UC(00J27288533)  Source-Line:libMvUsb3vTL.so(DriverLayer.cpp-L0785)     Description:timesOut, num_iso_packets: ff     Solution:
Error   2025-02-28 22:34:46  DevID:MV-CA016-10UC(00J27288533)  Source-Line:libMvUsb3vTL.so(DriverLayer.cpp-L0785)     Description:timesOut, num_iso_packets: ff     Solution:
Warning 2025-02-28 22:34:46  DevID:MV-CA016-10UC(00J27288533)  Source-Line:libMvUsb3vTL.so(StreamProcess.cpp-L1144)     Description:Get an abnormal image !£¬ nRet = 0x8000000b
     Solution:
Info    2025-02-28 22:34:46  DevID:MV-CA016-10UC(00J27288533)  Source-Line:libMvUsb3vTL.so(DeviceControl.cpp-L1315)     Description:AcquisitionStop Execute Success     Solution:
Error   2025-02-28 22:34:46  DevID:MV-CA016-10UC(00J27288533)  Source-Line:libMvUsb3vTL.so(StreamProcess.cpp-L1065)     Description:[ReadAsync] error code is:[3],i = [0], errno[11], Halt Total Count[1]     Solution:
Warning 2025-02-28 22:34:46  DevID:MV-CA016-10UC(00J27288533)  Source-Line:libMvUsb3vTL.so(StreamProcess.cpp-L1101)     Description:[ReadAsync] Async Canceled error,i = [0]     Solution:
Warning 2025-02-28 22:34:46  DevID:MV-CA016-10UC(00J27288533)  Source-Line:libMvUsb3vTL.so(StreamProcess.cpp-L1144)     Description:Get an abnormal image !£¬ nRet = 0x8000000b
     Solution:
Error   2025-02-28 22:34:46  DevID:MV-CA016-10UC(00J27288533)  Source-Line:libMvUsb3vTL.so(StreamProcess.cpp-L1065)     Description:[ReadAsync] error code is:[3],i = [0], errno[11], Halt Total Count[2]     Solution:
Warning 2025-02-28 22:34:46  DevID:MV-CA016-10UC(00J27288533)  Source-Line:libMvUsb3vTL.so(StreamProcess.cpp-L1101)     Description:[ReadAsync] Async Canceled error,i = [0]     Solution:
Warning 2025-02-28 22:34:46  DevID:MV-CA016-10UC(00J27288533)  Source-Line:libMvUsb3vTL.so(StreamProcess.cpp-L1144)     Description:Get an abnormal image !£¬ nRet = 0x8000000b
     Solution:
Error   2025-02-28 22:34:46  DevID:MV-CA016-10UC(00J27288533)  Source-Line:libMvUsb3vTL.so(StreamProcess.cpp-L1065)     Description:[ReadAsync] error code is:[3],i = [0], errno[11], Halt Total Count[3]     Solution:
Warning 2025-02-28 22:34:46  DevID:MV-CA016-10UC(00J27288533)  Source-Line:libMvUsb3vTL.so(StreamProcess.cpp-L1101)     Description:[ReadAsync] Async Canceled error,i = [0]     Solution:
Warning 2025-02-28 22:34:46  DevID:MV-CA016-10UC(00J27288533)  Source-Line:libMvUsb3vTL.so(StreamProcess.cpp-L1144)     Description:Get an abnormal image !£¬ nRet = 0x8000000b
     Solution:
Error   2025-02-28 22:34:46  DevID:MV-CA016-10UC(00J27288533)  Source-Line:libMvUsb3vTL.so(StreamProcess.cpp-L1065)     Description:[ReadAsync] error code is:[3],i = [0], errno[11], Halt Total Count[4]     Solution:
Warning 2025-02-28 22:34:46  DevID:MV-CA016-10UC(00J27288533)  Source-Line:libMvUsb3vTL.so(StreamProcess.cpp-L1101)     Description:[ReadAsync] Async Canceled error,i = [0]     Solution:
Warning 2025-02-28 22:34:46  DevID:MV-CA016-10UC(00J27288533)  Source-Line:libMvUsb3vTL.so(StreamProcess.cpp-L1144)     Description:Get an abnormal image !£¬ nRet = 0x8000000b
     Solution:
Info    2025-02-28 22:34:46  DevID:MV-CA016-10UC(00J27288533)  Source-Line:libMvUsb3vTL.so(StreamProcess.cpp-L1192)     Description:RecvThread process exit     Solution:
Info    2025-02-28 22:34:46  DevID:MV-CA016-10UC(00J27288533)  Source-Line:libMvUsb3vTL.so(StreamProcess.cpp-L0530)     Description:getfcnt [50], getfcntsucceed[50], totalRecv[50]     Solution:
Error   2025-02-28 22:34:47  DevID:MV-CA016-10UC(00J27288533)  Source-Line:libMvUsb3vTL.so(DriverLayer.cpp-L0785)     Description:timesOut, num_iso_packets: ff     Solution:
Info    2025-02-28 22:34:47  DevID:MV-CA016-10UC(00J27288533)  Source-Line:libMvUsb3vTL.so(EventProcess.cpp-L0282)     Description:U3V EventRecvThread End     Solution:
Info    2025-02-28 22:34:47  DevID:MV-CA016-10UC(00J27288533)  Source-Line:libMvUsb3vTL.so(EventProcess.cpp-L0708)     Description:U3V EventSendThread End     Solution:
Info    2025-02-28 22:34:50  DevID:MV-CA016-10UC(00J27288533)  Source-Line:libMvUsb3vTL.so(Manager.cpp-L0097)     Description:Current dynamic library path[/home/ely/duo_ros_ws/install/hik_camera/lib/libMvUsb3vTL.so]     Solution:
Info    2025-02-28 22:34:50  DevID:MV-CA016-10UC(00J27288533)  Source-Line:libMvUsb3vTL.so(Manager.cpp-L0100)     Description:U3V_Version: 3.2.1.0     Solution:
Info    2025-02-28 22:34:50  DevID:MV-CA016-10UC(00J27288533)  Source-Line:libMvUsb3vTL.so(Manager.cpp-L0101)     Description:U3V_Description: BaseLine Build 20211203     Solution:
Info    2025-02-28 22:34:50  DevID:MV-CA016-10UC(00J27288533)  Source-Line:libMvUsb3vTL.so(DriverLayer.cpp-L0419)     Description:device speed: [0x3]     Solution:
Info    2025-02-28 22:34:50  DevID:MV-CA016-10UC(00J27288533)  Source-Line:libMvUsb3vTL.so(Manager.cpp-L0368)     Description:[IsSupportEvent]     Solution:
Info    2025-02-28 22:34:50  DevID:MV-CA016-10UC(00J27288533)  Source-Line:libMvUsb3vTL.so(EventProcess.cpp-L0706)     Description:U3V EventSendThread Start     Solution:
Info    2025-02-28 22:34:50  DevID:MV-CA016-10UC(00J27288533)  Source-Line:libMvUsb3vTL.so(EventProcess.cpp-L0280)     Description:U3V EventRecvThread Start     Solution:
Info    2025-02-28 22:34:51  DevID:MV-CA016-10UC(00J27288533)  Source-Line:libMvUsb3vTL.so(StreamProcess.cpp-L1003)     Description:U3V RecvThread Start     Solution:
Info    2025-02-28 22:34:51  DevID:MV-CA016-10UC(00J27288533)  Source-Line:libMvUsb3vTL.so(DeviceControl.cpp-L1275)     Description:AcquisitionStart Execute Success     Solution:
Error   2025-02-28 22:34:51  DevID:MV-CA016-10UC(00J27288533)  Source-Line:libMvUsb3vTL.so(DriverLayer.cpp-L0785)     Description:timesOut, num_iso_packets: ff     Solution:
Error   2025-02-28 22:34:52  DevID:MV-CA016-10UC(00J27288533)  Source-Line:libMvUsb3vTL.so(DriverLayer.cpp-L0785)     Description:timesOut, num_iso_packets: ff     Solution:
Info    2025-02-28 22:34:53  DevID:MV-CA016-10UC(00J27288533)  Source-Line:libMvUsb3vTL.so(DeviceControl.cpp-L1315)     Description:AcquisitionStop Execute Success     Solution:
Error   2025-02-28 22:34:53  DevID:MV-CA016-10UC(00J27288533)  Source-Line:libMvUsb3vTL.so(StreamProcess.cpp-L1065)     Description:[ReadAsync] error code is:[3],i = [0], errno[11], Halt Total Count[1]     Solution:
Warning 2025-02-28 22:34:53  DevID:MV-CA016-10UC(00J27288533)  Source-Line:libMvUsb3vTL.so(StreamProcess.cpp-L1101)     Description:[ReadAsync] Async Canceled error,i = [0]     Solution:
Warning 2025-02-28 22:34:53  DevID:MV-CA016-10UC(00J27288533)  Source-Line:libMvUsb3vTL.so(StreamProcess.cpp-L1144)     Description:Get an abnormal image !£¬ nRet = 0x8000000b
     Solution:
Error   2025-02-28 22:34:53  DevID:MV-CA016-10UC(00J27288533)  Source-Line:libMvUsb3vTL.so(StreamProcess.cpp-L1065)     Description:[ReadAsync] error code is:[3],i = [0], errno[11], Halt Total Count[2]     Solution:
Warning 2025-02-28 22:34:53  DevID:MV-CA016-10UC(00J27288533)  Source-Line:libMvUsb3vTL.so(StreamProcess.cpp-L1101)     Description:[ReadAsync] Async Canceled error,i = [0]     Solution:
Warning 2025-02-28 22:34:53  DevID:MV-CA016-10UC(00J27288533)  Source-Line:libMvUsb3vTL.so(StreamProcess.cpp-L1144)     Description:Get an abnormal image !£¬ nRet = 0x8000000b
     Solution:
Error   2025-02-28 22:34:53  DevID:MV-CA016-10UC(00J27288533)  Source-Line:libMvUsb3vTL.so(StreamProcess.cpp-L1065)     Description:[ReadAsync] error code is:[3],i = [0], errno[11], Halt Total Count[3]     Solution:
Warning 2025-02-28 22:34:53  DevID:MV-CA016-10UC(00J27288533)  Source-Line:libMvUsb3vTL.so(StreamProcess.cpp-L1101)     Description:[ReadAsync] Async Canceled error,i = [0]     Solution:
Warning 2025-02-28 22:34:53  DevID:MV-CA016-10UC(00J27288533)  Source-Line:libMvUsb3vTL.so(StreamProcess.cpp-L1144)     Description:Get an abnormal image !£¬ nRet = 0x8000000b
     Solution:
Info    2025-02-28 22:34:53  DevID:MV-CA016-10UC(00J27288533)  Source-Line:libMvUsb3vTL.so(StreamProcess.cpp-L1192)     Description:RecvThread process exit     Solution:
Info    2025-02-28 22:34:53  DevID:MV-CA016-10UC(00J27288533)  Source-Line:libMvUsb3vTL.so(StreamProcess.cpp-L0530)     Description:getfcnt [50], getfcntsucceed[50], totalRecv[50]     Solution:
Error   2025-02-28 22:34:53  DevID:MV-CA016-10UC(00J27288533)  Source-Line:libMvUsb3vTL.so(DriverLayer.cpp-L0785)     Description:timesOut, num_iso_packets: ff     Solution:
Info    2025-02-28 22:34:53  DevID:MV-CA016-10UC(00J27288533)  Source-Line:libMvUsb3vTL.so(EventProcess.cpp-L0282)     Description:U3V EventRecvThread End     Solution:
Info    2025-02-28 22:34:53  DevID:MV-CA016-10UC(00J27288533)  Source-Line:libMvUsb3vTL.so(EventProcess.cpp-L0708)     Description:U3V EventSendThread End     Solution:
Info    2025-02-28 22:36:12  DevID:MV-CA016-10UC(00J27288533)  Source-Line:libMvUsb3vTL.so(Manager.cpp-L0097)     Description:Current dynamic library path[/home/ely/duo_ros_ws/install/hik_camera/lib/libMvUsb3vTL.so]     Solution:
Info    2025-02-28 22:36:12  DevID:MV-CA016-10UC(00J27288533)  Source-Line:libMvUsb3vTL.so(Manager.cpp-L0100)     Description:U3V_Version: 3.2.1.0     Solution:
Info    2025-02-28 22:36:12  DevID:MV-CA016-10UC(00J27288533)  Source-Line:libMvUsb3vTL.so(Manager.cpp-L0101)     Description:U3V_Description: BaseLine Build 20211203     Solution:
Info    2025-02-28 22:36:12  DevID:MV-CA016-10UC(00J27288533)  Source-Line:libMvUsb3vTL.so(DriverLayer.cpp-L0419)     Description:device speed: [0x3]     Solution:
Info    2025-02-28 22:36:12  DevID:MV-CA016-10UC(00J27288533)  Source-Line:libMvUsb3vTL.so(Manager.cpp-L0368)     Description:[IsSupportEvent]     Solution:
Info    2025-02-28 22:36:12  DevID:MV-CA016-10UC(00J27288533)  Source-Line:libMvUsb3vTL.so(EventProcess.cpp-L0706)     Description:U3V EventSendThread Start     Solution:
Info    2025-02-28 22:36:12  DevID:MV-CA016-10UC(00J27288533)  Source-Line:libMvUsb3vTL.so(EventProcess.cpp-L0280)     Description:U3V EventRecvThread Start     Solution:
Info    2025-02-28 22:36:12  DevID:MV-CA016-10UC(00J27288533)  Source-Line:libMvUsb3vTL.so(StreamProcess.cpp-L1003)     Description:U3V RecvThread Start     Solution:
Info    2025-02-28 22:36:12  DevID:MV-CA016-10UC(00J27288533)  Source-Line:libMvUsb3vTL.so(DeviceControl.cpp-L1275)     Description:AcquisitionStart Execute Success     Solution:
Error   2025-02-28 22:36:13  DevID:MV-CA016-10UC(00J27288533)  Source-Line:libMvUsb3vTL.so(DriverLayer.cpp-L0785)     Description:timesOut, num_iso_packets: ff     Solution:
Error   2025-02-28 22:36:14  DevID:MV-CA016-10UC(00J27288533)  Source-Line:libMvUsb3vTL.so(DriverLayer.cpp-L0785)     Description:timesOut, num_iso_packets: ff     Solution:
Error   2025-02-28 22:36:15  DevID:MV-CA016-10UC(00J27288533)  Source-Line:libMvUsb3vTL.so(DriverLayer.cpp-L0785)     Description:timesOut, num_iso_packets: ff     Solution:
Error   2025-02-28 22:36:16  DevID:MV-CA016-10UC(00J27288533)  Source-Line:libMvUsb3vTL.so(DriverLayer.cpp-L0785)     Description:timesOut, num_iso_packets: ff     Solution:
Error   2025-02-28 22:36:17  DevID:MV-CA016-10UC(00J27288533)  Source-Line:libMvUsb3vTL.so(DriverLayer.cpp-L0785)     Description:timesOut, num_iso_packets: ff     Solution:
Error   2025-02-28 22:36:18  DevID:MV-CA016-10UC(00J27288533)  Source-Line:libMvUsb3vTL.so(DriverLayer.cpp-L0785)     Description:timesOut, num_iso_packets: ff     Solution:
Error   2025-02-28 22:36:19  DevID:MV-CA016-10UC(00J27288533)  Source-Line:libMvUsb3vTL.so(DriverLayer.cpp-L0785)     Description:timesOut, num_iso_packets: ff     Solution:
Error   2025-02-28 22:36:20  DevID:MV-CA016-10UC(00J27288533)  Source-Line:libMvUsb3vTL.so(DriverLayer.cpp-L0785)     Description:timesOut, num_iso_packets: ff     Solution:
Error   2025-02-28 22:36:21  DevID:MV-CA016-10UC(00J27288533)  Source-Line:libMvUsb3vTL.so(DriverLayer.cpp-L0785)     Description:timesOut, num_iso_packets: ff     Solution:
Error   2025-02-28 22:36:22  DevID:MV-CA016-10UC(00J27288533)  Source-Line:libMvUsb3vTL.so(DriverLayer.cpp-L0785)     Description:timesOut, num_iso_packets: ff     Solution:
Error   2025-02-28 22:36:23  DevID:MV-CA016-10UC(00J27288533)  Source-Line:libMvUsb3vTL.so(DriverLayer.cpp-L0785)     Description:timesOut, num_iso_packets: ff     Solution:
Error   2025-02-28 22:36:24  DevID:MV-CA016-10UC(00J27288533)  Source-Line:libMvUsb3vTL.so(DriverLayer.cpp-L0785)     Description:timesOut, num_iso_packets: ff     Solution:
Error   2025-02-28 22:36:25  DevID:MV-CA016-10UC(00J27288533)  Source-Line:libMvUsb3vTL.so(DriverLayer.cpp-L0785)     Description:timesOut, num_iso_packets: ff     Solution:
Info    2025-02-28 22:36:26  DevID:MV-CA016-10UC(00J27288533)  Source-Line:libMvUsb3vTL.so(DeviceControl.cpp-L1315)     Description:AcquisitionStop Execute Success     Solution:
Error   2025-02-28 22:36:26  DevID:MV-CA016-10UC(00J27288533)  Source-Line:libMvUsb3vTL.so(StreamProcess.cpp-L1065)     Description:[ReadAsync] error code is:[3],i = [0], errno[11], Halt Total Count[1]     Solution:
Warning 2025-02-28 22:36:26  DevID:MV-CA016-10UC(00J27288533)  Source-Line:libMvUsb3vTL.so(StreamProcess.cpp-L1101)     Description:[ReadAsync] Async Canceled error,i = [0]     Solution:
Warning 2025-02-28 22:36:26  DevID:MV-CA016-10UC(00J27288533)  Source-Line:libMvUsb3vTL.so(StreamProcess.cpp-L1144)     Description:Get an abnormal image !£¬ nRet = 0x8000000b
     Solution:
Error   2025-02-28 22:36:26  DevID:MV-CA016-10UC(00J27288533)  Source-Line:libMvUsb3vTL.so(StreamProcess.cpp-L1065)     Description:[ReadAsync] error code is:[3],i = [0], errno[11], Halt Total Count[2]     Solution:
Warning 2025-02-28 22:36:26  DevID:MV-CA016-10UC(00J27288533)  Source-Line:libMvUsb3vTL.so(StreamProcess.cpp-L1101)     Description:[ReadAsync] Async Canceled error,i = [0]     Solution:
Warning 2025-02-28 22:36:26  DevID:MV-CA016-10UC(00J27288533)  Source-Line:libMvUsb3vTL.so(StreamProcess.cpp-L1144)     Description:Get an abnormal image !£¬ nRet = 0x8000000b
     Solution:
Error   2025-02-28 22:36:26  DevID:MV-CA016-10UC(00J27288533)  Source-Line:libMvUsb3vTL.so(StreamProcess.cpp-L1065)     Description:[ReadAsync] error code is:[3],i = [0], errno[11], Halt Total Count[3]     Solution:
Warning 2025-02-28 22:36:26  DevID:MV-CA016-10UC(00J27288533)  Source-Line:libMvUsb3vTL.so(StreamProcess.cpp-L1101)     Description:[ReadAsync] Async Canceled error,i = [0]     Solution:
Warning 2025-02-28 22:36:26  DevID:MV-CA016-10UC(00J27288533)  Source-Line:libMvUsb3vTL.so(StreamProcess.cpp-L1144)     Description:Get an abnormal image !£¬ nRet = 0x8000000b
     Solution:
Error   2025-02-28 22:36:26  DevID:MV-CA016-10UC(00J27288533)  Source-Line:libMvUsb3vTL.so(StreamProcess.cpp-L1065)     Description:[ReadAsync] error code is:[3],i = [0], errno[11], Halt Total Count[4]     Solution:
Warning 2025-02-28 22:36:26  DevID:MV-CA016-10UC(00J27288533)  Source-Line:libMvUsb3vTL.so(StreamProcess.cpp-L1101)     Description:[ReadAsync] Async Canceled error,i = [0]     Solution:
Warning 2025-02-28 22:36:26  DevID:MV-CA016-10UC(00J27288533)  Source-Line:libMvUsb3vTL.so(StreamProcess.cpp-L1144)     Description:Get an abnormal image !£¬ nRet = 0x8000000b
     Solution:
Error   2025-02-28 22:36:26  DevID:MV-CA016-10UC(00J27288533)  Source-Line:libMvUsb3vTL.so(StreamProcess.cpp-L1065)     Description:[ReadAsync] error code is:[3],i = [0], errno[11], Halt Total Count[5]     Solution:
Warning 2025-02-28 22:36:26  DevID:MV-CA016-10UC(00J27288533)  Source-Line:libMvUsb3vTL.so(StreamProcess.cpp-L1101)     Description:[ReadAsync] Async Canceled error,i = [0]     Solution:
Warning 2025-02-28 22:36:26  DevID:MV-CA016-10UC(00J27288533)  Source-Line:libMvUsb3vTL.so(StreamProcess.cpp-L1144)     Description:Get an abnormal image !£¬ nRet = 0x8000000b
     Solution:
Info    2025-02-28 22:36:26  DevID:MV-CA016-10UC(00J27288533)  Source-Line:libMvUsb3vTL.so(StreamProcess.cpp-L1192)     Description:RecvThread process exit     Solution:
Info    2025-02-28 22:36:26  DevID:MV-CA016-10UC(00J27288533)  Source-Line:libMvUsb3vTL.so(StreamProcess.cpp-L0530)     Description:getfcnt [330], getfcntsucceed[330], totalRecv[330]     Solution:
Error   2025-02-28 22:36:26  DevID:MV-CA016-10UC(00J27288533)  Source-Line:libMvUsb3vTL.so(DriverLayer.cpp-L0785)     Description:timesOut, num_iso_packets: ff     Solution:
Info    2025-02-28 22:36:26  DevID:MV-CA016-10UC(00J27288533)  Source-Line:libMvUsb3vTL.so(EventProcess.cpp-L0282)     Description:U3V EventRecvThread End     Solution:
Info    2025-02-28 22:36:26  DevID:MV-CA016-10UC(00J27288533)  Source-Line:libMvUsb3vTL.so(EventProcess.cpp-L0708)     Description:U3V EventSendThread End     Solution:
Info    2025-02-28 22:36:50  DevID:MV-CA016-10UC(00J27288533)  Source-Line:libMvUsb3vTL.so(Manager.cpp-L0097)     Description:Current dynamic library path[/home/ely/duo_ros_ws/install/hik_camera/lib/libMvUsb3vTL.so]     Solution:
Info    2025-02-28 22:36:50  DevID:MV-CA016-10UC(00J27288533)  Source-Line:libMvUsb3vTL.so(Manager.cpp-L0100)     Description:U3V_Version: 3.2.1.0     Solution:
Info    2025-02-28 22:36:50  DevID:MV-CA016-10UC(00J27288533)  Source-Line:libMvUsb3vTL.so(Manager.cpp-L0101)     Description:U3V_Description: BaseLine Build 20211203     Solution:
Info    2025-02-28 22:36:50  DevID:MV-CA016-10UC(00J27288533)  Source-Line:libMvUsb3vTL.so(DriverLayer.cpp-L0419)     Description:device speed: [0x3]     Solution:
Info    2025-02-28 22:36:50  DevID:MV-CA016-10UC(00J27288533)  Source-Line:libMvUsb3vTL.so(Manager.cpp-L0368)     Description:[IsSupportEvent]     Solution:
Info    2025-02-28 22:36:50  DevID:MV-CA016-10UC(00J27288533)  Source-Line:libMvUsb3vTL.so(EventProcess.cpp-L0706)     Description:U3V EventSendThread Start     Solution:
Info    2025-02-28 22:36:50  DevID:MV-CA016-10UC(00J27288533)  Source-Line:libMvUsb3vTL.so(EventProcess.cpp-L0280)     Description:U3V EventRecvThread Start     Solution:
Info    2025-02-28 22:36:50  DevID:MV-CA016-10UC(00J27288533)  Source-Line:libMvUsb3vTL.so(StreamProcess.cpp-L1003)     Description:U3V RecvThread Start     Solution:
Info    2025-02-28 22:36:50  DevID:MV-CA016-10UC(00J27288533)  Source-Line:libMvUsb3vTL.so(DeviceControl.cpp-L1275)     Description:AcquisitionStart Execute Success     Solution:
Error   2025-02-28 22:36:51  DevID:MV-CA016-10UC(00J27288533)  Source-Line:libMvUsb3vTL.so(DriverLayer.cpp-L0785)     Description:timesOut, num_iso_packets: ff     Solution:
Error   2025-02-28 22:36:52  DevID:MV-CA016-10UC(00J27288533)  Source-Line:libMvUsb3vTL.so(DriverLayer.cpp-L0785)     Description:timesOut, num_iso_packets: ff     Solution:
Warning 2025-02-28 22:36:53  DevID:MV-CA016-10UC(00J27288533)  Source-Line:libMvUsb3vTL.so(StreamProcess.cpp-L1144)     Description:Get an abnormal image !£¬ nRet = 0x8000000b
     Solution:
Info    2025-02-28 22:36:53  DevID:MV-CA016-10UC(00J27288533)  Source-Line:libMvUsb3vTL.so(DeviceControl.cpp-L1315)     Description:AcquisitionStop Execute Success     Solution:
Error   2025-02-28 22:36:53  DevID:MV-CA016-10UC(00J27288533)  Source-Line:libMvUsb3vTL.so(StreamProcess.cpp-L1065)     Description:[ReadAsync] error code is:[3],i = [0], errno[11], Halt Total Count[1]     Solution:
Warning 2025-02-28 22:36:53  DevID:MV-CA016-10UC(00J27288533)  Source-Line:libMvUsb3vTL.so(StreamProcess.cpp-L1101)     Description:[ReadAsync] Async Canceled error,i = [0]     Solution:
Warning 2025-02-28 22:36:53  DevID:MV-CA016-10UC(00J27288533)  Source-Line:libMvUsb3vTL.so(StreamProcess.cpp-L1144)     Description:Get an abnormal image !£¬ nRet = 0x8000000b
     Solution:
Info    2025-02-28 22:36:53  DevID:MV-CA016-10UC(00J27288533)  Source-Line:libMvUsb3vTL.so(StreamProcess.cpp-L1192)     Description:RecvThread process exit     Solution:
Info    2025-02-28 22:36:53  DevID:MV-CA016-10UC(00J27288533)  Source-Line:libMvUsb3vTL.so(StreamProcess.cpp-L0530)     Description:getfcnt [62], getfcntsucceed[62], totalRecv[62]     Solution:
Error   2025-02-28 22:36:53  DevID:MV-CA016-10UC(00J27288533)  Source-Line:libMvUsb3vTL.so(DriverLayer.cpp-L0785)     Description:timesOut, num_iso_packets: ff     Solution:
Info    2025-02-28 22:36:53  DevID:MV-CA016-10UC(00J27288533)  Source-Line:libMvUsb3vTL.so(EventProcess.cpp-L0282)     Description:U3V EventRecvThread End     Solution:
Info    2025-02-28 22:36:53  DevID:MV-CA016-10UC(00J27288533)  Source-Line:libMvUsb3vTL.so(EventProcess.cpp-L0708)     Description:U3V EventSendThread End     Solution:
Info    2025-03-02 17:17:46  DevID:MV-CA016-10UC(00J27288533)  Source-Line:libMvUsb3vTL.so(Manager.cpp-L0097)     Description:Current dynamic library path[/home/ely/duo_ros_ws/install/hik_camera/lib/libMvUsb3vTL.so]     Solution:
Info    2025-03-02 17:17:46  DevID:MV-CA016-10UC(00J27288533)  Source-Line:libMvUsb3vTL.so(Manager.cpp-L0100)     Description:U3V_Version: 3.2.1.0     Solution:
Info    2025-03-02 17:17:46  DevID:MV-CA016-10UC(00J27288533)  Source-Line:libMvUsb3vTL.so(Manager.cpp-L0101)     Description:U3V_Description: BaseLine Build 20211203     Solution:
Info    2025-03-02 17:17:46  DevID:MV-CA016-10UC(00J27288533)  Source-Line:libMvUsb3vTL.so(DriverLayer.cpp-L0419)     Description:device speed: [0x3]     Solution:
Info    2025-03-02 17:17:47  DevID:MV-CA016-10UC(00J27288533)  Source-Line:libMvUsb3vTL.so(Manager.cpp-L0368)     Description:[IsSupportEvent]     Solution:
Info    2025-03-02 17:17:47  DevID:MV-CA016-10UC(00J27288533)  Source-Line:libMvUsb3vTL.so(EventProcess.cpp-L0706)     Description:U3V EventSendThread Start     Solution:
Info    2025-03-02 17:17:47  DevID:MV-CA016-10UC(00J27288533)  Source-Line:libMvUsb3vTL.so(EventProcess.cpp-L0280)     Description:U3V EventRecvThread Start     Solution:
Info    2025-03-02 17:17:47  DevID:MV-CA016-10UC(00J27288533)  Source-Line:libMvUsb3vTL.so(StreamProcess.cpp-L1003)     Description:U3V RecvThread Start     Solution:
Info    2025-03-02 17:17:47  DevID:MV-CA016-10UC(00J27288533)  Source-Line:libMvUsb3vTL.so(DeviceControl.cpp-L1275)     Description:AcquisitionStart Execute Success     Solution:
Error   2025-03-02 17:17:48  DevID:MV-CA016-10UC(00J27288533)  Source-Line:libMvUsb3vTL.so(DriverLayer.cpp-L0785)     Description:timesOut, num_iso_packets: ff     Solution:
Error   2025-03-02 17:17:49  DevID:MV-CA016-10UC(00J27288533)  Source-Line:libMvUsb3vTL.so(DriverLayer.cpp-L0785)     Description:timesOut, num_iso_packets: ff     Solution:
Error   2025-03-02 17:17:50  DevID:MV-CA016-10UC(00J27288533)  Source-Line:libMvUsb3vTL.so(DriverLayer.cpp-L0785)     Description:timesOut, num_iso_packets: ff     Solution:
Error   2025-03-02 17:17:51  DevID:MV-CA016-10UC(00J27288533)  Source-Line:libMvUsb3vTL.so(DriverLayer.cpp-L0785)     Description:timesOut, num_iso_packets: ff     Solution:
Error   2025-03-02 17:17:52  DevID:MV-CA016-10UC(00J27288533)  Source-Line:libMvUsb3vTL.so(DriverLayer.cpp-L0785)     Description:timesOut, num_iso_packets: ff     Solution:
Error   2025-03-02 17:17:53  DevID:MV-CA016-10UC(00J27288533)  Source-Line:libMvUsb3vTL.so(DriverLayer.cpp-L0785)     Description:timesOut, num_iso_packets: ff     Solution:
Error   2025-03-02 17:17:54  DevID:MV-CA016-10UC(00J27288533)  Source-Line:libMvUsb3vTL.so(DriverLayer.cpp-L0785)     Description:timesOut, num_iso_packets: ff     Solution:
Error   2025-03-02 17:17:55  DevID:MV-CA016-10UC(00J27288533)  Source-Line:libMvUsb3vTL.so(DriverLayer.cpp-L0785)     Description:timesOut, num_iso_packets: ff     Solution:
Error   2025-03-02 17:17:56  DevID:MV-CA016-10UC(00J27288533)  Source-Line:libMvUsb3vTL.so(DriverLayer.cpp-L0785)     Description:timesOut, num_iso_packets: ff     Solution:
Error   2025-03-02 17:17:57  DevID:MV-CA016-10UC(00J27288533)  Source-Line:libMvUsb3vTL.so(DriverLayer.cpp-L0785)     Description:timesOut, num_iso_packets: ff     Solution:
Error   2025-03-02 17:17:58  DevID:MV-CA016-10UC(00J27288533)  Source-Line:libMvUsb3vTL.so(DriverLayer.cpp-L0785)     Description:timesOut, num_iso_packets: ff     Solution:
Error   2025-03-02 17:17:59  DevID:MV-CA016-10UC(00J27288533)  Source-Line:libMvUsb3vTL.so(DriverLayer.cpp-L0785)     Description:timesOut, num_iso_packets: ff     Solution:
Error   2025-03-02 17:18:00  DevID:MV-CA016-10UC(00J27288533)  Source-Line:libMvUsb3vTL.so(DriverLayer.cpp-L0785)     Description:timesOut, num_iso_packets: ff     Solution:
Error   2025-03-02 17:18:01  DevID:MV-CA016-10UC(00J27288533)  Source-Line:libMvUsb3vTL.so(DriverLayer.cpp-L0785)     Description:timesOut, num_iso_packets: ff     Solution:
Error   2025-03-02 17:18:02  DevID:MV-CA016-10UC(00J27288533)  Source-Line:libMvUsb3vTL.so(DriverLayer.cpp-L0785)     Description:timesOut, num_iso_packets: ff     Solution:
Error   2025-03-02 17:18:03  DevID:MV-CA016-10UC(00J27288533)  Source-Line:libMvUsb3vTL.so(DriverLayer.cpp-L0785)     Description:timesOut, num_iso_packets: ff     Solution:
Error   2025-03-02 17:18:04  DevID:MV-CA016-10UC(00J27288533)  Source-Line:libMvUsb3vTL.so(DriverLayer.cpp-L0785)     Description:timesOut, num_iso_packets: ff     Solution:
Error   2025-03-02 17:18:05  DevID:MV-CA016-10UC(00J27288533)  Source-Line:libMvUsb3vTL.so(DriverLayer.cpp-L0785)     Description:timesOut, num_iso_packets: ff     Solution:
Error   2025-03-02 17:18:06  DevID:MV-CA016-10UC(00J27288533)  Source-Line:libMvUsb3vTL.so(DriverLayer.cpp-L0785)     Description:timesOut, num_iso_packets: ff     Solution:
Error   2025-03-02 17:18:07  DevID:MV-CA016-10UC(00J27288533)  Source-Line:libMvUsb3vTL.so(DriverLayer.cpp-L0785)     Description:timesOut, num_iso_packets: ff     Solution:
Error   2025-03-02 17:18:08  DevID:MV-CA016-10UC(00J27288533)  Source-Line:libMvUsb3vTL.so(DriverLayer.cpp-L0785)     Description:timesOut, num_iso_packets: ff     Solution:
Error   2025-03-02 17:18:09  DevID:MV-CA016-10UC(00J27288533)  Source-Line:libMvUsb3vTL.so(DriverLayer.cpp-L0785)     Description:timesOut, num_iso_packets: ff     Solution:
Error   2025-03-02 17:18:10  DevID:MV-CA016-10UC(00J27288533)  Source-Line:libMvUsb3vTL.so(DriverLayer.cpp-L0785)     Description:timesOut, num_iso_packets: ff     Solution:
Error   2025-03-02 17:18:11  DevID:MV-CA016-10UC(00J27288533)  Source-Line:libMvUsb3vTL.so(DriverLayer.cpp-L0785)     Description:timesOut, num_iso_packets: ff     Solution:
Error   2025-03-02 17:18:12  DevID:MV-CA016-10UC(00J27288533)  Source-Line:libMvUsb3vTL.so(DriverLayer.cpp-L0785)     Description:timesOut, num_iso_packets: ff     Solution:
Error   2025-03-02 17:18:13  DevID:MV-CA016-10UC(00J27288533)  Source-Line:libMvUsb3vTL.so(DriverLayer.cpp-L0785)     Description:timesOut, num_iso_packets: ff     Solution:
Error   2025-03-02 17:18:14  DevID:MV-CA016-10UC(00J27288533)  Source-Line:libMvUsb3vTL.so(DriverLayer.cpp-L0785)     Description:timesOut, num_iso_packets: ff     Solution:
Error   2025-03-02 17:18:15  DevID:MV-CA016-10UC(00J27288533)  Source-Line:libMvUsb3vTL.so(DriverLayer.cpp-L0785)     Description:timesOut, num_iso_packets: ff     Solution:
Error   2025-03-02 17:18:16  DevID:MV-CA016-10UC(00J27288533)  Source-Line:libMvUsb3vTL.so(DriverLayer.cpp-L0785)     Description:timesOut, num_iso_packets: ff     Solution:
Error   2025-03-02 17:18:17  DevID:MV-CA016-10UC(00J27288533)  Source-Line:libMvUsb3vTL.so(DriverLayer.cpp-L0785)     Description:timesOut, num_iso_packets: ff     Solution:
Error   2025-03-02 17:18:18  DevID:MV-CA016-10UC(00J27288533)  Source-Line:libMvUsb3vTL.so(DriverLayer.cpp-L0785)     Description:timesOut, num_iso_packets: ff     Solution:
Error   2025-03-02 17:18:19  DevID:MV-CA016-10UC(00J27288533)  Source-Line:libMvUsb3vTL.so(DriverLayer.cpp-L0785)     Description:timesOut, num_iso_packets: ff     Solution:
Error   2025-03-02 17:18:20  DevID:MV-CA016-10UC(00J27288533)  Source-Line:libMvUsb3vTL.so(DriverLayer.cpp-L0785)     Description:timesOut, num_iso_packets: ff     Solution:
Error   2025-03-02 17:18:21  DevID:MV-CA016-10UC(00J27288533)  Source-Line:libMvUsb3vTL.so(DriverLayer.cpp-L0785)     Description:timesOut, num_iso_packets: ff     Solution:
Error   2025-03-02 17:18:22  DevID:MV-CA016-10UC(00J27288533)  Source-Line:libMvUsb3vTL.so(DriverLayer.cpp-L0785)     Description:timesOut, num_iso_packets: ff     Solution:
Error   2025-03-02 17:18:23  DevID:MV-CA016-10UC(00J27288533)  Source-Line:libMvUsb3vTL.so(DriverLayer.cpp-L0785)     Description:timesOut, num_iso_packets: ff     Solution:
Error   2025-03-02 17:18:24  DevID:MV-CA016-10UC(00J27288533)  Source-Line:libMvUsb3vTL.so(DriverLayer.cpp-L0785)     Description:timesOut, num_iso_packets: ff     Solution:
Error   2025-03-02 17:18:25  DevID:MV-CA016-10UC(00J27288533)  Source-Line:libMvUsb3vTL.so(DriverLayer.cpp-L0785)     Description:timesOut, num_iso_packets: ff     Solution:
Error   2025-03-02 17:18:26  DevID:MV-CA016-10UC(00J27288533)  Source-Line:libMvUsb3vTL.so(DriverLayer.cpp-L0785)     Description:timesOut, num_iso_packets: ff     Solution:
Error   2025-03-02 17:18:27  DevID:MV-CA016-10UC(00J27288533)  Source-Line:libMvUsb3vTL.so(DriverLayer.cpp-L0785)     Description:timesOut, num_iso_packets: ff     Solution:
Error   2025-03-02 17:18:28  DevID:MV-CA016-10UC(00J27288533)  Source-Line:libMvUsb3vTL.so(DriverLayer.cpp-L0785)     Description:timesOut, num_iso_packets: ff     Solution:
Error   2025-03-02 17:18:29  DevID:MV-CA016-10UC(00J27288533)  Source-Line:libMvUsb3vTL.so(DriverLayer.cpp-L0785)     Description:timesOut, num_iso_packets: ff     Solution:
Error   2025-03-02 17:18:30  DevID:MV-CA016-10UC(00J27288533)  Source-Line:libMvUsb3vTL.so(DriverLayer.cpp-L0785)     Description:timesOut, num_iso_packets: ff     Solution:
Error   2025-03-02 17:18:31  DevID:MV-CA016-10UC(00J27288533)  Source-Line:libMvUsb3vTL.so(DriverLayer.cpp-L0785)     Description:timesOut, num_iso_packets: ff     Solution:
Error   2025-03-02 17:18:32  DevID:MV-CA016-10UC(00J27288533)  Source-Line:libMvUsb3vTL.so(DriverLayer.cpp-L0785)     Description:timesOut, num_iso_packets: ff     Solution:
Error   2025-03-02 17:18:33  DevID:MV-CA016-10UC(00J27288533)  Source-Line:libMvUsb3vTL.so(DriverLayer.cpp-L0785)     Description:timesOut, num_iso_packets: ff     Solution:
Error   2025-03-02 17:18:34  DevID:MV-CA016-10UC(00J27288533)  Source-Line:libMvUsb3vTL.so(DriverLayer.cpp-L0785)     Description:timesOut, num_iso_packets: ff     Solution:
Error   2025-03-02 17:18:35  DevID:MV-CA016-10UC(00J27288533)  Source-Line:libMvUsb3vTL.so(DriverLayer.cpp-L0785)     Description:timesOut, num_iso_packets: ff     Solution:
Error   2025-03-02 17:18:36  DevID:MV-CA016-10UC(00J27288533)  Source-Line:libMvUsb3vTL.so(DriverLayer.cpp-L0785)     Description:timesOut, num_iso_packets: ff     Solution:
Error   2025-03-02 17:18:37  DevID:MV-CA016-10UC(00J27288533)  Source-Line:libMvUsb3vTL.so(DriverLayer.cpp-L0785)     Description:timesOut, num_iso_packets: ff     Solution:
Error   2025-03-02 17:18:38  DevID:MV-CA016-10UC(00J27288533)  Source-Line:libMvUsb3vTL.so(DriverLayer.cpp-L0785)     Description:timesOut, num_iso_packets: ff     Solution:
Error   2025-03-02 17:18:39  DevID:MV-CA016-10UC(00J27288533)  Source-Line:libMvUsb3vTL.so(DriverLayer.cpp-L0785)     Description:timesOut, num_iso_packets: ff     Solution:
Error   2025-03-02 17:18:40  DevID:MV-CA016-10UC(00J27288533)  Source-Line:libMvUsb3vTL.so(DriverLayer.cpp-L0785)     Description:timesOut, num_iso_packets: ff     Solution:
Error   2025-03-02 17:18:41  DevID:MV-CA016-10UC(00J27288533)  Source-Line:libMvUsb3vTL.so(DriverLayer.cpp-L0785)     Description:timesOut, num_iso_packets: ff     Solution:
Error   2025-03-02 17:18:42  DevID:MV-CA016-10UC(00J27288533)  Source-Line:libMvUsb3vTL.so(DriverLayer.cpp-L0785)     Description:timesOut, num_iso_packets: ff     Solution:
Error   2025-03-02 17:18:43  DevID:MV-CA016-10UC(00J27288533)  Source-Line:libMvUsb3vTL.so(DriverLayer.cpp-L0785)     Description:timesOut, num_iso_packets: ff     Solution:
Error   2025-03-02 17:18:44  DevID:MV-CA016-10UC(00J27288533)  Source-Line:libMvUsb3vTL.so(DriverLayer.cpp-L0785)     Description:timesOut, num_iso_packets: ff     Solution:
Error   2025-03-02 17:18:45  DevID:MV-CA016-10UC(00J27288533)  Source-Line:libMvUsb3vTL.so(DriverLayer.cpp-L0785)     Description:timesOut, num_iso_packets: ff     Solution:
Error   2025-03-02 17:18:46  DevID:MV-CA016-10UC(00J27288533)  Source-Line:libMvUsb3vTL.so(DriverLayer.cpp-L0785)     Description:timesOut, num_iso_packets: ff     Solution:
Error   2025-03-02 17:18:47  DevID:MV-CA016-10UC(00J27288533)  Source-Line:libMvUsb3vTL.so(DriverLayer.cpp-L0785)     Description:timesOut, num_iso_packets: ff     Solution:
Error   2025-03-02 17:18:48  DevID:MV-CA016-10UC(00J27288533)  Source-Line:libMvUsb3vTL.so(DriverLayer.cpp-L0785)     Description:timesOut, num_iso_packets: ff     Solution:
Error   2025-03-02 17:18:49  DevID:MV-CA016-10UC(00J27288533)  Source-Line:libMvUsb3vTL.so(DriverLayer.cpp-L0785)     Description:timesOut, num_iso_packets: ff     Solution:
Error   2025-03-02 17:18:50  DevID:MV-CA016-10UC(00J27288533)  Source-Line:libMvUsb3vTL.so(DriverLayer.cpp-L0785)     Description:timesOut, num_iso_packets: ff     Solution:
Error   2025-03-02 17:18:51  DevID:MV-CA016-10UC(00J27288533)  Source-Line:libMvUsb3vTL.so(DriverLayer.cpp-L0785)     Description:timesOut, num_iso_packets: ff     Solution:
Error   2025-03-02 17:18:52  DevID:MV-CA016-10UC(00J27288533)  Source-Line:libMvUsb3vTL.so(DriverLayer.cpp-L0785)     Description:timesOut, num_iso_packets: ff     Solution:
Error   2025-03-02 17:18:53  DevID:MV-CA016-10UC(00J27288533)  Source-Line:libMvUsb3vTL.so(DriverLayer.cpp-L0785)     Description:timesOut, num_iso_packets: ff     Solution:
Error   2025-03-02 17:18:54  DevID:MV-CA016-10UC(00J27288533)  Source-Line:libMvUsb3vTL.so(DriverLayer.cpp-L0785)     Description:timesOut, num_iso_packets: ff     Solution:
Error   2025-03-02 17:18:55  DevID:MV-CA016-10UC(00J27288533)  Source-Line:libMvUsb3vTL.so(DriverLayer.cpp-L0785)     Description:timesOut, num_iso_packets: ff     Solution:
Error   2025-03-02 17:18:56  DevID:MV-CA016-10UC(00J27288533)  Source-Line:libMvUsb3vTL.so(DriverLayer.cpp-L0785)     Description:timesOut, num_iso_packets: ff     Solution:
Error   2025-03-02 17:18:57  DevID:MV-CA016-10UC(00J27288533)  Source-Line:libMvUsb3vTL.so(DriverLayer.cpp-L0785)     Description:timesOut, num_iso_packets: ff     Solution:
Error   2025-03-02 17:18:58  DevID:MV-CA016-10UC(00J27288533)  Source-Line:libMvUsb3vTL.so(DriverLayer.cpp-L0785)     Description:timesOut, num_iso_packets: ff     Solution:
Error   2025-03-02 17:18:59  DevID:MV-CA016-10UC(00J27288533)  Source-Line:libMvUsb3vTL.so(DriverLayer.cpp-L0785)     Description:timesOut, num_iso_packets: ff     Solution:
Error   2025-03-02 17:19:00  DevID:MV-CA016-10UC(00J27288533)  Source-Line:libMvUsb3vTL.so(DriverLayer.cpp-L0785)     Description:timesOut, num_iso_packets: ff     Solution:
Error   2025-03-02 17:19:01  DevID:MV-CA016-10UC(00J27288533)  Source-Line:libMvUsb3vTL.so(DriverLayer.cpp-L0785)     Description:timesOut, num_iso_packets: ff     Solution:
Error   2025-03-02 17:19:02  DevID:MV-CA016-10UC(00J27288533)  Source-Line:libMvUsb3vTL.so(DriverLayer.cpp-L0785)     Description:timesOut, num_iso_packets: ff     Solution:
Error   2025-03-02 17:19:03  DevID:MV-CA016-10UC(00J27288533)  Source-Line:libMvUsb3vTL.so(DriverLayer.cpp-L0785)     Description:timesOut, num_iso_packets: ff     Solution:
Error   2025-03-02 17:19:04  DevID:MV-CA016-10UC(00J27288533)  Source-Line:libMvUsb3vTL.so(DriverLayer.cpp-L0785)     Description:timesOut, num_iso_packets: ff     Solution:
Error   2025-03-02 17:19:05  DevID:MV-CA016-10UC(00J27288533)  Source-Line:libMvUsb3vTL.so(DriverLayer.cpp-L0785)     Description:timesOut, num_iso_packets: ff     Solution:
Error   2025-03-02 17:19:06  DevID:MV-CA016-10UC(00J27288533)  Source-Line:libMvUsb3vTL.so(DriverLayer.cpp-L0785)     Description:timesOut, num_iso_packets: ff     Solution:
Error   2025-03-02 17:19:07  DevID:MV-CA016-10UC(00J27288533)  Source-Line:libMvUsb3vTL.so(DriverLayer.cpp-L0785)     Description:timesOut, num_iso_packets: ff     Solution:
Error   2025-03-02 17:19:08  DevID:MV-CA016-10UC(00J27288533)  Source-Line:libMvUsb3vTL.so(DriverLayer.cpp-L0785)     Description:timesOut, num_iso_packets: ff     Solution:
Error   2025-03-02 17:19:09  DevID:MV-CA016-10UC(00J27288533)  Source-Line:libMvUsb3vTL.so(DriverLayer.cpp-L0785)     Description:timesOut, num_iso_packets: ff     Solution:
Error   2025-03-02 17:19:10  DevID:MV-CA016-10UC(00J27288533)  Source-Line:libMvUsb3vTL.so(DriverLayer.cpp-L0785)     Description:timesOut, num_iso_packets: ff     Solution:
Error   2025-03-02 17:19:11  DevID:MV-CA016-10UC(00J27288533)  Source-Line:libMvUsb3vTL.so(DriverLayer.cpp-L0785)     Description:timesOut, num_iso_packets: ff     Solution:
Error   2025-03-02 17:19:12  DevID:MV-CA016-10UC(00J27288533)  Source-Line:libMvUsb3vTL.so(DriverLayer.cpp-L0785)     Description:timesOut, num_iso_packets: ff     Solution:
Error   2025-03-02 17:19:13  DevID:MV-CA016-10UC(00J27288533)  Source-Line:libMvUsb3vTL.so(DriverLayer.cpp-L0785)     Description:timesOut, num_iso_packets: ff     Solution:
Error   2025-03-02 17:19:14  DevID:MV-CA016-10UC(00J27288533)  Source-Line:libMvUsb3vTL.so(DriverLayer.cpp-L0785)     Description:timesOut, num_iso_packets: ff     Solution:
Error   2025-03-02 17:19:15  DevID:MV-CA016-10UC(00J27288533)  Source-Line:libMvUsb3vTL.so(DriverLayer.cpp-L0785)     Description:timesOut, num_iso_packets: ff     Solution:
Error   2025-03-02 17:19:16  DevID:MV-CA016-10UC(00J27288533)  Source-Line:libMvUsb3vTL.so(DriverLayer.cpp-L0785)     Description:timesOut, num_iso_packets: ff     Solution:
Error   2025-03-02 17:19:17  DevID:MV-CA016-10UC(00J27288533)  Source-Line:libMvUsb3vTL.so(DriverLayer.cpp-L0785)     Description:timesOut, num_iso_packets: ff     Solution:
Error   2025-03-02 17:19:18  DevID:MV-CA016-10UC(00J27288533)  Source-Line:libMvUsb3vTL.so(DriverLayer.cpp-L0785)     Description:timesOut, num_iso_packets: ff     Solution:
Error   2025-03-02 17:19:19  DevID:MV-CA016-10UC(00J27288533)  Source-Line:libMvUsb3vTL.so(DriverLayer.cpp-L0785)     Description:timesOut, num_iso_packets: ff     Solution:
Error   2025-03-02 17:19:20  DevID:MV-CA016-10UC(00J27288533)  Source-Line:libMvUsb3vTL.so(DriverLayer.cpp-L0785)     Description:timesOut, num_iso_packets: ff     Solution:
Error   2025-03-02 17:19:21  DevID:MV-CA016-10UC(00J27288533)  Source-Line:libMvUsb3vTL.so(DriverLayer.cpp-L0785)     Description:timesOut, num_iso_packets: ff     Solution:
Error   2025-03-02 17:19:22  DevID:MV-CA016-10UC(00J27288533)  Source-Line:libMvUsb3vTL.so(DriverLayer.cpp-L0785)     Description:timesOut, num_iso_packets: ff     Solution:
Error   2025-03-02 17:19:23  DevID:MV-CA016-10UC(00J27288533)  Source-Line:libMvUsb3vTL.so(DriverLayer.cpp-L0785)     Description:timesOut, num_iso_packets: ff     Solution:
Error   2025-03-02 17:19:24  DevID:MV-CA016-10UC(00J27288533)  Source-Line:libMvUsb3vTL.so(DriverLayer.cpp-L0785)     Description:timesOut, num_iso_packets: ff     Solution:
Error   2025-03-02 17:19:25  DevID:MV-CA016-10UC(00J27288533)  Source-Line:libMvUsb3vTL.so(DriverLayer.cpp-L0785)     Description:timesOut, num_iso_packets: ff     Solution:
Error   2025-03-02 17:19:26  DevID:MV-CA016-10UC(00J27288533)  Source-Line:libMvUsb3vTL.so(DriverLayer.cpp-L0785)     Description:timesOut, num_iso_packets: ff     Solution:
Error   2025-03-02 17:19:27  DevID:MV-CA016-10UC(00J27288533)  Source-Line:libMvUsb3vTL.so(DriverLayer.cpp-L0785)     Description:timesOut, num_iso_packets: ff     Solution:
Error   2025-03-02 17:19:28  DevID:MV-CA016-10UC(00J27288533)  Source-Line:libMvUsb3vTL.so(DriverLayer.cpp-L0785)     Description:timesOut, num_iso_packets: ff     Solution:
Error   2025-03-02 17:19:29  DevID:MV-CA016-10UC(00J27288533)  Source-Line:libMvUsb3vTL.so(DriverLayer.cpp-L0785)     Description:timesOut, num_iso_packets: ff     Solution:
Error   2025-03-02 17:19:30  DevID:MV-CA016-10UC(00J27288533)  Source-Line:libMvUsb3vTL.so(DriverLayer.cpp-L0785)     Description:timesOut, num_iso_packets: ff     Solution:
Error   2025-03-02 17:19:31  DevID:MV-CA016-10UC(00J27288533)  Source-Line:libMvUsb3vTL.so(DriverLayer.cpp-L0785)     Description:timesOut, num_iso_packets: ff     Solution:
Error   2025-03-02 17:19:32  DevID:MV-CA016-10UC(00J27288533)  Source-Line:libMvUsb3vTL.so(DriverLayer.cpp-L0785)     Description:timesOut, num_iso_packets: ff     Solution:
Error   2025-03-02 17:19:33  DevID:MV-CA016-10UC(00J27288533)  Source-Line:libMvUsb3vTL.so(DriverLayer.cpp-L0785)     Description:timesOut, num_iso_packets: ff     Solution:
Error   2025-03-02 17:19:34  DevID:MV-CA016-10UC(00J27288533)  Source-Line:libMvUsb3vTL.so(DriverLayer.cpp-L0785)     Description:timesOut, num_iso_packets: ff     Solution:
Error   2025-03-02 17:19:35  DevID:MV-CA016-10UC(00J27288533)  Source-Line:libMvUsb3vTL.so(DriverLayer.cpp-L0785)     Description:timesOut, num_iso_packets: ff     Solution:
Error   2025-03-02 17:19:36  DevID:MV-CA016-10UC(00J27288533)  Source-Line:libMvUsb3vTL.so(DriverLayer.cpp-L0785)     Description:timesOut, num_iso_packets: ff     Solution:
Error   2025-03-02 17:19:37  DevID:MV-CA016-10UC(00J27288533)  Source-Line:libMvUsb3vTL.so(DriverLayer.cpp-L0785)     Description:timesOut, num_iso_packets: ff     Solution:
Error   2025-03-02 17:19:38  DevID:MV-CA016-10UC(00J27288533)  Source-Line:libMvUsb3vTL.so(DriverLayer.cpp-L0785)     Description:timesOut, num_iso_packets: ff     Solution:
Error   2025-03-02 17:19:39  DevID:MV-CA016-10UC(00J27288533)  Source-Line:libMvUsb3vTL.so(DriverLayer.cpp-L0785)     Description:timesOut, num_iso_packets: ff     Solution:
Error   2025-03-02 17:19:40  DevID:MV-CA016-10UC(00J27288533)  Source-Line:libMvUsb3vTL.so(DriverLayer.cpp-L0785)     Description:timesOut, num_iso_packets: ff     Solution:
Error   2025-03-02 17:19:41  DevID:MV-CA016-10UC(00J27288533)  Source-Line:libMvUsb3vTL.so(DriverLayer.cpp-L0785)     Description:timesOut, num_iso_packets: ff     Solution:
Error   2025-03-02 17:19:42  DevID:MV-CA016-10UC(00J27288533)  Source-Line:libMvUsb3vTL.so(DriverLayer.cpp-L0785)     Description:timesOut, num_iso_packets: ff     Solution:
Error   2025-03-02 17:19:43  DevID:MV-CA016-10UC(00J27288533)  Source-Line:libMvUsb3vTL.so(DriverLayer.cpp-L0785)     Description:timesOut, num_iso_packets: ff     Solution:
Error   2025-03-02 17:19:44  DevID:MV-CA016-10UC(00J27288533)  Source-Line:libMvUsb3vTL.so(DriverLayer.cpp-L0785)     Description:timesOut, num_iso_packets: ff     Solution:
Error   2025-03-02 17:19:45  DevID:MV-CA016-10UC(00J27288533)  Source-Line:libMvUsb3vTL.so(DriverLayer.cpp-L0785)     Description:timesOut, num_iso_packets: ff     Solution:
Error   2025-03-02 17:19:46  DevID:MV-CA016-10UC(00J27288533)  Source-Line:libMvUsb3vTL.so(DriverLayer.cpp-L0785)     Description:timesOut, num_iso_packets: ff     Solution:
Error   2025-03-02 17:19:47  DevID:MV-CA016-10UC(00J27288533)  Source-Line:libMvUsb3vTL.so(DriverLayer.cpp-L0785)     Description:timesOut, num_iso_packets: ff     Solution:
Error   2025-03-02 17:19:48  DevID:MV-CA016-10UC(00J27288533)  Source-Line:libMvUsb3vTL.so(DriverLayer.cpp-L0785)     Description:timesOut, num_iso_packets: ff     Solution:
Error   2025-03-02 17:19:49  DevID:MV-CA016-10UC(00J27288533)  Source-Line:libMvUsb3vTL.so(DriverLayer.cpp-L0785)     Description:timesOut, num_iso_packets: ff     Solution:
Error   2025-03-02 17:19:50  DevID:MV-CA016-10UC(00J27288533)  Source-Line:libMvUsb3vTL.so(DriverLayer.cpp-L0785)     Description:timesOut, num_iso_packets: ff     Solution:
Error   2025-03-02 17:19:51  DevID:MV-CA016-10UC(00J27288533)  Source-Line:libMvUsb3vTL.so(DriverLayer.cpp-L0785)     Description:timesOut, num_iso_packets: ff     Solution:
Warning 2025-03-02 17:19:52  DevID:MV-CA016-10UC(00J27288533)  Source-Line:libMvUsb3vTL.so(StreamProcess.cpp-L1144)     Description:Get an abnormal image !£¬ nRet = 0x8000000b
     Solution:
Info    2025-03-02 17:19:52  DevID:MV-CA016-10UC(00J27288533)  Source-Line:libMvUsb3vTL.so(DeviceControl.cpp-L1315)     Description:AcquisitionStop Execute Success     Solution:
Error   2025-03-02 17:19:52  DevID:MV-CA016-10UC(00J27288533)  Source-Line:libMvUsb3vTL.so(StreamProcess.cpp-L1065)     Description:[ReadAsync] error code is:[3],i = [0], errno[11], Halt Total Count[1]     Solution:
Warning 2025-03-02 17:19:52  DevID:MV-CA016-10UC(00J27288533)  Source-Line:libMvUsb3vTL.so(StreamProcess.cpp-L1101)     Description:[ReadAsync] Async Canceled error,i = [0]     Solution:
Warning 2025-03-02 17:19:52  DevID:MV-CA016-10UC(00J27288533)  Source-Line:libMvUsb3vTL.so(StreamProcess.cpp-L1144)     Description:Get an abnormal image !£¬ nRet = 0x8000000b
     Solution:
Info    2025-03-02 17:19:52  DevID:MV-CA016-10UC(00J27288533)  Source-Line:libMvUsb3vTL.so(StreamProcess.cpp-L1192)     Description:RecvThread process exit     Solution:
Info    2025-03-02 17:19:52  DevID:MV-CA016-10UC(00J27288533)  Source-Line:libMvUsb3vTL.so(StreamProcess.cpp-L0530)     Description:getfcnt [2997], getfcntsucceed[2997], totalRecv[2997]     Solution:
Error   2025-03-02 17:19:52  DevID:MV-CA016-10UC(00J27288533)  Source-Line:libMvUsb3vTL.so(DriverLayer.cpp-L0785)     Description:timesOut, num_iso_packets: ff     Solution:
Info    2025-03-02 17:19:52  DevID:MV-CA016-10UC(00J27288533)  Source-Line:libMvUsb3vTL.so(EventProcess.cpp-L0282)     Description:U3V EventRecvThread End     Solution:
Info    2025-03-02 17:19:52  DevID:MV-CA016-10UC(00J27288533)  Source-Line:libMvUsb3vTL.so(EventProcess.cpp-L0708)     Description:U3V EventSendThread End     Solution:
