-- The C compiler identification is GNU 13.3.0
-- The CXX compiler identification is GNU 13.3.0
-- Detecting C compiler ABI info
-- Detecting C compiler ABI info - done
-- Check for working C compiler: /usr/bin/cc - skipped
-- Detecting C compile features
-- Detecting C compile features - done
-- Detecting CXX compiler ABI info
-- Detecting CXX compiler ABI info - done
-- Check for working CXX compiler: /usr/bin/c++ - skipped
-- Detecting CXX compile features
-- Detecting CXX compile features - done
-- Found ament_cmake_auto: 2.5.3 (/opt/ros/jazzy/share/ament_cmake_auto/cmake)
-- Found Python3: /usr/bin/python3 (found version "3.12.3") found components: Interpreter 
-- Override CMake install command with custom implementation using symlinks instead of copying resources
-- Found OpenCV: /usr (found version "4.6.0") 
-- Found rosidl_generator_c: 4.6.5 (/opt/ros/jazzy/share/rosidl_generator_c/cmake)
-- Found rosidl_generator_cpp: 4.6.5 (/opt/ros/jazzy/share/rosidl_generator_cpp/cmake)
-- Using all available rosidl_typesupport_c: rosidl_typesupport_fastrtps_c;rosidl_typesupport_introspection_c
-- Using all available rosidl_typesupport_cpp: rosidl_typesupport_fastrtps_cpp;rosidl_typesupport_introspection_cpp
-- Found rmw_implementation_cmake: 7.3.1 (/opt/ros/jazzy/share/rmw_implementation_cmake/cmake)
-- Found rmw_fastrtps_cpp: 8.4.1 (/opt/ros/jazzy/share/rmw_fastrtps_cpp/cmake)
-- Found OpenSSL: /usr/lib/x86_64-linux-gnu/libcrypto.so (found version "3.0.13")  
-- Found FastRTPS: /opt/ros/jazzy/include (Required is at least version "2.13") 
-- Using RMW implementation 'rmw_fastrtps_cpp' as default
-- Found eigen3_cmake_module: 0.3.0 (/opt/ros/jazzy/share/eigen3_cmake_module/cmake)
-- Found Eigen3: TRUE (found version "3.4.0") 
-- Ensuring Eigen3 include directory is part of orocos-kdl CMake target
-- Found ament_lint_auto: 0.17.1 (/opt/ros/jazzy/share/ament_lint_auto/cmake)
-- Found ament_cmake_gtest: 2.5.3 (/opt/ros/jazzy/share/ament_cmake_gtest/cmake)
-- Found gtest sources under '/opt/ros/jazzy/src/gtest_vendor': C++ tests using 'Google Test' will be built
-- Performing Test CMAKE_HAVE_LIBC_PTHREAD
-- Performing Test CMAKE_HAVE_LIBC_PTHREAD - Success
-- Found Threads: TRUE  
-- Added test 'cppcheck' to perform static code analysis on C / C++ code
-- Configured cppcheck include dirs: /home/ely/duo_ros_ws/src/rm_auto_aim/armor_detector/include
-- Configured cppcheck exclude dirs and/or files: 
-- Added test 'lint_cmake' to check CMake code style
-- Added test 'xmllint' to check XML markup files
-- Added test 'clang_format' to check C / C++ code style
-- Configuring done (1.7s)
-- Generating done (0.1s)
-- Build files have been written to: /home/ely/duo_ros_ws/build/armor_detector
[  6%] [32mBuilding CXX object CMakeFiles/armor_detector_node.dir/rclcpp_components/node_main_armor_detector_node.cpp.o[0m
[ 13%] [32mBuilding CXX object CMakeFiles/armor_detector.dir/src/detector_node.cpp.o[0m
[ 20%] [32mBuilding CXX object CMakeFiles/armor_detector.dir/src/number_classifier.cpp.o[0m
[ 26%] [32mBuilding CXX object gtest/CMakeFiles/gtest_main.dir/src/gtest_main.cc.o[0m
[ 33%] [32mBuilding CXX object gtest/CMakeFiles/gtest.dir/src/gtest-all.cc.o[0m
[ 46%] [32mBuilding CXX object CMakeFiles/armor_detector.dir/src/pnp_solver.cpp.o[0m
[ 46%] [32mBuilding CXX object CMakeFiles/armor_detector.dir/src/detector.cpp.o[0m
[ 53%] [32m[1mLinking CXX static library libgtest_main.a[0m
[ 53%] Built target gtest_main
[ 60%] [32m[1mLinking CXX executable armor_detector_node[0m
[ 60%] Built target armor_detector_node
[ 66%] [32m[1mLinking CXX static library libgtest.a[0m
[ 66%] Built target gtest
[ 73%] [32m[1mLinking CXX shared library libarmor_detector.so[0m
[ 73%] Built target armor_detector
[ 80%] [32mBuilding CXX object CMakeFiles/test_node_startup.dir/test/test_node_startup.cpp.o[0m
[ 86%] [32m[1mLinking CXX executable test_node_startup[0m
[ 86%] Built target test_node_startup
[ 93%] [32mBuilding CXX object CMakeFiles/test_number_cls.dir/test/test_number_cls.cpp.o[0m
[100%] [32m[1mLinking CXX executable test_number_cls[0m
[100%] Built target test_number_cls
-- Install configuration: "RelWithDebInfo"
-- Execute custom install script
-- Symlinking: /home/ely/duo_ros_ws/install/armor_detector/lib/armor_detector/armor_detector_node
-- Symlinking: /home/ely/duo_ros_ws/install/armor_detector/include/armor_detector/armor.hpp
-- Symlinking: /home/ely/duo_ros_ws/install/armor_detector/include/armor_detector/detector.hpp
-- Symlinking: /home/ely/duo_ros_ws/install/armor_detector/include/armor_detector/detector_node.hpp
-- Symlinking: /home/ely/duo_ros_ws/install/armor_detector/include/armor_detector/number_classifier.hpp
-- Symlinking: /home/ely/duo_ros_ws/install/armor_detector/include/armor_detector/pnp_solver.hpp
-- Symlinking: /home/ely/duo_ros_ws/install/armor_detector/share/armor_detector/environment/library_path.sh
-- Symlinking: /home/ely/duo_ros_ws/install/armor_detector/share/armor_detector/environment/library_path.dsv
-- Symlinking: /home/ely/duo_ros_ws/install/armor_detector/lib/libarmor_detector.so
-- Symlinking: /home/ely/duo_ros_ws/install/armor_detector/share/armor_detector/model/label.txt
-- Symlinking: /home/ely/duo_ros_ws/install/armor_detector/share/armor_detector/model/mlp.onnx
-- Symlinking: /home/ely/duo_ros_ws/install/armor_detector/share/ament_index/resource_index/package_run_dependencies/armor_detector
-- Symlinking: /home/ely/duo_ros_ws/install/armor_detector/share/ament_index/resource_index/parent_prefix_path/armor_detector
-- Symlinking: /home/ely/duo_ros_ws/install/armor_detector/share/armor_detector/environment/ament_prefix_path.sh
-- Symlinking: /home/ely/duo_ros_ws/install/armor_detector/share/armor_detector/environment/ament_prefix_path.dsv
-- Symlinking: /home/ely/duo_ros_ws/install/armor_detector/share/armor_detector/environment/path.sh
-- Symlinking: /home/ely/duo_ros_ws/install/armor_detector/share/armor_detector/environment/path.dsv
-- Symlinking: /home/ely/duo_ros_ws/install/armor_detector/share/armor_detector/local_setup.bash
-- Symlinking: /home/ely/duo_ros_ws/install/armor_detector/share/armor_detector/local_setup.sh
-- Symlinking: /home/ely/duo_ros_ws/install/armor_detector/share/armor_detector/local_setup.zsh
-- Symlinking: /home/ely/duo_ros_ws/install/armor_detector/share/armor_detector/local_setup.dsv
-- Symlinking: /home/ely/duo_ros_ws/install/armor_detector/share/armor_detector/package.dsv
-- Symlinking: /home/ely/duo_ros_ws/install/armor_detector/share/ament_index/resource_index/packages/armor_detector
-- Symlinking: /home/ely/duo_ros_ws/install/armor_detector/share/ament_index/resource_index/rclcpp_components/armor_detector
-- Symlinking: /home/ely/duo_ros_ws/install/armor_detector/share/armor_detector/cmake/ament_cmake_export_dependencies-extras.cmake
-- Symlinking: /home/ely/duo_ros_ws/install/armor_detector/share/armor_detector/cmake/ament_cmake_export_include_directories-extras.cmake
-- Symlinking: /home/ely/duo_ros_ws/install/armor_detector/share/armor_detector/cmake/ament_cmake_export_libraries-extras.cmake
-- Symlinking: /home/ely/duo_ros_ws/install/armor_detector/share/armor_detector/cmake/armor_detectorConfig.cmake
-- Symlinking: /home/ely/duo_ros_ws/install/armor_detector/share/armor_detector/cmake/armor_detectorConfig-version.cmake
-- Symlinking: /home/ely/duo_ros_ws/install/armor_detector/share/armor_detector/package.xml
