[0.013s] Invoking command in '/home/ely/duo_ros_ws/build/armor_detector': CMAKE_PREFIX_PATH=/home/ely/duo_ros_ws/install/auto_aim_interfaces:/home/ely/duo_ros_ws/install/rm_vision_bringup:/home/ely/duo_ros_ws/install/rm_serial_driver:/home/ely/duo_ros_ws/install/rm_gimbal_description:/home/ely/duo_ros_ws/install/hik_camera:/home/ely/duo_ros_ws/install/armor_tracker:/home/ely/duo_ros_ws/install/armor_executor:/home/ely/duo_ros_ws/install/armor_detector:/opt/ros/jazzy/opt/gz_math_vendor:/opt/ros/jazzy/opt/gz_utils_vendor:/opt/ros/jazzy/opt/gz_cmake_vendor:/opt/ros/jazzy DEBUGINFOD_URLS=https://debuginfod.ubuntu.com LD_LIBRARY_PATH=/home/ely/duo_ros_ws/install/auto_aim_interfaces/lib:/home/ely/duo_ros_ws/install/rm_serial_driver/lib:/home/ely/duo_ros_ws/install/hik_camera/lib:/home/ely/duo_ros_ws/install/armor_tracker/lib:/home/ely/duo_ros_ws/install/armor_executor/lib:/home/ely/duo_ros_ws/install/armor_detector/lib:/opt/MVS/lib/64:/opt/MVS/lib/32:/opt/ros/jazzy/opt/rviz_ogre_vendor/lib:/opt/ros/jazzy/lib/x86_64-linux-gnu:/opt/ros/jazzy/opt/gz_math_vendor/lib:/opt/ros/jazzy/opt/gz_utils_vendor/lib:/opt/ros/jazzy/opt/gz_cmake_vendor/lib:/opt/ros/jazzy/lib /usr/bin/cmake /home/ely/duo_ros_ws/src/rm_auto_aim/armor_detector -DCMAKE_BUILD_TYPE=RelWithDebInfo -DAMENT_CMAKE_SYMLINK_INSTALL=1 -DCMAKE_INSTALL_PREFIX=/home/ely/duo_ros_ws/install/armor_detector
[0.066s] -- The C compiler identification is GNU 13.3.0
[0.138s] -- The CXX compiler identification is GNU 13.3.0
[0.156s] -- Detecting C compiler ABI info
[0.255s] -- Detecting C compiler ABI info - done
[0.265s] -- Check for working C compiler: /usr/bin/cc - skipped
[0.265s] -- Detecting C compile features
[0.266s] -- Detecting C compile features - done
[0.274s] -- Detecting CXX compiler ABI info
[0.366s] -- Detecting CXX compiler ABI info - done
[0.374s] -- Check for working CXX compiler: /usr/bin/c++ - skipped
[0.374s] -- Detecting CXX compile features
[0.375s] -- Detecting CXX compile features - done
[0.378s] -- Found ament_cmake_auto: 2.5.3 (/opt/ros/jazzy/share/ament_cmake_auto/cmake)
[0.536s] -- Found Python3: /usr/bin/python3 (found version "3.12.3") found components: Interpreter 
[0.609s] -- Override CMake install command with custom implementation using symlinks instead of copying resources
[0.646s] -- Found OpenCV: /usr (found version "4.6.0") 
[0.783s] -- Found rosidl_generator_c: 4.6.5 (/opt/ros/jazzy/share/rosidl_generator_c/cmake)
[0.796s] -- Found rosidl_generator_cpp: 4.6.5 (/opt/ros/jazzy/share/rosidl_generator_cpp/cmake)
[0.811s] -- Using all available rosidl_typesupport_c: rosidl_typesupport_fastrtps_c;rosidl_typesupport_introspection_c
[0.832s] -- Using all available rosidl_typesupport_cpp: rosidl_typesupport_fastrtps_cpp;rosidl_typesupport_introspection_cpp
[0.903s] -- Found rmw_implementation_cmake: 7.3.1 (/opt/ros/jazzy/share/rmw_implementation_cmake/cmake)
[0.905s] -- Found rmw_fastrtps_cpp: 8.4.1 (/opt/ros/jazzy/share/rmw_fastrtps_cpp/cmake)
[0.978s] -- Found OpenSSL: /usr/lib/x86_64-linux-gnu/libcrypto.so (found version "3.0.13")  
[1.002s] -- Found FastRTPS: /opt/ros/jazzy/include (Required is at least version "2.13") 
[1.032s] -- Using RMW implementation 'rmw_fastrtps_cpp' as default
[1.376s] -- Found eigen3_cmake_module: 0.3.0 (/opt/ros/jazzy/share/eigen3_cmake_module/cmake)
[1.378s] -- Found Eigen3: TRUE (found version "3.4.0") 
[1.378s] -- Ensuring Eigen3 include directory is part of orocos-kdl CMake target
[1.517s] -- Found ament_lint_auto: 0.17.1 (/opt/ros/jazzy/share/ament_lint_auto/cmake)
[1.544s] -- Found ament_cmake_gtest: 2.5.3 (/opt/ros/jazzy/share/ament_cmake_gtest/cmake)
[1.547s] -- Found gtest sources under '/opt/ros/jazzy/src/gtest_vendor': C++ tests using 'Google Test' will be built
[1.550s] -- Performing Test CMAKE_HAVE_LIBC_PTHREAD
[1.655s] -- Performing Test CMAKE_HAVE_LIBC_PTHREAD - Success
[1.656s] -- Found Threads: TRUE  
[1.674s] -- Added test 'cppcheck' to perform static code analysis on C / C++ code
[1.674s] -- Configured cppcheck include dirs: /home/ely/duo_ros_ws/src/rm_auto_aim/armor_detector/include
[1.674s] -- Configured cppcheck exclude dirs and/or files: 
[1.676s] -- Added test 'lint_cmake' to check CMake code style
[1.678s] -- Added test 'xmllint' to check XML markup files
[1.682s] -- Added test 'clang_format' to check C / C++ code style
[1.687s] -- Configuring done (1.7s)
[1.785s] -- Generating done (0.1s)
[1.802s] -- Build files have been written to: /home/ely/duo_ros_ws/build/armor_detector
[1.831s] Invoked command in '/home/ely/duo_ros_ws/build/armor_detector' returned '0': CMAKE_PREFIX_PATH=/home/ely/duo_ros_ws/install/auto_aim_interfaces:/home/ely/duo_ros_ws/install/rm_vision_bringup:/home/ely/duo_ros_ws/install/rm_serial_driver:/home/ely/duo_ros_ws/install/rm_gimbal_description:/home/ely/duo_ros_ws/install/hik_camera:/home/ely/duo_ros_ws/install/armor_tracker:/home/ely/duo_ros_ws/install/armor_executor:/home/ely/duo_ros_ws/install/armor_detector:/opt/ros/jazzy/opt/gz_math_vendor:/opt/ros/jazzy/opt/gz_utils_vendor:/opt/ros/jazzy/opt/gz_cmake_vendor:/opt/ros/jazzy DEBUGINFOD_URLS=https://debuginfod.ubuntu.com LD_LIBRARY_PATH=/home/ely/duo_ros_ws/install/auto_aim_interfaces/lib:/home/ely/duo_ros_ws/install/rm_serial_driver/lib:/home/ely/duo_ros_ws/install/hik_camera/lib:/home/ely/duo_ros_ws/install/armor_tracker/lib:/home/ely/duo_ros_ws/install/armor_executor/lib:/home/ely/duo_ros_ws/install/armor_detector/lib:/opt/MVS/lib/64:/opt/MVS/lib/32:/opt/ros/jazzy/opt/rviz_ogre_vendor/lib:/opt/ros/jazzy/lib/x86_64-linux-gnu:/opt/ros/jazzy/opt/gz_math_vendor/lib:/opt/ros/jazzy/opt/gz_utils_vendor/lib:/opt/ros/jazzy/opt/gz_cmake_vendor/lib:/opt/ros/jazzy/lib /usr/bin/cmake /home/ely/duo_ros_ws/src/rm_auto_aim/armor_detector -DCMAKE_BUILD_TYPE=RelWithDebInfo -DAMENT_CMAKE_SYMLINK_INSTALL=1 -DCMAKE_INSTALL_PREFIX=/home/ely/duo_ros_ws/install/armor_detector
[1.832s] Invoking command in '/home/ely/duo_ros_ws/build/armor_detector': CMAKE_PREFIX_PATH=/home/ely/duo_ros_ws/install/auto_aim_interfaces:/home/ely/duo_ros_ws/install/rm_vision_bringup:/home/ely/duo_ros_ws/install/rm_serial_driver:/home/ely/duo_ros_ws/install/rm_gimbal_description:/home/ely/duo_ros_ws/install/hik_camera:/home/ely/duo_ros_ws/install/armor_tracker:/home/ely/duo_ros_ws/install/armor_executor:/home/ely/duo_ros_ws/install/armor_detector:/opt/ros/jazzy/opt/gz_math_vendor:/opt/ros/jazzy/opt/gz_utils_vendor:/opt/ros/jazzy/opt/gz_cmake_vendor:/opt/ros/jazzy DEBUGINFOD_URLS=https://debuginfod.ubuntu.com LD_LIBRARY_PATH=/home/ely/duo_ros_ws/install/auto_aim_interfaces/lib:/home/ely/duo_ros_ws/install/rm_serial_driver/lib:/home/ely/duo_ros_ws/install/hik_camera/lib:/home/ely/duo_ros_ws/install/armor_tracker/lib:/home/ely/duo_ros_ws/install/armor_executor/lib:/home/ely/duo_ros_ws/install/armor_detector/lib:/opt/MVS/lib/64:/opt/MVS/lib/32:/opt/ros/jazzy/opt/rviz_ogre_vendor/lib:/opt/ros/jazzy/lib/x86_64-linux-gnu:/opt/ros/jazzy/opt/gz_math_vendor/lib:/opt/ros/jazzy/opt/gz_utils_vendor/lib:/opt/ros/jazzy/opt/gz_cmake_vendor/lib:/opt/ros/jazzy/lib /usr/bin/cmake --build /home/ely/duo_ros_ws/build/armor_detector -- -j12 -l12
[1.915s] [  6%] [32mBuilding CXX object CMakeFiles/armor_detector_node.dir/rclcpp_components/node_main_armor_detector_node.cpp.o[0m
[1.915s] [ 13%] [32mBuilding CXX object CMakeFiles/armor_detector.dir/src/detector_node.cpp.o[0m
[1.915s] [ 20%] [32mBuilding CXX object CMakeFiles/armor_detector.dir/src/number_classifier.cpp.o[0m
[1.917s] [ 26%] [32mBuilding CXX object gtest/CMakeFiles/gtest_main.dir/src/gtest_main.cc.o[0m
[1.917s] [ 33%] [32mBuilding CXX object gtest/CMakeFiles/gtest.dir/src/gtest-all.cc.o[0m
[1.923s] [ 46%] [32mBuilding CXX object CMakeFiles/armor_detector.dir/src/pnp_solver.cpp.o[0m
[1.925s] [ 46%] [32mBuilding CXX object CMakeFiles/armor_detector.dir/src/detector.cpp.o[0m
[3.282s] [ 53%] [32m[1mLinking CXX static library libgtest_main.a[0m
[3.499s] [ 53%] Built target gtest_main
[8.751s] [ 60%] [32m[1mLinking CXX executable armor_detector_node[0m
[8.933s] [ 60%] Built target armor_detector_node
[17.726s] [ 66%] [32m[1mLinking CXX static library libgtest.a[0m
[17.883s] [ 66%] Built target gtest
[46.778s] [ 73%] [32m[1mLinking CXX shared library libarmor_detector.so[0m
[47.403s] [ 73%] Built target armor_detector
[47.425s] [ 80%] [32mBuilding CXX object CMakeFiles/test_node_startup.dir/test/test_node_startup.cpp.o[0m
[53.012s] [ 86%] [32m[1mLinking CXX executable test_node_startup[0m
[53.508s] [ 86%] Built target test_node_startup
[53.526s] [ 93%] [32mBuilding CXX object CMakeFiles/test_number_cls.dir/test/test_number_cls.cpp.o[0m
[55.769s] [100%] [32m[1mLinking CXX executable test_number_cls[0m
[56.225s] [100%] Built target test_number_cls
[56.234s] Invoked command in '/home/ely/duo_ros_ws/build/armor_detector' returned '0': CMAKE_PREFIX_PATH=/home/ely/duo_ros_ws/install/auto_aim_interfaces:/home/ely/duo_ros_ws/install/rm_vision_bringup:/home/ely/duo_ros_ws/install/rm_serial_driver:/home/ely/duo_ros_ws/install/rm_gimbal_description:/home/ely/duo_ros_ws/install/hik_camera:/home/ely/duo_ros_ws/install/armor_tracker:/home/ely/duo_ros_ws/install/armor_executor:/home/ely/duo_ros_ws/install/armor_detector:/opt/ros/jazzy/opt/gz_math_vendor:/opt/ros/jazzy/opt/gz_utils_vendor:/opt/ros/jazzy/opt/gz_cmake_vendor:/opt/ros/jazzy DEBUGINFOD_URLS=https://debuginfod.ubuntu.com LD_LIBRARY_PATH=/home/ely/duo_ros_ws/install/auto_aim_interfaces/lib:/home/ely/duo_ros_ws/install/rm_serial_driver/lib:/home/ely/duo_ros_ws/install/hik_camera/lib:/home/ely/duo_ros_ws/install/armor_tracker/lib:/home/ely/duo_ros_ws/install/armor_executor/lib:/home/ely/duo_ros_ws/install/armor_detector/lib:/opt/MVS/lib/64:/opt/MVS/lib/32:/opt/ros/jazzy/opt/rviz_ogre_vendor/lib:/opt/ros/jazzy/lib/x86_64-linux-gnu:/opt/ros/jazzy/opt/gz_math_vendor/lib:/opt/ros/jazzy/opt/gz_utils_vendor/lib:/opt/ros/jazzy/opt/gz_cmake_vendor/lib:/opt/ros/jazzy/lib /usr/bin/cmake --build /home/ely/duo_ros_ws/build/armor_detector -- -j12 -l12
[56.235s] Invoking command in '/home/ely/duo_ros_ws/build/armor_detector': CMAKE_PREFIX_PATH=/home/ely/duo_ros_ws/install/auto_aim_interfaces:/home/ely/duo_ros_ws/install/rm_vision_bringup:/home/ely/duo_ros_ws/install/rm_serial_driver:/home/ely/duo_ros_ws/install/rm_gimbal_description:/home/ely/duo_ros_ws/install/hik_camera:/home/ely/duo_ros_ws/install/armor_tracker:/home/ely/duo_ros_ws/install/armor_executor:/home/ely/duo_ros_ws/install/armor_detector:/opt/ros/jazzy/opt/gz_math_vendor:/opt/ros/jazzy/opt/gz_utils_vendor:/opt/ros/jazzy/opt/gz_cmake_vendor:/opt/ros/jazzy DEBUGINFOD_URLS=https://debuginfod.ubuntu.com LD_LIBRARY_PATH=/home/ely/duo_ros_ws/install/auto_aim_interfaces/lib:/home/ely/duo_ros_ws/install/rm_serial_driver/lib:/home/ely/duo_ros_ws/install/hik_camera/lib:/home/ely/duo_ros_ws/install/armor_tracker/lib:/home/ely/duo_ros_ws/install/armor_executor/lib:/home/ely/duo_ros_ws/install/armor_detector/lib:/opt/MVS/lib/64:/opt/MVS/lib/32:/opt/ros/jazzy/opt/rviz_ogre_vendor/lib:/opt/ros/jazzy/lib/x86_64-linux-gnu:/opt/ros/jazzy/opt/gz_math_vendor/lib:/opt/ros/jazzy/opt/gz_utils_vendor/lib:/opt/ros/jazzy/opt/gz_cmake_vendor/lib:/opt/ros/jazzy/lib /usr/bin/cmake --install /home/ely/duo_ros_ws/build/armor_detector
[56.242s] -- Install configuration: "RelWithDebInfo"
[56.242s] -- Execute custom install script
[56.242s] -- Symlinking: /home/ely/duo_ros_ws/install/armor_detector/lib/armor_detector/armor_detector_node
[56.250s] -- Symlinking: /home/ely/duo_ros_ws/install/armor_detector/include/armor_detector/armor.hpp
[56.259s] -- Symlinking: /home/ely/duo_ros_ws/install/armor_detector/include/armor_detector/detector.hpp
[56.267s] -- Symlinking: /home/ely/duo_ros_ws/install/armor_detector/include/armor_detector/detector_node.hpp
[56.276s] -- Symlinking: /home/ely/duo_ros_ws/install/armor_detector/include/armor_detector/number_classifier.hpp
[56.284s] -- Symlinking: /home/ely/duo_ros_ws/install/armor_detector/include/armor_detector/pnp_solver.hpp
[56.291s] -- Symlinking: /home/ely/duo_ros_ws/install/armor_detector/share/armor_detector/environment/library_path.sh
[56.299s] -- Symlinking: /home/ely/duo_ros_ws/install/armor_detector/share/armor_detector/environment/library_path.dsv
[56.306s] -- Symlinking: /home/ely/duo_ros_ws/install/armor_detector/lib/libarmor_detector.so
[56.314s] -- Symlinking: /home/ely/duo_ros_ws/install/armor_detector/share/armor_detector/model/label.txt
[56.321s] -- Symlinking: /home/ely/duo_ros_ws/install/armor_detector/share/armor_detector/model/mlp.onnx
[56.329s] -- Symlinking: /home/ely/duo_ros_ws/install/armor_detector/share/ament_index/resource_index/package_run_dependencies/armor_detector
[56.336s] -- Symlinking: /home/ely/duo_ros_ws/install/armor_detector/share/ament_index/resource_index/parent_prefix_path/armor_detector
[56.344s] -- Symlinking: /home/ely/duo_ros_ws/install/armor_detector/share/armor_detector/environment/ament_prefix_path.sh
[56.351s] -- Symlinking: /home/ely/duo_ros_ws/install/armor_detector/share/armor_detector/environment/ament_prefix_path.dsv
[56.359s] -- Symlinking: /home/ely/duo_ros_ws/install/armor_detector/share/armor_detector/environment/path.sh
[56.368s] -- Symlinking: /home/ely/duo_ros_ws/install/armor_detector/share/armor_detector/environment/path.dsv
[56.377s] -- Symlinking: /home/ely/duo_ros_ws/install/armor_detector/share/armor_detector/local_setup.bash
[56.385s] -- Symlinking: /home/ely/duo_ros_ws/install/armor_detector/share/armor_detector/local_setup.sh
[56.392s] -- Symlinking: /home/ely/duo_ros_ws/install/armor_detector/share/armor_detector/local_setup.zsh
[56.399s] -- Symlinking: /home/ely/duo_ros_ws/install/armor_detector/share/armor_detector/local_setup.dsv
[56.407s] -- Symlinking: /home/ely/duo_ros_ws/install/armor_detector/share/armor_detector/package.dsv
[56.416s] -- Symlinking: /home/ely/duo_ros_ws/install/armor_detector/share/ament_index/resource_index/packages/armor_detector
[56.424s] -- Symlinking: /home/ely/duo_ros_ws/install/armor_detector/share/ament_index/resource_index/rclcpp_components/armor_detector
[56.432s] -- Symlinking: /home/ely/duo_ros_ws/install/armor_detector/share/armor_detector/cmake/ament_cmake_export_dependencies-extras.cmake
[56.439s] -- Symlinking: /home/ely/duo_ros_ws/install/armor_detector/share/armor_detector/cmake/ament_cmake_export_include_directories-extras.cmake
[56.447s] -- Symlinking: /home/ely/duo_ros_ws/install/armor_detector/share/armor_detector/cmake/ament_cmake_export_libraries-extras.cmake
[56.455s] -- Symlinking: /home/ely/duo_ros_ws/install/armor_detector/share/armor_detector/cmake/armor_detectorConfig.cmake
[56.465s] -- Symlinking: /home/ely/duo_ros_ws/install/armor_detector/share/armor_detector/cmake/armor_detectorConfig-version.cmake
[56.475s] -- Symlinking: /home/ely/duo_ros_ws/install/armor_detector/share/armor_detector/package.xml
[56.485s] Invoked command in '/home/ely/duo_ros_ws/build/armor_detector' returned '0': CMAKE_PREFIX_PATH=/home/ely/duo_ros_ws/install/auto_aim_interfaces:/home/ely/duo_ros_ws/install/rm_vision_bringup:/home/ely/duo_ros_ws/install/rm_serial_driver:/home/ely/duo_ros_ws/install/rm_gimbal_description:/home/ely/duo_ros_ws/install/hik_camera:/home/ely/duo_ros_ws/install/armor_tracker:/home/ely/duo_ros_ws/install/armor_executor:/home/ely/duo_ros_ws/install/armor_detector:/opt/ros/jazzy/opt/gz_math_vendor:/opt/ros/jazzy/opt/gz_utils_vendor:/opt/ros/jazzy/opt/gz_cmake_vendor:/opt/ros/jazzy DEBUGINFOD_URLS=https://debuginfod.ubuntu.com LD_LIBRARY_PATH=/home/ely/duo_ros_ws/install/auto_aim_interfaces/lib:/home/ely/duo_ros_ws/install/rm_serial_driver/lib:/home/ely/duo_ros_ws/install/hik_camera/lib:/home/ely/duo_ros_ws/install/armor_tracker/lib:/home/ely/duo_ros_ws/install/armor_executor/lib:/home/ely/duo_ros_ws/install/armor_detector/lib:/opt/MVS/lib/64:/opt/MVS/lib/32:/opt/ros/jazzy/opt/rviz_ogre_vendor/lib:/opt/ros/jazzy/lib/x86_64-linux-gnu:/opt/ros/jazzy/opt/gz_math_vendor/lib:/opt/ros/jazzy/opt/gz_utils_vendor/lib:/opt/ros/jazzy/opt/gz_cmake_vendor/lib:/opt/ros/jazzy/lib /usr/bin/cmake --install /home/ely/duo_ros_ws/build/armor_detector
