[0.017s] Invoking command in '/home/ely/duo_ros_ws/build/hik_camera': CMAKE_PREFIX_PATH=${CMAKE_PREFIX_PATH}:/opt/ros/jazzy DEBUGINFOD_URLS=https://debuginfod.ubuntu.com /usr/bin/cmake /home/ely/duo_ros_ws/src/ros2_hik_camera -DCMAKE_BUILD_TYPE=RelWithDebInfo -DAMENT_CMAKE_SYMLINK_INSTALL=1 -DCMAKE_INSTALL_PREFIX=/home/ely/duo_ros_ws/install/hik_camera
[0.079s] -- The C compiler identification is GNU 13.3.0
[0.141s] -- The CXX compiler identification is GNU 13.3.0
[0.156s] -- Detecting C compiler ABI info
[0.234s] -- Detecting C compiler ABI info - done
[0.246s] -- Check for working C compiler: /usr/bin/cc - skipped
[0.246s] -- Detecting C compile features
[0.246s] -- Detecting C compile features - done
[0.255s] -- Detecting CXX compiler ABI info
[0.345s] -- Detecting CXX compiler ABI info - done
[0.353s] -- Check for working CXX compiler: /usr/bin/c++ - skipped
[0.353s] -- Detecting CXX compile features
[0.354s] -- Detecting CXX compile features - done
[0.355s] -- Found ament_cmake_auto: 2.5.3 (/opt/ros/jazzy/share/ament_cmake_auto/cmake)
[0.493s] -- Found Python3: /usr/bin/python3 (found version "3.12.3") found components: Interpreter 
[0.574s] -- Override CMake install command with custom implementation using symlinks instead of copying resources
[0.745s] -- Found rosidl_generator_c: 4.6.5 (/opt/ros/jazzy/share/rosidl_generator_c/cmake)
[0.758s] -- Found rosidl_generator_cpp: 4.6.5 (/opt/ros/jazzy/share/rosidl_generator_cpp/cmake)
[0.774s] -- Using all available rosidl_typesupport_c: rosidl_typesupport_fastrtps_c;rosidl_typesupport_introspection_c
[0.793s] -- Using all available rosidl_typesupport_cpp: rosidl_typesupport_fastrtps_cpp;rosidl_typesupport_introspection_cpp
[0.870s] -- Found rmw_implementation_cmake: 7.3.1 (/opt/ros/jazzy/share/rmw_implementation_cmake/cmake)
[0.872s] -- Found rmw_fastrtps_cpp: 8.4.1 (/opt/ros/jazzy/share/rmw_fastrtps_cpp/cmake)
[0.964s] -- Found OpenSSL: /usr/lib/x86_64-linux-gnu/libcrypto.so (found version "3.0.13")  
[0.989s] -- Found FastRTPS: /opt/ros/jazzy/include (Required is at least version "2.13") 
[1.021s] -- Using RMW implementation 'rmw_fastrtps_cpp' as default
[1.205s] -- Setting yaml-cpp_DIR to: '/opt/ros/jazzy/share/yaml_cpp_vendor/cmake/../../../opt/yaml_cpp_vendor/share/cmake/yaml-cpp'
[1.248s] -- Found ament_lint_auto: 0.17.1 (/opt/ros/jazzy/share/ament_lint_auto/cmake)
[1.270s] -- Added test 'cppcheck' to perform static code analysis on C / C++ code
[1.270s] -- Configured cppcheck include dirs: /home/ely/duo_ros_ws/src/ros2_hik_camera/hikSDK/include
[1.270s] -- Configured cppcheck exclude dirs and/or files: 
[1.272s] -- Added test 'flake8' to check Python code syntax and style conventions
[1.272s] -- Configured 'flake8' exclude dirs and/or files: 
[1.273s] -- Added test 'lint_cmake' to check CMake code style
[1.274s] -- Added test 'pep257' to check Python code against some of the docstring style conventions in PEP 257
[1.275s] -- Added test 'xmllint' to check XML markup files
[1.277s] -- Configuring done (1.3s)
[1.294s] -- Generating done (0.0s)
[1.299s] -- Build files have been written to: /home/ely/duo_ros_ws/build/hik_camera
[1.317s] Invoked command in '/home/ely/duo_ros_ws/build/hik_camera' returned '0': CMAKE_PREFIX_PATH=${CMAKE_PREFIX_PATH}:/opt/ros/jazzy DEBUGINFOD_URLS=https://debuginfod.ubuntu.com /usr/bin/cmake /home/ely/duo_ros_ws/src/ros2_hik_camera -DCMAKE_BUILD_TYPE=RelWithDebInfo -DAMENT_CMAKE_SYMLINK_INSTALL=1 -DCMAKE_INSTALL_PREFIX=/home/ely/duo_ros_ws/install/hik_camera
[1.318s] Invoking command in '/home/ely/duo_ros_ws/build/hik_camera': CMAKE_PREFIX_PATH=${CMAKE_PREFIX_PATH}:/opt/ros/jazzy DEBUGINFOD_URLS=https://debuginfod.ubuntu.com /usr/bin/cmake --build /home/ely/duo_ros_ws/build/hik_camera -- -j12 -l12
[1.372s] [ 25%] [32mBuilding CXX object CMakeFiles/hik_camera.dir/src/hik_camera_node.cpp.o[0m
[1.373s] [ 50%] [32mBuilding CXX object CMakeFiles/hik_camera_node.dir/rclcpp_components/node_main_hik_camera_node.cpp.o[0m
[6.948s] [ 75%] [32m[1mLinking CXX executable hik_camera_node[0m
[7.390s] [ 75%] Built target hik_camera_node
[10.456s] [100%] [32m[1mLinking CXX shared library libhik_camera.so[0m
[10.593s] [100%] Built target hik_camera
[10.604s] Invoked command in '/home/ely/duo_ros_ws/build/hik_camera' returned '0': CMAKE_PREFIX_PATH=${CMAKE_PREFIX_PATH}:/opt/ros/jazzy DEBUGINFOD_URLS=https://debuginfod.ubuntu.com /usr/bin/cmake --build /home/ely/duo_ros_ws/build/hik_camera -- -j12 -l12
[10.605s] Invoking command in '/home/ely/duo_ros_ws/build/hik_camera': CMAKE_PREFIX_PATH=${CMAKE_PREFIX_PATH}:/opt/ros/jazzy DEBUGINFOD_URLS=https://debuginfod.ubuntu.com /usr/bin/cmake --install /home/ely/duo_ros_ws/build/hik_camera
[10.611s] -- Install configuration: "RelWithDebInfo"
[10.612s] -- Execute custom install script
[10.612s] -- Symlinking: /home/ely/duo_ros_ws/install/hik_camera/lib/libFormatConversion.so
[10.620s] -- Symlinking: /home/ely/duo_ros_ws/install/hik_camera/lib/libMVRender.so
[10.629s] -- Symlinking: /home/ely/duo_ros_ws/install/hik_camera/lib/libMediaProcess.so
[10.636s] -- Symlinking: /home/ely/duo_ros_ws/install/hik_camera/lib/libMvCameraControl.so
[10.644s] -- Symlinking: /home/ely/duo_ros_ws/install/hik_camera/lib/libMvUsb3vTL.so
[10.652s] -- Symlinking: /home/ely/duo_ros_ws/install/hik_camera/lib/hik_camera/hik_camera_node
[10.661s] -- Symlinking: /home/ely/duo_ros_ws/install/hik_camera/share/hik_camera/environment/library_path.sh
[10.671s] -- Symlinking: /home/ely/duo_ros_ws/install/hik_camera/share/hik_camera/environment/library_path.dsv
[10.681s] -- Symlinking: /home/ely/duo_ros_ws/install/hik_camera/lib/libhik_camera.so
[10.689s] -- Symlinking: /home/ely/duo_ros_ws/install/hik_camera/share/hik_camera/config/camera_info.yaml
[10.697s] -- Symlinking: /home/ely/duo_ros_ws/install/hik_camera/share/hik_camera/config/camera_params.yaml
[10.705s] -- Symlinking: /home/ely/duo_ros_ws/install/hik_camera/share/hik_camera/launch/hik_camera.launch.py
[10.713s] -- Symlinking: /home/ely/duo_ros_ws/install/hik_camera/share/ament_index/resource_index/package_run_dependencies/hik_camera
[10.720s] -- Symlinking: /home/ely/duo_ros_ws/install/hik_camera/share/ament_index/resource_index/parent_prefix_path/hik_camera
[10.728s] -- Symlinking: /home/ely/duo_ros_ws/install/hik_camera/share/hik_camera/environment/ament_prefix_path.sh
[10.735s] -- Symlinking: /home/ely/duo_ros_ws/install/hik_camera/share/hik_camera/environment/ament_prefix_path.dsv
[10.743s] -- Symlinking: /home/ely/duo_ros_ws/install/hik_camera/share/hik_camera/environment/path.sh
[10.750s] -- Symlinking: /home/ely/duo_ros_ws/install/hik_camera/share/hik_camera/environment/path.dsv
[10.757s] -- Symlinking: /home/ely/duo_ros_ws/install/hik_camera/share/hik_camera/local_setup.bash
[10.766s] -- Symlinking: /home/ely/duo_ros_ws/install/hik_camera/share/hik_camera/local_setup.sh
[10.776s] -- Symlinking: /home/ely/duo_ros_ws/install/hik_camera/share/hik_camera/local_setup.zsh
[10.785s] -- Symlinking: /home/ely/duo_ros_ws/install/hik_camera/share/hik_camera/local_setup.dsv
[10.793s] -- Symlinking: /home/ely/duo_ros_ws/install/hik_camera/share/hik_camera/package.dsv
[10.800s] -- Symlinking: /home/ely/duo_ros_ws/install/hik_camera/share/ament_index/resource_index/packages/hik_camera
[10.808s] -- Symlinking: /home/ely/duo_ros_ws/install/hik_camera/share/ament_index/resource_index/rclcpp_components/hik_camera
[10.816s] -- Symlinking: /home/ely/duo_ros_ws/install/hik_camera/share/hik_camera/cmake/ament_cmake_export_dependencies-extras.cmake
[10.823s] -- Symlinking: /home/ely/duo_ros_ws/install/hik_camera/share/hik_camera/cmake/ament_cmake_export_libraries-extras.cmake
[10.830s] -- Symlinking: /home/ely/duo_ros_ws/install/hik_camera/share/hik_camera/cmake/hik_cameraConfig.cmake
[10.838s] -- Symlinking: /home/ely/duo_ros_ws/install/hik_camera/share/hik_camera/cmake/hik_cameraConfig-version.cmake
[10.845s] -- Symlinking: /home/ely/duo_ros_ws/install/hik_camera/share/hik_camera/package.xml
[10.856s] Invoked command in '/home/ely/duo_ros_ws/build/hik_camera' returned '0': CMAKE_PREFIX_PATH=${CMAKE_PREFIX_PATH}:/opt/ros/jazzy DEBUGINFOD_URLS=https://debuginfod.ubuntu.com /usr/bin/cmake --install /home/ely/duo_ros_ws/build/hik_camera
