[0.020s] Invoking command in '/home/ely/duo_ros_ws/build/armor_tracker': CMAKE_PREFIX_PATH=/home/ely/duo_ros_ws/install/armor_executor:/home/ely/duo_ros_ws/install/auto_aim_interfaces:/home/ely/duo_ros_ws/install/rm_vision_bringup:/home/ely/duo_ros_ws/install/rm_serial_driver:/home/ely/duo_ros_ws/install/rm_gimbal_description:/home/ely/duo_ros_ws/install/hik_camera:/home/ely/duo_ros_ws/install/armor_tracker:/home/ely/duo_ros_ws/install/armor_detector:/opt/ros/jazzy/opt/gz_math_vendor:/opt/ros/jazzy/opt/gz_utils_vendor:/opt/ros/jazzy/opt/gz_cmake_vendor:/opt/ros/jazzy DEBUGINFOD_URLS=https://debuginfod.ubuntu.com LD_LIBRARY_PATH=/home/ely/duo_ros_ws/install/armor_executor/lib:/home/ely/duo_ros_ws/install/auto_aim_interfaces/lib:/home/ely/duo_ros_ws/install/rm_serial_driver/lib:/home/ely/duo_ros_ws/install/hik_camera/lib:/home/ely/duo_ros_ws/install/armor_tracker/lib:/home/ely/duo_ros_ws/install/armor_detector/lib:/opt/MVS/lib/64:/opt/MVS/lib/32:/opt/ros/jazzy/opt/rviz_ogre_vendor/lib:/opt/ros/jazzy/lib/x86_64-linux-gnu:/opt/ros/jazzy/opt/gz_math_vendor/lib:/opt/ros/jazzy/opt/gz_utils_vendor/lib:/opt/ros/jazzy/opt/gz_cmake_vendor/lib:/opt/ros/jazzy/lib /usr/bin/cmake --build /home/ely/duo_ros_ws/build/armor_tracker -- -j12 -l12
[0.109s] [ 33%] Built target armor_tracker_node
[0.116s] [ 50%] [32m[1mLinking CXX shared library libarmor_tracker.so[0m
[1.102s] [100%] Built target armor_tracker
[1.116s] Invoked command in '/home/ely/duo_ros_ws/build/armor_tracker' returned '0': CMAKE_PREFIX_PATH=/home/ely/duo_ros_ws/install/armor_executor:/home/ely/duo_ros_ws/install/auto_aim_interfaces:/home/ely/duo_ros_ws/install/rm_vision_bringup:/home/ely/duo_ros_ws/install/rm_serial_driver:/home/ely/duo_ros_ws/install/rm_gimbal_description:/home/ely/duo_ros_ws/install/hik_camera:/home/ely/duo_ros_ws/install/armor_tracker:/home/ely/duo_ros_ws/install/armor_detector:/opt/ros/jazzy/opt/gz_math_vendor:/opt/ros/jazzy/opt/gz_utils_vendor:/opt/ros/jazzy/opt/gz_cmake_vendor:/opt/ros/jazzy DEBUGINFOD_URLS=https://debuginfod.ubuntu.com LD_LIBRARY_PATH=/home/ely/duo_ros_ws/install/armor_executor/lib:/home/ely/duo_ros_ws/install/auto_aim_interfaces/lib:/home/ely/duo_ros_ws/install/rm_serial_driver/lib:/home/ely/duo_ros_ws/install/hik_camera/lib:/home/ely/duo_ros_ws/install/armor_tracker/lib:/home/ely/duo_ros_ws/install/armor_detector/lib:/opt/MVS/lib/64:/opt/MVS/lib/32:/opt/ros/jazzy/opt/rviz_ogre_vendor/lib:/opt/ros/jazzy/lib/x86_64-linux-gnu:/opt/ros/jazzy/opt/gz_math_vendor/lib:/opt/ros/jazzy/opt/gz_utils_vendor/lib:/opt/ros/jazzy/opt/gz_cmake_vendor/lib:/opt/ros/jazzy/lib /usr/bin/cmake --build /home/ely/duo_ros_ws/build/armor_tracker -- -j12 -l12
[1.118s] Invoking command in '/home/ely/duo_ros_ws/build/armor_tracker': CMAKE_PREFIX_PATH=/home/ely/duo_ros_ws/install/armor_executor:/home/ely/duo_ros_ws/install/auto_aim_interfaces:/home/ely/duo_ros_ws/install/rm_vision_bringup:/home/ely/duo_ros_ws/install/rm_serial_driver:/home/ely/duo_ros_ws/install/rm_gimbal_description:/home/ely/duo_ros_ws/install/hik_camera:/home/ely/duo_ros_ws/install/armor_tracker:/home/ely/duo_ros_ws/install/armor_detector:/opt/ros/jazzy/opt/gz_math_vendor:/opt/ros/jazzy/opt/gz_utils_vendor:/opt/ros/jazzy/opt/gz_cmake_vendor:/opt/ros/jazzy DEBUGINFOD_URLS=https://debuginfod.ubuntu.com LD_LIBRARY_PATH=/home/ely/duo_ros_ws/install/armor_executor/lib:/home/ely/duo_ros_ws/install/auto_aim_interfaces/lib:/home/ely/duo_ros_ws/install/rm_serial_driver/lib:/home/ely/duo_ros_ws/install/hik_camera/lib:/home/ely/duo_ros_ws/install/armor_tracker/lib:/home/ely/duo_ros_ws/install/armor_detector/lib:/opt/MVS/lib/64:/opt/MVS/lib/32:/opt/ros/jazzy/opt/rviz_ogre_vendor/lib:/opt/ros/jazzy/lib/x86_64-linux-gnu:/opt/ros/jazzy/opt/gz_math_vendor/lib:/opt/ros/jazzy/opt/gz_utils_vendor/lib:/opt/ros/jazzy/opt/gz_cmake_vendor/lib:/opt/ros/jazzy/lib /usr/bin/cmake --install /home/ely/duo_ros_ws/build/armor_tracker
[1.130s] -- Install configuration: "RelWithDebInfo"
[1.131s] -- Execute custom install script
[1.131s] -- Up-to-date symlink: /home/ely/duo_ros_ws/install/armor_tracker/lib/armor_tracker/armor_tracker_node
[1.132s] -- Up-to-date symlink: /home/ely/duo_ros_ws/install/armor_tracker/include/armor_tracker/extended_kalman_filter.hpp
[1.132s] -- Up-to-date symlink: /home/ely/duo_ros_ws/install/armor_tracker/include/armor_tracker/tracker.hpp
[1.132s] -- Up-to-date symlink: /home/ely/duo_ros_ws/install/armor_tracker/include/armor_tracker/tracker_node.hpp
[1.133s] -- Up-to-date symlink: /home/ely/duo_ros_ws/install/armor_tracker/share/armor_tracker/environment/library_path.sh
[1.134s] -- Up-to-date symlink: /home/ely/duo_ros_ws/install/armor_tracker/share/armor_tracker/environment/library_path.dsv
[1.134s] -- Up-to-date symlink: /home/ely/duo_ros_ws/install/armor_tracker/lib/libarmor_tracker.so
[1.134s] -- Up-to-date symlink: /home/ely/duo_ros_ws/install/armor_tracker/share/ament_index/resource_index/package_run_dependencies/armor_tracker
[1.135s] -- Up-to-date symlink: /home/ely/duo_ros_ws/install/armor_tracker/share/ament_index/resource_index/parent_prefix_path/armor_tracker
[1.136s] -- Up-to-date symlink: /home/ely/duo_ros_ws/install/armor_tracker/share/armor_tracker/environment/ament_prefix_path.sh
[1.136s] -- Up-to-date symlink: /home/ely/duo_ros_ws/install/armor_tracker/share/armor_tracker/environment/ament_prefix_path.dsv
[1.136s] -- Up-to-date symlink: /home/ely/duo_ros_ws/install/armor_tracker/share/armor_tracker/environment/path.sh
[1.136s] -- Up-to-date symlink: /home/ely/duo_ros_ws/install/armor_tracker/share/armor_tracker/environment/path.dsv
[1.136s] -- Up-to-date symlink: /home/ely/duo_ros_ws/install/armor_tracker/share/armor_tracker/local_setup.bash
[1.136s] -- Up-to-date symlink: /home/ely/duo_ros_ws/install/armor_tracker/share/armor_tracker/local_setup.sh
[1.137s] -- Up-to-date symlink: /home/ely/duo_ros_ws/install/armor_tracker/share/armor_tracker/local_setup.zsh
[1.137s] -- Up-to-date symlink: /home/ely/duo_ros_ws/install/armor_tracker/share/armor_tracker/local_setup.dsv
[1.137s] -- Symlinking: /home/ely/duo_ros_ws/install/armor_tracker/share/armor_tracker/package.dsv
[1.152s] -- Up-to-date symlink: /home/ely/duo_ros_ws/install/armor_tracker/share/ament_index/resource_index/packages/armor_tracker
[1.153s] -- Up-to-date symlink: /home/ely/duo_ros_ws/install/armor_tracker/share/ament_index/resource_index/rclcpp_components/armor_tracker
[1.156s] -- Up-to-date symlink: /home/ely/duo_ros_ws/install/armor_tracker/share/armor_tracker/cmake/ament_cmake_export_dependencies-extras.cmake
[1.156s] -- Up-to-date symlink: /home/ely/duo_ros_ws/install/armor_tracker/share/armor_tracker/cmake/ament_cmake_export_include_directories-extras.cmake
[1.156s] -- Up-to-date symlink: /home/ely/duo_ros_ws/install/armor_tracker/share/armor_tracker/cmake/ament_cmake_export_libraries-extras.cmake
[1.156s] -- Up-to-date symlink: /home/ely/duo_ros_ws/install/armor_tracker/share/armor_tracker/cmake/armor_trackerConfig.cmake
[1.156s] -- Up-to-date symlink: /home/ely/duo_ros_ws/install/armor_tracker/share/armor_tracker/cmake/armor_trackerConfig-version.cmake
[1.157s] -- Up-to-date symlink: /home/ely/duo_ros_ws/install/armor_tracker/share/armor_tracker/package.xml
[1.162s] Invoked command in '/home/ely/duo_ros_ws/build/armor_tracker' returned '0': CMAKE_PREFIX_PATH=/home/ely/duo_ros_ws/install/armor_executor:/home/ely/duo_ros_ws/install/auto_aim_interfaces:/home/ely/duo_ros_ws/install/rm_vision_bringup:/home/ely/duo_ros_ws/install/rm_serial_driver:/home/ely/duo_ros_ws/install/rm_gimbal_description:/home/ely/duo_ros_ws/install/hik_camera:/home/ely/duo_ros_ws/install/armor_tracker:/home/ely/duo_ros_ws/install/armor_detector:/opt/ros/jazzy/opt/gz_math_vendor:/opt/ros/jazzy/opt/gz_utils_vendor:/opt/ros/jazzy/opt/gz_cmake_vendor:/opt/ros/jazzy DEBUGINFOD_URLS=https://debuginfod.ubuntu.com LD_LIBRARY_PATH=/home/ely/duo_ros_ws/install/armor_executor/lib:/home/ely/duo_ros_ws/install/auto_aim_interfaces/lib:/home/ely/duo_ros_ws/install/rm_serial_driver/lib:/home/ely/duo_ros_ws/install/hik_camera/lib:/home/ely/duo_ros_ws/install/armor_tracker/lib:/home/ely/duo_ros_ws/install/armor_detector/lib:/opt/MVS/lib/64:/opt/MVS/lib/32:/opt/ros/jazzy/opt/rviz_ogre_vendor/lib:/opt/ros/jazzy/lib/x86_64-linux-gnu:/opt/ros/jazzy/opt/gz_math_vendor/lib:/opt/ros/jazzy/opt/gz_utils_vendor/lib:/opt/ros/jazzy/opt/gz_cmake_vendor/lib:/opt/ros/jazzy/lib /usr/bin/cmake --install /home/ely/duo_ros_ws/build/armor_tracker
