[0.015s] Invoking command in '/home/ely/duo_ros_ws/build/rm_serial_driver': CMAKE_PREFIX_PATH=/home/ely/duo_ros_ws/install/auto_aim_interfaces:/home/ely/duo_ros_ws/install/rm_vision_bringup:/home/ely/duo_ros_ws/install/rm_serial_driver:/home/ely/duo_ros_ws/install/rm_gimbal_description:/home/ely/duo_ros_ws/install/hik_camera:/home/ely/duo_ros_ws/install/armor_tracker:/home/ely/duo_ros_ws/install/armor_executor:/home/ely/duo_ros_ws/install/armor_detector:/opt/ros/jazzy/opt/gz_math_vendor:/opt/ros/jazzy/opt/gz_utils_vendor:/opt/ros/jazzy/opt/gz_cmake_vendor:/opt/ros/jazzy DEBUGINFOD_URLS=https://debuginfod.ubuntu.com LD_LIBRARY_PATH=/home/ely/duo_ros_ws/install/auto_aim_interfaces/lib:/home/ely/duo_ros_ws/install/rm_serial_driver/lib:/home/ely/duo_ros_ws/install/hik_camera/lib:/home/ely/duo_ros_ws/install/armor_tracker/lib:/home/ely/duo_ros_ws/install/armor_executor/lib:/home/ely/duo_ros_ws/install/armor_detector/lib:/opt/MVS/lib/64:/opt/MVS/lib/32:/opt/ros/jazzy/opt/rviz_ogre_vendor/lib:/opt/ros/jazzy/lib/x86_64-linux-gnu:/opt/ros/jazzy/opt/gz_math_vendor/lib:/opt/ros/jazzy/opt/gz_utils_vendor/lib:/opt/ros/jazzy/opt/gz_cmake_vendor/lib:/opt/ros/jazzy/lib /usr/bin/cmake --build /home/ely/duo_ros_ws/build/rm_serial_driver -- -j12 -l12
[0.098s] [ 40%] Built target rm_serial_driver_node
[0.107s] [100%] Built target rm_serial_driver
[0.123s] Invoked command in '/home/ely/duo_ros_ws/build/rm_serial_driver' returned '0': CMAKE_PREFIX_PATH=/home/ely/duo_ros_ws/install/auto_aim_interfaces:/home/ely/duo_ros_ws/install/rm_vision_bringup:/home/ely/duo_ros_ws/install/rm_serial_driver:/home/ely/duo_ros_ws/install/rm_gimbal_description:/home/ely/duo_ros_ws/install/hik_camera:/home/ely/duo_ros_ws/install/armor_tracker:/home/ely/duo_ros_ws/install/armor_executor:/home/ely/duo_ros_ws/install/armor_detector:/opt/ros/jazzy/opt/gz_math_vendor:/opt/ros/jazzy/opt/gz_utils_vendor:/opt/ros/jazzy/opt/gz_cmake_vendor:/opt/ros/jazzy DEBUGINFOD_URLS=https://debuginfod.ubuntu.com LD_LIBRARY_PATH=/home/ely/duo_ros_ws/install/auto_aim_interfaces/lib:/home/ely/duo_ros_ws/install/rm_serial_driver/lib:/home/ely/duo_ros_ws/install/hik_camera/lib:/home/ely/duo_ros_ws/install/armor_tracker/lib:/home/ely/duo_ros_ws/install/armor_executor/lib:/home/ely/duo_ros_ws/install/armor_detector/lib:/opt/MVS/lib/64:/opt/MVS/lib/32:/opt/ros/jazzy/opt/rviz_ogre_vendor/lib:/opt/ros/jazzy/lib/x86_64-linux-gnu:/opt/ros/jazzy/opt/gz_math_vendor/lib:/opt/ros/jazzy/opt/gz_utils_vendor/lib:/opt/ros/jazzy/opt/gz_cmake_vendor/lib:/opt/ros/jazzy/lib /usr/bin/cmake --build /home/ely/duo_ros_ws/build/rm_serial_driver -- -j12 -l12
[0.123s] Invoking command in '/home/ely/duo_ros_ws/build/rm_serial_driver': CMAKE_PREFIX_PATH=/home/ely/duo_ros_ws/install/auto_aim_interfaces:/home/ely/duo_ros_ws/install/rm_vision_bringup:/home/ely/duo_ros_ws/install/rm_serial_driver:/home/ely/duo_ros_ws/install/rm_gimbal_description:/home/ely/duo_ros_ws/install/hik_camera:/home/ely/duo_ros_ws/install/armor_tracker:/home/ely/duo_ros_ws/install/armor_executor:/home/ely/duo_ros_ws/install/armor_detector:/opt/ros/jazzy/opt/gz_math_vendor:/opt/ros/jazzy/opt/gz_utils_vendor:/opt/ros/jazzy/opt/gz_cmake_vendor:/opt/ros/jazzy DEBUGINFOD_URLS=https://debuginfod.ubuntu.com LD_LIBRARY_PATH=/home/ely/duo_ros_ws/install/auto_aim_interfaces/lib:/home/ely/duo_ros_ws/install/rm_serial_driver/lib:/home/ely/duo_ros_ws/install/hik_camera/lib:/home/ely/duo_ros_ws/install/armor_tracker/lib:/home/ely/duo_ros_ws/install/armor_executor/lib:/home/ely/duo_ros_ws/install/armor_detector/lib:/opt/MVS/lib/64:/opt/MVS/lib/32:/opt/ros/jazzy/opt/rviz_ogre_vendor/lib:/opt/ros/jazzy/lib/x86_64-linux-gnu:/opt/ros/jazzy/opt/gz_math_vendor/lib:/opt/ros/jazzy/opt/gz_utils_vendor/lib:/opt/ros/jazzy/opt/gz_cmake_vendor/lib:/opt/ros/jazzy/lib /usr/bin/cmake --install /home/ely/duo_ros_ws/build/rm_serial_driver
[0.132s] -- Install configuration: "RelWithDebInfo"
[0.133s] -- Execute custom install script
[0.133s] -- Up-to-date symlink: /home/ely/duo_ros_ws/install/rm_serial_driver/lib/rm_serial_driver/rm_serial_driver_node
[0.134s] -- Up-to-date symlink: /home/ely/duo_ros_ws/install/rm_serial_driver/include/rm_serial_driver/.vscode/c_cpp_properties.json
[0.134s] -- Up-to-date symlink: /home/ely/duo_ros_ws/install/rm_serial_driver/include/rm_serial_driver/.vscode/settings.json
[0.134s] -- Up-to-date symlink: /home/ely/duo_ros_ws/install/rm_serial_driver/include/rm_serial_driver/crc.hpp
[0.134s] -- Up-to-date symlink: /home/ely/duo_ros_ws/install/rm_serial_driver/include/rm_serial_driver/packet.hpp
[0.134s] -- Up-to-date symlink: /home/ely/duo_ros_ws/install/rm_serial_driver/include/rm_serial_driver/rm_serial_driver.hpp
[0.135s] -- Up-to-date symlink: /home/ely/duo_ros_ws/install/rm_serial_driver/share/rm_serial_driver/environment/library_path.sh
[0.135s] -- Up-to-date symlink: /home/ely/duo_ros_ws/install/rm_serial_driver/share/rm_serial_driver/environment/library_path.dsv
[0.135s] -- Up-to-date symlink: /home/ely/duo_ros_ws/install/rm_serial_driver/lib/librm_serial_driver.so
[0.135s] -- Up-to-date symlink: /home/ely/duo_ros_ws/install/rm_serial_driver/share/rm_serial_driver/config/serial_driver.yaml
[0.136s] -- Up-to-date symlink: /home/ely/duo_ros_ws/install/rm_serial_driver/share/rm_serial_driver/launch/serial_driver.launch.py
[0.136s] -- Up-to-date symlink: /home/ely/duo_ros_ws/install/rm_serial_driver/share/ament_index/resource_index/package_run_dependencies/rm_serial_driver
[0.136s] -- Up-to-date symlink: /home/ely/duo_ros_ws/install/rm_serial_driver/share/ament_index/resource_index/parent_prefix_path/rm_serial_driver
[0.136s] -- Up-to-date symlink: /home/ely/duo_ros_ws/install/rm_serial_driver/share/rm_serial_driver/environment/ament_prefix_path.sh
[0.136s] -- Up-to-date symlink: /home/ely/duo_ros_ws/install/rm_serial_driver/share/rm_serial_driver/environment/ament_prefix_path.dsv
[0.136s] -- Up-to-date symlink: /home/ely/duo_ros_ws/install/rm_serial_driver/share/rm_serial_driver/environment/path.sh
[0.137s] -- Up-to-date symlink: /home/ely/duo_ros_ws/install/rm_serial_driver/share/rm_serial_driver/environment/path.dsv
[0.137s] -- Up-to-date symlink: /home/ely/duo_ros_ws/install/rm_serial_driver/share/rm_serial_driver/local_setup.bash
[0.137s] -- Up-to-date symlink: /home/ely/duo_ros_ws/install/rm_serial_driver/share/rm_serial_driver/local_setup.sh
[0.138s] -- Up-to-date symlink: /home/ely/duo_ros_ws/install/rm_serial_driver/share/rm_serial_driver/local_setup.zsh
[0.138s] -- Up-to-date symlink: /home/ely/duo_ros_ws/install/rm_serial_driver/share/rm_serial_driver/local_setup.dsv
[0.138s] -- Symlinking: /home/ely/duo_ros_ws/install/rm_serial_driver/share/rm_serial_driver/package.dsv
[0.148s] -- Up-to-date symlink: /home/ely/duo_ros_ws/install/rm_serial_driver/share/ament_index/resource_index/packages/rm_serial_driver
[0.148s] -- Up-to-date symlink: /home/ely/duo_ros_ws/install/rm_serial_driver/share/ament_index/resource_index/rclcpp_components/rm_serial_driver
[0.148s] -- Up-to-date symlink: /home/ely/duo_ros_ws/install/rm_serial_driver/share/rm_serial_driver/cmake/ament_cmake_export_dependencies-extras.cmake
[0.148s] -- Up-to-date symlink: /home/ely/duo_ros_ws/install/rm_serial_driver/share/rm_serial_driver/cmake/ament_cmake_export_include_directories-extras.cmake
[0.149s] -- Up-to-date symlink: /home/ely/duo_ros_ws/install/rm_serial_driver/share/rm_serial_driver/cmake/ament_cmake_export_libraries-extras.cmake
[0.149s] -- Up-to-date symlink: /home/ely/duo_ros_ws/install/rm_serial_driver/share/rm_serial_driver/cmake/rm_serial_driverConfig.cmake
[0.149s] -- Up-to-date symlink: /home/ely/duo_ros_ws/install/rm_serial_driver/share/rm_serial_driver/cmake/rm_serial_driverConfig-version.cmake
[0.149s] -- Up-to-date symlink: /home/ely/duo_ros_ws/install/rm_serial_driver/share/rm_serial_driver/package.xml
[0.151s] Invoked command in '/home/ely/duo_ros_ws/build/rm_serial_driver' returned '0': CMAKE_PREFIX_PATH=/home/ely/duo_ros_ws/install/auto_aim_interfaces:/home/ely/duo_ros_ws/install/rm_vision_bringup:/home/ely/duo_ros_ws/install/rm_serial_driver:/home/ely/duo_ros_ws/install/rm_gimbal_description:/home/ely/duo_ros_ws/install/hik_camera:/home/ely/duo_ros_ws/install/armor_tracker:/home/ely/duo_ros_ws/install/armor_executor:/home/ely/duo_ros_ws/install/armor_detector:/opt/ros/jazzy/opt/gz_math_vendor:/opt/ros/jazzy/opt/gz_utils_vendor:/opt/ros/jazzy/opt/gz_cmake_vendor:/opt/ros/jazzy DEBUGINFOD_URLS=https://debuginfod.ubuntu.com LD_LIBRARY_PATH=/home/ely/duo_ros_ws/install/auto_aim_interfaces/lib:/home/ely/duo_ros_ws/install/rm_serial_driver/lib:/home/ely/duo_ros_ws/install/hik_camera/lib:/home/ely/duo_ros_ws/install/armor_tracker/lib:/home/ely/duo_ros_ws/install/armor_executor/lib:/home/ely/duo_ros_ws/install/armor_detector/lib:/opt/MVS/lib/64:/opt/MVS/lib/32:/opt/ros/jazzy/opt/rviz_ogre_vendor/lib:/opt/ros/jazzy/lib/x86_64-linux-gnu:/opt/ros/jazzy/opt/gz_math_vendor/lib:/opt/ros/jazzy/opt/gz_utils_vendor/lib:/opt/ros/jazzy/opt/gz_cmake_vendor/lib:/opt/ros/jazzy/lib /usr/bin/cmake --install /home/ely/duo_ros_ws/build/rm_serial_driver
